RR Monitoring Started at Tue Aug  5 11:33:29 AM IST 2025
================================================
Timestamp,Domain,Run,Type,TW6,TW7,TW8,TW9,TW10,TW11,TW12,TW13,TW14,TW19,TW20,TW21,TW22_ANS_decrypt_end,TW22,TW23,TW24,RR_RTT_ms,PowerDNS_RTT_ms,ANS_RTT_ms,Status

2025-08-05 11:34:15,roydns.xyz,1,Custom,1754373848.114377,1754373848.114740,1754373848.122870,,1754373848.122913,,,,,1754373848.123521,,,,1754373848.123554,1754373848.125611,1754373848.125615,11.32,0.62,,SUCCESS
2025-08-05 11:34:15,roydns.xyz,2,Custom,1754373851.327453,1754373851.327672,1754373851.335592,,1754373851.335667,,,,,1754373851.336295,,,,1754373851.336339,1754373851.339262,1754373851.339272,11.92,0.64,,SUCCESS
2025-08-05 11:34:27,roydns.xyz,3,Custom,1754373854.551527,1754373854.551834,1754373854.562001,,1754373854.562050,,,,,1754373854.562740,,,,1754373854.562800,1754373854.566428,1754373854.566445,15.17,0.72,,SUCCESS
2025-08-05 11:34:28,roydns.xyz,4,Custom,1754373857.789285,1754373857.789432,1754373857.796805,,1754373857.796837,,,,,1754373857.797436,,,,1754373857.797487,1754373857.800212,1754373857.800229,11.04,0.62,,SUCCESS
2025-08-05 11:34:28,roydns.xyz,5,Custom,1754373861.005872,1754373861.006048,1754373861.012269,,1754373861.012313,,,,,1754373861.012810,,,,1754373861.012846,1754373861.015374,1754373861.015380,9.60,0.51,,SUCCESS
2025-08-05 11:34:29,roydns.xyz,6,Custom,1754373864.229579,1754373864.229815,1754373864.238889,,1754373864.238922,,,,,1754373864.239555,,,,1754373864.239607,1754373864.242523,1754373864.242532,13.05,0.66,,SUCCESS
2025-08-05 11:34:37,roydns.xyz,7,Custom,1754373867.476877,1754373867.477368,1754373867.484061,,1754373867.484100,,,,,1754373867.484673,,,,1754373867.484706,1754373867.486935,1754373867.486948,10.15,0.58,,SUCCESS
2025-08-05 11:34:38,roydns.xyz,8,Custom,1754373870.693945,1754373870.694293,1754373870.698759,,1754373870.698797,,,,,1754373870.699371,,,,1754373870.699402,1754373870.701361,1754373870.701366,7.49,0.59,,SUCCESS
2025-08-05 11:34:39,roydns.xyz,9,Custom,1754373873.923582,1754373873.923808,1754373873.929899,,1754373873.929943,,,,,1754373873.930487,,,,1754373873.930523,1754373873.933028,1754373873.933033,9.54,0.56,,SUCCESS
2025-08-05 11:34:47,roydns.xyz,10,Custom,1754373877.147813,1754373877.148197,1754373877.153368,,1754373877.153405,,,,,1754373877.153924,,,,1754373877.153958,1754373877.156120,1754373877.156126,8.41,0.53,,SUCCESS
2025-08-05 11:34:47,roydns.xyz,11,Custom,1754373880.362285,1754373880.362527,1754373880.366097,,1754373880.366126,,,,,1754373880.366602,,,,1754373880.366637,1754373880.369390,1754373880.369394,7.19,0.49,,SUCCESS
2025-08-05 11:34:48,roydns.xyz,12,Custom,1754373883.574692,1754373883.574896,1754373883.582133,,1754373883.582169,,,,,1754373883.582684,,,,1754373883.582713,1754373883.584679,1754373883.584683,10.07,0.53,,SUCCESS
2025-08-05 11:34:56,roydns.xyz,13,Custom,1754373886.807072,1754373886.807446,1754373886.815162,,1754373886.815196,,,,,1754373886.815789,,,,1754373886.815841,1754373886.818462,1754373886.818468,11.48,0.61,,SUCCESS
2025-08-05 11:34:57,roydns.xyz,14,Custom,1754373890.026095,1754373890.026392,1754373890.031664,,1754373890.031704,,,,,1754373890.032261,,,,1754373890.032293,1754373890.034431,1754373890.034446,8.43,0.57,,SUCCESS
2025-08-05 11:34:58,roydns.xyz,15,Custom,1754373893.238373,1754373893.238661,1754373893.246357,,1754373893.246387,,,,,1754373893.246996,,,,1754373893.247122,1754373893.249780,1754373893.249791,11.52,0.70,,SUCCESS
2025-08-05 11:35:06,roydns.xyz,16,Custom,1754373896.460838,1754373896.461074,1754373896.465802,,1754373896.465844,,,,,1754373896.466418,,,,1754373896.466453,1754373896.468735,1754373896.468740,7.98,0.58,,SUCCESS
2025-08-05 11:35:07,roydns.xyz,17,Custom,1754373899.698857,1754373899.699125,1754373899.705086,,1754373899.705127,,,,,1754373899.705671,,,,1754373899.705707,1754373899.707959,1754373899.707964,9.22,0.56,,SUCCESS
2025-08-05 11:35:07,roydns.xyz,18,Custom,1754373902.938267,1754373902.938528,1754373902.942527,,1754373902.942565,,,,,1754373902.943041,,,,1754373902.943056,1754373902.944850,1754373902.944853,6.65,0.48,,SUCCESS
2025-08-05 11:35:16,roydns.xyz,19,Custom,1754373906.145039,1754373906.145202,1754373906.150798,,1754373906.150939,,,,,1754373906.151614,,,,1754373906.151653,1754373906.153654,1754373906.153658,8.71,0.69,,SUCCESS
2025-08-05 11:35:16,roydns.xyz,20,Custom,1754373909.344721,1754373909.344922,1754373909.350574,,1754373909.350612,,,,,1754373909.351173,,,,1754373909.351202,1754373909.353163,1754373909.353167,8.52,0.57,,SUCCESS
2025-08-05 11:35:17,roydns.xyz,21,Custom,1754373912.566761,1754373912.566982,1754373912.574900,,1754373912.574937,,,,,1754373912.575492,,,,1754373912.575524,1754373912.577513,1754373912.577518,10.84,0.57,,SUCCESS
2025-08-05 11:35:25,roydns.xyz,22,Custom,1754373915.786607,1754373915.786833,1754373915.796619,,1754373915.796652,,,,,1754373915.797254,,,,1754373915.797437,1754373915.800122,1754373915.800128,13.60,0.63,,SUCCESS
2025-08-05 11:35:26,roydns.xyz,23,Custom,1754373919.007039,1754373919.007186,1754373919.014780,,1754373919.014819,,,,,1754373919.015376,,,,1754373919.015409,1754373919.017395,1754373919.017399,10.44,0.57,,SUCCESS
2025-08-05 11:35:27,roydns.xyz,24,Custom,1754373922.228909,1754373922.229171,1754373922.235395,,1754373922.235436,,,,,1754373922.236004,,,,1754373922.236079,1754373922.238371,1754373922.238375,9.55,0.62,,SUCCESS
2025-08-05 11:35:38,roydns.xyz,25,Custom,1754373925.463662,1754373925.463897,1754373925.470669,,1754373925.470709,,,,,1754373925.471285,,,,1754373925.471320,1754373925.473610,1754373925.473710,10.16,0.59,,SUCCESS
2025-08-05 11:35:39,roydns.xyz,26,Custom,1754373928.672099,1754373928.672388,1754373928.676131,,1754373928.676167,,,,,1754373928.676718,,,,1754373928.676751,1754373928.678619,1754373928.678623,6.61,0.56,,SUCCESS
2025-08-05 11:35:39,roydns.xyz,27,Custom,1754373931.902362,1754373931.902642,1754373931.907464,,1754373931.907496,,,,,1754373931.908093,,,,1754373931.908129,1754373931.910712,1754373931.910717,8.45,0.61,,SUCCESS
2025-08-05 11:35:40,roydns.xyz,28,Custom,1754373935.138773,1754373935.139040,1754373935.145278,,1754373935.145329,,,,,1754373935.145909,,,,1754373935.145946,1754373935.148640,1754373935.148649,9.97,0.59,,SUCCESS
2025-08-05 11:35:48,roydns.xyz,29,Custom,1754373938.358200,1754373938.358604,1754373938.364648,,1754373938.364685,,,,,1754373938.365177,,,,1754373938.365198,1754373938.367125,1754373938.367130,9.01,0.50,,SUCCESS
2025-08-05 11:35:49,roydns.xyz,30,Custom,1754373941.575391,1754373941.575591,1754373941.583408,,1754373941.583441,,,,,1754373941.583958,,,,1754373941.584003,1754373941.586084,1754373941.586089,10.78,0.53,,SUCCESS
2025-08-05 11:35:49,roydns.xyz,31,Custom,1754373944.807949,1754373944.808151,1754373944.814948,,1754373944.814986,,,,,1754373944.815541,,,,1754373944.815574,1754373944.817573,1754373944.817577,9.71,0.57,,SUCCESS
2025-08-05 11:35:58,roydns.xyz,32,Custom,1754373948.023686,1754373948.024062,1754373948.032633,,1754373948.032666,,,,,1754373948.033283,,,,1754373948.033342,1754373948.035573,1754373948.035578,11.97,0.65,,SUCCESS
2025-08-05 11:35:58,roydns.xyz,33,Custom,1754373951.244049,1754373951.244207,1754373951.253446,,1754373951.253479,,,,,1754373951.254082,,,,1754373951.254132,1754373951.256753,1754373951.256757,12.80,0.62,,SUCCESS
2025-08-05 11:35:59,roydns.xyz,34,Custom,1754373954.467924,1754373954.468267,1754373954.473067,,1754373954.473107,,,,,1754373954.473699,,,,1754373954.473736,1754373954.476243,1754373954.476249,8.43,0.61,,SUCCESS
2025-08-05 11:36:07,roydns.xyz,35,Custom,1754373957.679283,1754373957.679710,1754373957.686536,,1754373957.686575,,,,,1754373957.687122,,,,1754373957.687162,1754373957.689911,1754373957.689917,10.72,0.56,,SUCCESS
2025-08-05 11:36:08,roydns.xyz,36,Custom,1754373960.895766,1754373960.895919,1754373960.900310,,1754373960.900348,,,,,1754373960.900833,,,,1754373960.900863,1754373960.902992,1754373960.903001,7.34,0.49,,SUCCESS
2025-08-05 11:36:09,roydns.xyz,37,Custom,1754373964.104851,1754373964.105003,1754373964.112737,,1754373964.112769,,,,,1754373964.113286,,,,1754373964.113334,1754373964.115901,1754373964.115908,11.15,0.54,,SUCCESS
2025-08-05 11:36:17,roydns.xyz,38,Custom,1754373967.309738,1754373967.309927,1754373967.316264,,1754373967.316302,,,,,1754373967.316839,,,,1754373967.316875,1754373967.318833,1754373967.318838,9.17,0.55,,SUCCESS
2025-08-05 11:36:18,roydns.xyz,39,Custom,1754373970.508997,1754373970.509168,1754373970.516890,,1754373970.516922,,,,,1754373970.517506,,,,1754373970.517555,1754373970.520190,1754373970.520196,11.29,0.61,,SUCCESS
2025-08-05 11:36:18,roydns.xyz,40,Custom,1754373973.719743,1754373973.719968,1754373973.728777,,1754373973.728806,,,,,1754373973.729432,,,,1754373973.729487,1754373973.732188,1754373973.732193,12.55,0.65,,SUCCESS
2025-08-05 11:36:26,roydns.xyz,41,Custom,1754373976.931651,1754373976.931847,1754373976.935986,,1754373976.936150,,,,,1754373976.936721,,,,1754373976.936754,1754373976.938767,1754373976.938771,7.19,0.58,,SUCCESS
2025-08-05 11:36:27,roydns.xyz,42,Custom,1754373980.137325,1754373980.137560,1754373980.142167,,1754373980.142207,,,,,1754373980.142787,,,,1754373980.142826,1754373980.145499,1754373980.145504,8.27,0.59,,SUCCESS
2025-08-05 11:36:28,roydns.xyz,43,Custom,1754373983.349316,1754373983.349555,1754373983.357537,,1754373983.357575,,,,,1754373983.358156,,,,1754373983.358192,1754373983.360881,1754373983.360886,11.65,0.60,,SUCCESS
2025-08-05 11:36:36,roydns.xyz,44,Custom,1754373986.565063,1754373986.565317,1754373986.571089,,1754373986.571132,,,,,1754373986.571576,,,,1754373986.571709,1754373986.574128,1754373986.574133,9.15,0.45,,SUCCESS
2025-08-05 11:36:37,roydns.xyz,45,Custom,1754373989.765236,1754373989.765485,1754373989.771739,,1754373989.771775,,,,,1754373989.772304,,,,1754373989.772337,1754373989.774338,1754373989.774343,9.18,0.54,,SUCCESS
2025-08-05 11:36:37,roydns.xyz,46,Custom,1754373992.970460,1754373992.970708,1754373992.977971,,1754373992.978005,,,,,1754373992.978522,,,,1754373992.978553,1754373992.980528,1754373992.980532,10.15,0.51,,SUCCESS
=== RR MONITORING SUMMARY ===
Total requests processed: 46
Successful requests: 46
Custom domain requests: 46
Global domain requests: 0
Monitoring ended at: Tue Aug  5 11:37:11 AM IST 2025
