RR Monitoring Started at Tue Aug  5 11:14:27 AM IST 2025
================================================
Timestamp,Domain,Run,Type,TW6,TW7,TW8,TW9,TW10,TW11,TW12,TW13,TW14,TW19,TW20,TW21,TW22_ANS_decrypt_end,TW22,TW23,TW24,RR_RTT_ms,PowerDNS_RTT_ms,ANS_RTT_ms,Status

2025-08-05 11:15:10,roydns.xyz,1,Custom,1754372703.321527,1754372703.321770,1754372703.333602,1754372703.333643,,1754372703.334294,,,,,,,,1754372703.334335,1754372703.336589,1754372703.336594,15.16,0.66,,SUCCESS
2025-08-05 11:15:11,roydns.xyz,2,Custom,1754372706.541042,1754372706.541344,1754372706.549424,1754372706.549466,,1754372706.550053,,,,,,,,1754372706.550105,1754372706.552176,1754372706.552180,11.22,0.60,,SUCCESS
2025-08-05 11:15:22,roydns.xyz,3,Custom,1754372709.759499,1754372709.759691,1754372709.765511,1754372709.765546,,1754372709.766086,,,,,,,,1754372709.766115,1754372709.768037,1754372709.768041,8.73,0.55,,SUCCESS
2025-08-05 11:15:23,roydns.xyz,4,Custom,1754372712.974505,1754372712.974691,1754372712.982034,1754372712.982065,,1754372712.982595,,,,,,,,1754372712.982643,1754372712.984579,1754372712.984583,10.16,0.55,,SUCCESS
2025-08-05 11:15:24,roydns.xyz,5,Custom,1754372716.198936,1754372716.199139,1754372716.206420,1754372716.206452,,1754372716.206892,,,,,,,,1754372716.206942,1754372716.208953,1754372716.208957,10.10,0.46,,SUCCESS
2025-08-05 11:15:24,roydns.xyz,6,Custom,1754372719.431085,1754372719.431389,1754372719.438805,1754372719.438844,,1754372719.439322,,,,,,,,1754372719.439360,1754372719.441893,1754372719.441902,10.90,0.49,,SUCCESS
2025-08-05 11:15:32,roydns.xyz,7,Custom,1754372722.644049,1754372722.644342,1754372722.647801,1754372722.647828,,1754372722.648359,,,,,,,,1754372722.648393,1754372722.652576,1754372722.652582,8.62,0.54,,SUCCESS
2025-08-05 11:15:33,roydns.xyz,8,Custom,1754372725.853184,1754372725.853435,1754372725.858983,1754372725.859035,,1754372725.859550,,,,,,,,1754372725.859584,1754372725.863915,1754372725.863922,10.85,0.53,,SUCCESS
2025-08-05 11:15:34,roydns.xyz,9,Custom,1754372729.058947,1754372729.059265,1754372729.066342,1754372729.066382,,1754372729.066977,,,,,,,,1754372729.067048,1754372729.071790,1754372729.071796,12.95,0.61,,SUCCESS
2025-08-05 11:15:42,roydns.xyz,10,Custom,1754372732.283407,1754372732.283704,1754372732.287985,1754372732.288032,,1754372732.288536,,,,,,,,1754372732.288571,1754372732.293145,1754372732.293152,9.83,0.52,,SUCCESS
2025-08-05 11:15:43,roydns.xyz,11,Custom,1754372735.508124,1754372735.508443,1754372735.514321,1754372735.514364,,1754372735.514925,,,,,,,,1754372735.514966,1754372735.519816,1754372735.519826,11.80,0.58,,SUCCESS
2025-08-05 11:15:43,roydns.xyz,12,Custom,1754372738.726381,1754372738.726597,1754372738.730790,1754372738.730832,,1754372738.731323,,,,,,,,1754372738.731353,1754372738.733323,1754372738.733327,7.03,0.50,,SUCCESS
2025-08-05 11:15:52,roydns.xyz,13,Custom,1754372741.937829,1754372741.938169,1754372741.945999,1754372741.946048,,1754372741.946584,,,,,,,,1754372741.946615,1754372741.948705,1754372741.948711,10.95,0.55,,SUCCESS
2025-08-05 11:15:52,roydns.xyz,14,Custom,1754372745.153454,1754372745.153662,1754372745.161252,1754372745.161293,,1754372745.161775,,,,,,,,1754372745.161807,1754372745.163804,1754372745.163809,10.44,0.49,,SUCCESS
2025-08-05 11:15:53,roydns.xyz,15,Custom,1754372748.377570,1754372748.377817,1754372748.386590,1754372748.386624,,1754372748.387201,,,,,,,,1754372748.387248,1754372748.389425,1754372748.389431,11.95,0.60,,SUCCESS
2025-08-05 11:16:01,roydns.xyz,16,Custom,1754372751.595048,1754372751.595316,1754372751.601695,1754372751.601737,,1754372751.602292,,,,,,,,1754372751.602329,1754372751.604821,1754372751.604826,9.86,0.57,,SUCCESS
2025-08-05 11:16:02,roydns.xyz,17,Custom,1754372754.807999,1754372754.808303,1754372754.812463,1754372754.812499,,1754372754.812932,,,,,,,,1754372754.812948,1754372754.814934,1754372754.814939,7.02,0.43,,SUCCESS
2025-08-05 11:16:02,roydns.xyz,18,Custom,1754372758.017743,1754372758.017963,1754372758.022755,1754372758.022789,,1754372758.023308,,,,,,,,1754372758.023337,1754372758.025346,1754372758.025350,7.69,0.53,,SUCCESS
2025-08-05 11:16:11,roydns.xyz,19,Custom,1754372761.230480,1754372761.230678,1754372761.234184,1754372761.234305,,1754372761.234787,,,,,,,,1754372761.234819,1754372761.236861,1754372761.236866,6.45,0.49,,SUCCESS
2025-08-05 11:16:11,roydns.xyz,20,Custom,1754372764.450292,1754372764.450551,1754372764.455723,1754372764.455760,,1754372764.456177,,,,,,,,1754372764.456209,1754372764.458211,1754372764.458215,8.00,0.43,,SUCCESS
2025-08-05 11:16:12,roydns.xyz,21,Custom,1754372767.662809,1754372767.663119,1754372767.667276,1754372767.667307,,1754372767.667835,,,,,,,,1754372767.667867,1754372767.670057,1754372767.670062,7.34,0.54,,SUCCESS
2025-08-05 11:16:20,roydns.xyz,22,Custom,1754372770.881582,1754372770.881782,1754372770.891804,1754372770.891835,,1754372770.892449,,,,,,,,1754372770.892595,1754372770.894842,1754372770.894848,13.34,0.63,,SUCCESS
2025-08-05 11:16:21,roydns.xyz,23,Custom,1754372774.087340,1754372774.087573,1754372774.095260,1754372774.095288,,1754372774.095829,,,,,,,,1754372774.095876,1754372774.097973,1754372774.097978,10.74,0.56,,SUCCESS
2025-08-05 11:16:22,roydns.xyz,24,Custom,1754372777.307541,1754372777.307717,1754372777.315404,1754372777.315435,,1754372777.316002,,,,,,,,1754372777.316084,1754372777.318192,1754372777.318195,10.73,0.62,,SUCCESS
2025-08-05 11:16:33,roydns.xyz,25,Custom,1754372780.532193,1754372780.532406,1754372780.536369,1754372780.536395,,1754372780.536799,,,,,,,,1754372780.536812,1754372780.538739,1754372780.538818,6.69,0.40,,SUCCESS
2025-08-05 11:16:34,roydns.xyz,26,Custom,1754372783.748505,1754372783.748798,1754372783.756745,1754372783.756777,,1754372783.757404,,,,,,,,1754372783.757459,1754372783.759916,1754372783.759930,11.52,0.65,,SUCCESS
2025-08-05 11:16:34,roydns.xyz,27,Custom,1754372786.971221,1754372786.971484,1754372786.977739,1754372786.977778,,1754372786.978303,,,,,,,,1754372786.978334,1754372786.980536,1754372786.980546,9.41,0.54,,SUCCESS
2025-08-05 11:16:35,roydns.xyz,28,Custom,1754372790.176884,1754372790.177080,1754372790.184780,1754372790.184810,,1754372790.185356,,,,,,,,1754372790.185399,1754372790.187933,1754372790.187947,11.16,0.57,,SUCCESS
2025-08-05 11:16:43,roydns.xyz,29,Custom,1754372793.405087,1754372793.405449,1754372793.413203,1754372793.413242,,1754372793.413746,,,,,,,,1754372793.413777,1754372793.415736,1754372793.415740,10.72,0.51,,SUCCESS
2025-08-05 11:16:44,roydns.xyz,30,Custom,1754372796.632183,1754372796.632335,1754372796.640365,1754372796.640398,,1754372796.640946,,,,,,,,1754372796.640999,1754372796.645391,1754372796.645397,13.31,0.57,,SUCCESS
2025-08-05 11:16:44,roydns.xyz,31,Custom,1754372799.845713,1754372799.845859,1754372799.850971,1754372799.851021,,1754372799.851579,,,,,,,,1754372799.851612,1754372799.855634,1754372799.855648,10.04,0.57,,SUCCESS
2025-08-05 11:16:53,roydns.xyz,32,Custom,1754372803.066445,1754372803.066801,1754372803.074492,1754372803.074523,,1754372803.074930,,,,,,,,1754372803.074950,1754372803.077904,1754372803.077917,11.54,0.41,,SUCCESS
2025-08-05 11:16:53,roydns.xyz,33,Custom,1754372806.282530,1754372806.282706,1754372806.291557,1754372806.291589,,1754372806.292137,,,,,,,,1754372806.292177,1754372806.294273,1754372806.294277,11.83,0.56,,SUCCESS
2025-08-05 11:16:54,roydns.xyz,34,Custom,1754372809.510923,1754372809.511241,1754372809.519952,1754372809.519995,,1754372809.520573,,,,,,,,1754372809.520607,1754372809.522892,1754372809.522897,12.06,0.59,,SUCCESS
2025-08-05 11:17:02,roydns.xyz,35,Custom,1754372812.739081,1754372812.739479,1754372812.748271,1754372812.748306,,1754372812.748852,,,,,,,,1754372812.748902,1754372812.751518,1754372812.751524,12.53,0.57,,SUCCESS
2025-08-05 11:17:03,roydns.xyz,36,Custom,1754372815.954428,1754372815.954683,1754372815.961381,1754372815.961419,,1754372815.961878,,,,,,,,1754372815.961890,1754372815.963725,1754372815.963728,9.36,0.46,,SUCCESS
2025-08-05 11:17:04,roydns.xyz,37,Custom,1754372819.180846,1754372819.181067,1754372819.187723,1754372819.187761,,1754372819.188342,,,,,,,,1754372819.188380,1754372819.192742,1754372819.192751,12.00,0.60,,SUCCESS
2025-08-05 11:17:12,roydns.xyz,38,Custom,1754372822.393048,1754372822.393304,1754372822.397204,1754372822.397244,,1754372822.397745,,,,,,,,1754372822.397788,1754372822.402143,1754372822.402150,9.18,0.52,,SUCCESS
2025-08-05 11:17:13,roydns.xyz,39,Custom,1754372825.610133,1754372825.610374,1754372825.616752,1754372825.616789,,1754372825.617282,,,,,,,,1754372825.617311,1754372825.619190,1754372825.619194,9.14,0.50,,SUCCESS
2025-08-05 11:17:13,roydns.xyz,40,Custom,1754372828.831500,1754372828.831766,1754372828.840484,1754372828.840518,,1754372828.841119,,,,,,,,1754372828.841166,1754372828.843537,1754372828.843545,12.13,0.62,,SUCCESS
2025-08-05 11:17:22,roydns.xyz,41,Custom,1754372832.052371,1754372832.052641,1754372832.060576,1754372832.060719,,1754372832.061234,,,,,,,,1754372832.061263,1754372832.063541,1754372832.063547,11.25,0.52,,SUCCESS
2025-08-05 11:17:22,roydns.xyz,42,Custom,1754372835.271743,1754372835.271954,1754372835.278766,1754372835.278803,,1754372835.279561,,,,,,,,1754372835.279597,1754372835.282197,1754372835.282207,10.56,0.77,,SUCCESS
2025-08-05 11:17:23,roydns.xyz,43,Custom,1754372838.480257,1754372838.480449,1754372838.485041,1754372838.485080,,1754372838.485613,,,,,,,,1754372838.485642,1754372838.488341,1754372838.488345,8.17,0.54,,SUCCESS
2025-08-05 11:17:31,roydns.xyz,44,Custom,1754372841.696141,1754372841.696414,1754372841.702953,1754372841.702992,,1754372841.703521,,,,,,,,1754372841.703551,1754372841.705694,1754372841.705699,9.63,0.54,,SUCCESS
2025-08-05 11:17:32,roydns.xyz,45,Custom,1754372844.906631,1754372844.906806,1754372844.913146,1754372844.913185,,1754372844.913672,,,,,,,,1754372844.913701,1754372844.915866,1754372844.915874,9.32,0.50,,SUCCESS
2025-08-05 11:17:32,roydns.xyz,46,Custom,1754372848.120569,1754372848.120771,1754372848.125834,1754372848.125874,,1754372848.126417,,,,,,,,1754372848.126452,1754372848.128739,1754372848.128744,8.26,0.56,,SUCCESS
=== RR MONITORING SUMMARY ===
Total requests processed: 46
Successful requests: 46
Custom domain requests: 46
Global domain requests: 0
Monitoring ended at: Tue Aug  5 11:20:18 AM IST 2025
