RR Monitoring Started at Tue Aug  5 03:49:31 AM IST 2025
================================================
Timestamp,Domain,Run,Type,TW6,TW7,TW8,TW9,TW10,TW11,TW12,TW13,TW14,TW19,TW20,TW21,TW22_ANS_decrypt_end,TW22,TW23,TW24,RR_RTT_ms,PowerDNS_RTT_ms,ANS_RTT_ms,Status

2025-08-05 03:49:48,roydns.xyz,1,Custom,1754345980.120658,1754345980.120945,1754345980.126811,1754345980.126857,,1754345981.237785,,,,,,,,1754345981.237826,1754345981.239947,1754345981.239952,1119.37,1110.95,,SUCCESS
2025-08-05 03:49:49,roydns.xyz,2,Custom,1754345984.456653,1754345984.456942,1754345984.461591,1754345984.461663,,1754345984.462225,,,,,,,,1754345984.462266,1754345984.465072,1754345984.465082,8.53,0.58,,SUCCESS
2025-08-05 03:49:57,roydns.xyz,3,Custom,1754345987.673012,1754345987.673218,1754345987.681333,1754345987.681379,,1754345987.681976,,,,,,,,1754345987.682180,1754345987.686229,1754345987.686245,13.31,0.77,,SUCCESS
2025-08-05 03:49:58,roydns.xyz,4,Custom,1754345990.891603,1754345990.891766,1754345990.896539,1754345990.896585,,1754345990.897112,,,,,,,,1754345990.897146,1754345990.899341,1754345990.899346,7.85,0.54,,SUCCESS
2025-08-05 03:49:58,roydns.xyz,5,Custom,1754345994.101149,1754345994.101327,1754345994.108953,1754345994.108998,,1754345994.109553,,,,,,,,1754345994.109590,1754345994.112745,1754345994.112754,11.69,0.57,,SUCCESS
2025-08-05 03:50:07,roydns.xyz,6,Custom,1754345997.307191,1754345997.307392,1754345997.311611,1754345997.311649,,1754345997.312126,,,,,,,,1754345997.312155,1754345997.314161,1754345997.314167,7.04,0.49,,SUCCESS
2025-08-05 03:50:07,roydns.xyz,7,Custom,1754346000.514009,1754346000.514227,1754346000.519787,1754346000.519840,,1754346000.520397,,,,,,,,1754346000.520434,1754346000.522692,1754346000.522696,8.77,0.57,,SUCCESS
2025-08-05 03:50:08,roydns.xyz,8,Custom,1754346003.728072,1754346003.728313,1754346003.736872,1754346003.736919,,1754346003.737552,,,,,,,,1754346003.737595,1754346003.740429,1754346003.740440,12.47,0.65,,SUCCESS
2025-08-05 03:50:16,roydns.xyz,9,Custom,1754346006.950261,1754346006.950506,1754346006.960051,1754346006.960094,,1754346006.960767,,,,,,,,1754346006.960816,1754346006.963691,1754346006.963707,13.54,0.69,,SUCCESS
2025-08-05 03:50:17,roydns.xyz,10,Custom,1754346010.173786,1754346010.174048,1754346010.179118,1754346010.179159,,1754346010.179666,,,,,,,,1754346010.179698,1754346010.181984,1754346010.181998,8.30,0.52,,SUCCESS
2025-08-05 03:50:18,roydns.xyz,11,Custom,1754346013.381067,1754346013.381281,1754346013.390771,1754346013.390815,,1754346013.391465,,,,,,,,1754346013.391520,1754346013.395555,1754346013.395560,14.60,0.67,,SUCCESS
2025-08-05 03:50:29,roydns.xyz,12,Custom,1754346016.600240,1754346016.600464,1754346016.604915,1754346016.604955,,1754346016.605585,,,,,,,,1754346016.605616,1754346016.607562,1754346016.607566,7.49,0.64,,SUCCESS
2025-08-05 03:50:30,roydns.xyz,13,Custom,1754346019.820992,1754346019.821208,1754346019.830343,1754346019.830394,,1754346019.831016,,,,,,,,1754346019.831068,1754346019.833387,1754346019.833392,12.49,0.65,,SUCCESS
2025-08-05 03:50:30,roydns.xyz,14,Custom,1754346023.044706,1754346023.045020,1754346023.050712,1754346023.050761,,1754346023.051296,,,,,,,,1754346023.051332,1754346023.053848,1754346023.053854,9.24,0.55,,SUCCESS
2025-08-05 03:50:31,roydns.xyz,15,Custom,1754346026.262226,1754346026.262476,1754346026.269827,1754346026.269871,,1754346026.270439,,,,,,,,1754346026.270473,1754346026.272454,1754346026.272459,10.32,0.58,,SUCCESS
2025-08-05 03:50:39,roydns.xyz,16,Custom,1754346029.495330,1754346029.495793,1754346029.505588,1754346029.505632,,1754346029.506211,,,,,,,,1754346029.506255,1754346029.508689,1754346029.508694,13.45,0.60,,SUCCESS
2025-08-05 03:50:40,roydns.xyz,17,Custom,1754346032.726212,1754346032.726640,1754346032.730842,1754346032.730874,,1754346032.731361,,,,,,,,1754346032.731413,1754346032.733348,1754346032.733352,7.23,0.52,,SUCCESS
2025-08-05 03:50:41,roydns.xyz,18,Custom,1754346035.944460,1754346035.944640,1754346035.949335,1754346035.949391,,1754346035.949944,,,,,,,,1754346035.949986,1754346035.952183,1754346035.952187,7.81,0.57,,SUCCESS
2025-08-05 03:50:49,roydns.xyz,19,Custom,1754346039.168915,1754346039.169182,1754346039.176871,1754346039.176911,,1754346039.177513,,,,,,,,1754346039.177561,1754346039.180195,1754346039.180200,11.39,0.62,,SUCCESS
2025-08-05 03:50:50,roydns.xyz,20,Custom,1754346042.399056,1754346042.399277,1754346042.409217,1754346042.409264,,1754346042.409885,,,,,,,,1754346042.409936,1754346042.412850,1754346042.412856,13.90,0.64,,SUCCESS
2025-08-05 03:50:50,roydns.xyz,21,Custom,1754346045.607857,1754346045.608081,1754346045.614861,1754346045.614912,,1754346045.615449,,,,,,,,1754346045.615482,1754346045.617599,1754346045.617604,9.83,0.55,,SUCCESS
2025-08-05 03:50:59,roydns.xyz,22,Custom,1754346048.808827,1754346048.809245,1754346048.817417,1754346048.817464,,1754346048.818065,,,,,,,,1754346048.818098,1754346048.820387,1754346048.820396,11.65,0.61,,SUCCESS
2025-08-05 03:50:59,roydns.xyz,23,Custom,1754346052.029205,1754346052.029448,1754346052.034313,1754346052.034356,,1754346052.034903,,,,,,,,1754346052.034936,1754346052.037079,1754346052.037083,7.96,0.56,,SUCCESS
2025-08-05 03:51:00,roydns.xyz,24,Custom,1754346055.241708,1754346055.241910,1754346055.245853,1754346055.245889,,1754346055.246360,,,,,,,,1754346055.246380,1754346055.248259,1754346055.248262,6.62,0.47,,SUCCESS
2025-08-05 03:51:08,roydns.xyz,25,Custom,1754346058.455025,1754346058.455436,1754346058.464888,1754346058.464934,,1754346058.465590,,,,,,,,1754346058.465648,1754346058.468552,1754346058.468558,13.62,0.68,,SUCCESS
2025-08-05 03:51:09,roydns.xyz,26,Custom,1754346061.669760,1754346061.670026,1754346061.677763,1754346061.677803,,1754346061.678406,,,,,,,,1754346061.678460,1754346061.681104,1754346061.681111,11.45,0.63,,SUCCESS
2025-08-05 03:51:10,roydns.xyz,27,Custom,1754346064.885088,1754346064.885320,1754346064.893834,1754346064.893872,,1754346064.894482,,,,,,,,1754346064.894536,1754346064.896809,1754346064.896817,11.81,0.64,,SUCCESS
2025-08-05 03:51:18,roydns.xyz,28,Custom,1754346068.101911,1754346068.102223,1754346068.110432,1754346068.110472,,1754346068.111018,,,,,,,,1754346068.111073,1754346068.113745,1754346068.113750,11.92,0.57,,SUCCESS
2025-08-05 03:51:18,roydns.xyz,29,Custom,1754346071.327396,1754346071.327736,1754346071.333264,1754346071.333309,,1754346071.333860,,,,,,,,1754346071.333893,1754346071.335894,1754346071.335899,8.59,0.56,,SUCCESS
2025-08-05 03:51:19,roydns.xyz,30,Custom,1754346074.546069,1754346074.546252,1754346074.551949,1754346074.551992,,1754346074.552536,,,,,,,,1754346074.552566,1754346074.554530,1754346074.554535,8.55,0.56,,SUCCESS
2025-08-05 03:51:27,roydns.xyz,31,Custom,1754346077.771744,1754346077.772116,1754346077.777145,1754346077.777188,,1754346077.777683,,,,,,,,1754346077.777713,1754346077.779652,1754346077.779656,7.98,0.51,,SUCCESS
2025-08-05 03:51:28,roydns.xyz,32,Custom,1754346080.987976,1754346080.988206,1754346080.993879,1754346080.993927,,1754346080.994502,,,,,,,,1754346080.994542,1754346080.997089,1754346080.997095,9.21,0.59,,SUCCESS
2025-08-05 03:51:29,roydns.xyz,33,Custom,1754346084.211977,1754346084.212214,1754346084.219979,1754346084.220019,,1754346084.220519,,,,,,,,1754346084.220539,1754346084.222567,1754346084.222571,10.67,0.50,,SUCCESS
2025-08-05 03:51:37,roydns.xyz,34,Custom,1754346087.440451,1754346087.440744,1754346087.448442,1754346087.448480,,1754346087.449030,,,,,,,,1754346087.449077,1754346087.451684,1754346087.451689,11.32,0.57,,SUCCESS
2025-08-05 03:51:38,roydns.xyz,35,Custom,1754346090.666640,1754346090.666786,1754346090.674442,1754346090.674481,,1754346090.675121,,,,,,,,1754346090.675165,1754346090.677525,1754346090.677535,10.99,0.66,,SUCCESS
2025-08-05 03:51:39,roydns.xyz,36,Custom,1754346093.894568,1754346093.894859,1754346093.900464,1754346093.900506,,1754346093.901042,,,,,,,,1754346093.901073,1754346093.903208,1754346093.903213,8.73,0.55,,SUCCESS
2025-08-05 03:51:47,roydns.xyz,37,Custom,1754346097.107908,1754346097.108258,1754346097.112749,1754346097.112793,,1754346097.113341,,,,,,,,1754346097.113407,1754346097.115705,1754346097.115711,7.89,0.56,,SUCCESS
2025-08-05 03:51:47,roydns.xyz,38,Custom,1754346100.316605,1754346100.316807,1754346100.321572,1754346100.321622,,1754346100.322137,,,,,,,,1754346100.322169,1754346100.324208,1754346100.324214,7.69,0.53,,SUCCESS
2025-08-05 03:51:48,roydns.xyz,39,Custom,1754346103.519210,1754346103.519663,1754346103.524040,1754346103.524076,,1754346103.524798,,,,,,,,1754346103.524830,1754346103.527116,1754346103.527121,8.00,0.73,,SUCCESS
2025-08-05 03:51:56,roydns.xyz,40,Custom,1754346106.728095,1754346106.728452,1754346106.735095,1754346106.735140,,1754346106.735740,,,,,,,,1754346106.735780,1754346106.738349,1754346106.738358,10.35,0.62,,SUCCESS
2025-08-05 03:51:57,roydns.xyz,41,Custom,1754346109.937244,1754346109.937621,1754346109.944777,1754346109.944824,,1754346109.945434,,,,,,,,1754346109.945468,1754346109.947926,1754346109.947937,10.78,0.62,,SUCCESS
2025-08-05 03:51:58,roydns.xyz,42,Custom,1754346113.142921,1754346113.143110,1754346113.150804,1754346113.150839,,1754346113.151444,,,,,,,,1754346113.151492,1754346113.153778,1754346113.153786,10.94,0.63,,SUCCESS
2025-08-05 03:52:06,roydns.xyz,43,Custom,1754346116.366008,1754346116.366396,1754346116.371167,1754346116.371213,,1754346116.371778,,,,,,,,1754346116.371812,1754346116.374733,1754346116.374738,8.80,0.58,,SUCCESS
2025-08-05 03:52:07,roydns.xyz,44,Custom,1754346119.582097,1754346119.582326,1754346119.591216,1754346119.591256,,1754346119.591921,,,,,,,,1754346119.591975,1754346119.594675,1754346119.594685,12.68,0.69,,SUCCESS
2025-08-05 03:52:07,roydns.xyz,45,Custom,1754346122.806723,1754346122.807007,1754346122.811327,1754346122.811401,,1754346122.811942,,,,,,,,1754346122.811971,1754346122.813930,1754346122.813934,7.30,0.55,,SUCCESS
2025-08-05 03:52:16,roydns.xyz,46,Custom,1754346126.020571,1754346126.020827,1754346126.024843,1754346126.024882,,1754346126.025578,,,,,,,,1754346126.025616,1754346126.027594,1754346126.027598,7.10,0.71,,SUCCESS
2025-08-05 03:52:16,roydns.xyz,47,Custom,1754346129.240601,1754346129.240772,1754346129.245905,1754346129.245945,,1754346129.246527,,,,,,,,1754346129.246559,1754346129.248697,1754346129.248703,8.19,0.59,,SUCCESS
2025-08-05 03:52:17,roydns.xyz,48,Custom,1754346132.460712,1754346132.460994,1754346132.468772,1754346132.468809,,1754346132.469405,,,,,,,,1754346132.469453,1754346132.471518,1754346132.471522,10.88,0.62,,SUCCESS
=== RR MONITORING SUMMARY ===
Total requests processed: 48
Successful requests: 48
Custom domain requests: 48
Global domain requests: 0
Monitoring ended at: Tue Aug  5 03:52:44 AM IST 2025
