RR Monitoring Started at Tue Aug  5 02:13:09 AM IST 2025
================================================
Timestamp,Domain,Run,Type,TW6,TW7,TW8,TW9,TW10,TW11,TW12,TW13,TW14,TW19,TW20,TW21,TW22_ANS_decrypt_end,TW22,TW23,TW24,RR_RTT_ms,PowerDNS_RTT_ms,ANS_RTT_ms,Status

2025-08-05 02:17:29,youtube.com,1,Global,1754340441.562063,1754340441.562289,1754340441.568914,1754340441.638557,,1754340442.206962,,,,,,,,1754340442.207002,1754340442.209692,1754340442.209697,647.73,568.41,,SUCCESS
2025-08-05 02:17:30,youtube.com,2,Global,1754340445.424656,1754340445.424823,1754340445.428836,1754340445.429086,,1754340445.429645,,,,,,,,1754340445.429679,1754340445.431810,1754340445.431815,7.25,0.57,,SUCCESS
2025-08-05 02:17:38,youtube.com,3,Global,1754340448.640987,1754340448.641168,1754340448.649589,1754340448.649852,,1754340448.650401,,,,,,,,1754340448.650436,1754340448.652653,1754340448.652658,11.75,0.56,,SUCCESS
2025-08-05 02:17:39,youtube.com,4,Global,1754340451.868793,1754340451.869074,1754340451.873283,1754340451.873519,,1754340451.874040,,,,,,,,1754340451.874073,1754340451.876121,1754340451.876127,7.42,0.53,,SUCCESS
2025-08-05 02:17:39,youtube.com,5,Global,1754340455.102228,1754340455.102461,1754340455.110876,1754340455.111148,,1754340455.111701,,,,,,,,1754340455.111732,1754340455.113733,1754340455.113738,11.59,0.56,,SUCCESS
2025-08-05 02:17:40,youtube.com,6,Global,1754340458.330559,1754340458.330836,1754340458.338213,1754340458.338486,,1754340458.339039,,,,,,,,1754340458.339071,1754340458.341081,1754340458.341086,10.61,0.56,,SUCCESS
2025-08-05 02:17:51,youtube.com,7,Global,1754340461.544360,1754340461.544710,1754340461.552692,1754340461.552941,,1754340461.553408,,,,,,,,1754340461.553429,1754340461.555333,1754340461.555336,11.05,0.47,,SUCCESS
2025-08-05 02:17:52,youtube.com,8,Global,1754340464.771247,1754340464.771629,1754340464.776460,1754340464.776705,,1754340464.777252,,,,,,,,1754340464.777289,1754340464.779863,1754340464.779870,8.71,0.56,,SUCCESS
2025-08-05 02:17:53,youtube.com,9,Global,1754340467.984046,1754340467.984358,1754340467.991603,1754340467.991868,,1754340467.992450,,,,,,,,1754340467.992489,1754340467.995516,1754340467.995527,11.59,0.60,,SUCCESS
2025-08-05 02:18:01,youtube.com,10,Global,1754340471.258401,1754340471.258658,1754340471.263115,1754340471.263331,,1754340471.263794,,,,,,,,1754340471.263827,1754340471.266550,1754340471.266567,8.25,0.47,,SUCCESS
2025-08-05 02:18:02,youtube.com,11,Global,1754340474.477774,1754340474.478031,1754340474.483037,1754340474.483301,,1754340474.483866,,,,,,,,1754340474.483906,1754340474.487306,1754340474.487311,9.63,0.58,,SUCCESS
2025-08-05 02:18:02,youtube.com,12,Global,1754340477.690397,1754340477.690677,1754340477.697616,1754340477.697860,,1754340477.698347,,,,,,,,1754340477.698361,1754340477.700155,1754340477.700158,9.83,0.48,,SUCCESS
2025-08-05 02:18:11,youtube.com,13,Global,1754340480.891656,1754340480.892015,1754340480.901195,1754340480.901485,,1754340480.902142,,,,,,,,1754340480.902195,1754340480.905125,1754340480.905131,13.58,0.68,,SUCCESS
2025-08-05 02:18:11,youtube.com,14,Global,1754340484.100668,1754340484.100945,1754340484.104869,1754340484.105086,,1754340484.105610,,,,,,,,1754340484.105646,1754340484.107579,1754340484.107583,6.99,0.53,,SUCCESS
2025-08-05 02:18:12,youtube.com,15,Global,1754340487.309167,1754340487.309392,1754340487.315364,1754340487.315618,,1754340487.316130,,,,,,,,1754340487.316164,1754340487.318163,1754340487.318169,9.09,0.52,,SUCCESS
2025-08-05 02:18:20,youtube.com,16,Global,1754340490.534268,1754340490.534651,1754340490.542042,1754340490.542290,,1754340490.542833,,,,,,,,1754340490.542882,1754340490.545807,1754340490.545822,11.63,0.56,,SUCCESS
2025-08-05 02:18:21,youtube.com,17,Global,1754340493.757289,1754340493.757578,1754340493.765534,1754340493.765777,,1754340493.766321,,,,,,,,1754340493.766411,1754340493.770713,1754340493.770722,13.54,0.56,,SUCCESS
2025-08-05 02:18:22,youtube.com,18,Global,1754340496.976949,1754340496.977215,1754340496.983829,1754340496.984068,,1754340496.984614,,,,,,,,1754340496.984646,1754340496.986656,1754340496.986661,9.79,0.56,,SUCCESS
2025-08-05 02:18:30,youtube.com,19,Global,1754340500.199792,1754340500.200147,1754340500.205817,1754340500.206080,,1754340500.206666,,,,,,,,1754340500.206703,1754340500.209198,1754340500.209204,9.49,0.60,,SUCCESS
2025-08-05 02:18:31,youtube.com,20,Global,1754340503.420831,1754340503.421039,1754340503.428311,1754340503.428559,,1754340503.429106,,,,,,,,1754340503.429142,1754340503.433393,1754340503.433402,12.66,0.56,,SUCCESS
2025-08-05 02:18:31,youtube.com,21,Global,1754340506.623807,1754340506.624079,1754340506.629032,1754340506.629257,,1754340506.629781,,,,,,,,1754340506.629812,1754340506.631767,1754340506.631771,8.04,0.53,,SUCCESS
2025-08-05 02:18:39,youtube.com,22,Global,1754340509.824243,1754340509.824762,1754340509.830818,1754340509.831092,,1754340509.831702,,,,,,,,1754340509.831743,1754340509.835206,1754340509.835220,11.06,0.62,,SUCCESS
2025-08-05 02:18:40,youtube.com,23,Global,1754340513.049349,1754340513.049561,1754340513.054315,1754340513.054539,,1754340513.055039,,,,,,,,1754340513.055081,1754340513.057132,1754340513.057138,7.87,0.51,,SUCCESS
2025-08-05 02:18:41,youtube.com,24,Global,1754340516.253974,1754340516.254239,1754340516.261547,1754340516.261782,,1754340516.262267,,,,,,,,1754340516.262300,1754340516.264280,1754340516.264284,10.40,0.50,,SUCCESS
2025-08-05 02:18:49,youtube.com,25,Global,1754340519.463328,1754340519.463737,1754340519.471723,1754340519.471948,,1754340519.472493,,,,,,,,1754340519.472535,1754340519.476751,1754340519.476758,13.51,0.56,,SUCCESS
2025-08-05 02:18:50,youtube.com,26,Global,1754340522.678947,1754340522.679244,1754340522.685820,1754340522.686049,,1754340522.686628,,,,,,,,1754340522.686664,1754340522.688853,1754340522.688859,10.00,0.59,,SUCCESS
2025-08-05 02:18:50,youtube.com,27,Global,1754340525.904148,1754340525.904690,1754340525.909285,1754340525.909549,,1754340525.910073,,,,,,,,1754340525.910106,1754340525.914300,1754340525.914307,10.26,0.53,,SUCCESS
2025-08-05 02:18:59,youtube.com,28,Global,1754340529.110267,1754340529.110635,1754340529.116708,1754340529.116971,,1754340529.117444,,,,,,,,1754340529.117481,1754340529.119974,1754340529.119980,9.80,0.48,,SUCCESS
2025-08-05 02:18:59,youtube.com,29,Global,1754340532.303358,1754340532.303687,1754340532.309661,1754340532.309880,,1754340532.310474,,,,,,,,1754340532.310514,1754340532.313199,1754340532.313212,9.95,0.61,,SUCCESS
2025-08-05 02:19:00,youtube.com,30,Global,1754340535.487942,1754340535.488242,1754340535.494817,1754340535.495046,,1754340535.495596,,,,,,,,1754340535.495628,1754340535.497736,1754340535.497741,9.88,0.56,,SUCCESS
2025-08-05 02:19:08,youtube.com,31,Global,1754340538.702607,1754340538.702909,1754340538.710360,1754340538.710643,,1754340538.711154,,,,,,,,1754340538.711191,1754340538.713692,1754340538.713698,11.17,0.52,,SUCCESS
2025-08-05 02:19:09,youtube.com,32,Global,1754340541.914840,1754340541.915136,1754340541.921657,1754340541.921899,,1754340541.922426,,,,,,,,1754340541.922458,1754340541.924431,1754340541.924438,9.69,0.54,,SUCCESS
2025-08-05 02:19:10,youtube.com,33,Global,1754340545.115943,1754340545.116236,1754340545.123259,1754340545.123484,,1754340545.124010,,,,,,,,1754340545.124040,1754340545.126019,1754340545.126024,10.17,0.54,,SUCCESS
2025-08-05 02:19:18,youtube.com,34,Global,1754340548.324610,1754340548.324916,1754340548.329581,1754340548.329832,,1754340548.330400,,,,,,,,1754340548.330436,1754340548.332694,1754340548.332699,8.16,0.58,,SUCCESS
2025-08-05 02:19:19,youtube.com,35,Global,1754340551.531671,1754340551.531925,1754340551.537659,1754340551.537870,,1754340551.538296,,,,,,,,1754340551.538308,1754340551.540073,1754340551.540078,8.48,0.42,,SUCCESS
2025-08-05 02:19:19,youtube.com,36,Global,1754340554.732967,1754340554.733231,1754340554.737577,1754340554.737791,,1754340554.738292,,,,,,,,1754340554.738322,1754340554.740294,1754340554.740299,7.43,0.51,,SUCCESS
2025-08-05 02:19:28,youtube.com,37,Global,1754340557.950243,1754340557.950615,1754340557.955438,1754340557.955687,,1754340557.956182,,,,,,,,1754340557.956217,1754340557.958688,1754340557.958700,8.55,0.50,,SUCCESS
2025-08-05 02:19:28,youtube.com,38,Global,1754340561.156121,1754340561.156335,1754340561.164828,1754340561.165072,,1754340561.165686,,,,,,,,1754340561.165735,1754340561.168740,1754340561.168760,12.74,0.63,,SUCCESS
2025-08-05 02:19:29,youtube.com,39,Global,1754340564.370551,1754340564.370816,1754340564.378665,1754340564.378967,,1754340564.379463,,,,,,,,1754340564.379498,1754340564.382067,1754340564.382072,11.61,0.50,,SUCCESS
2025-08-05 02:19:37,youtube.com,40,Global,1754340567.585909,1754340567.586290,1754340567.591254,1754340567.591484,,1754340567.592022,,,,,,,,1754340567.592052,1754340567.593980,1754340567.593985,8.14,0.55,,SUCCESS
2025-08-05 02:19:38,youtube.com,41,Global,1754340570.791108,1754340570.791385,1754340570.797937,1754340570.798167,,1754340570.798736,,,,,,,,1754340570.798768,1754340570.800767,1754340570.800774,9.75,0.58,,SUCCESS
2025-08-05 02:19:39,youtube.com,42,Global,1754340574.001250,1754340574.001435,1754340574.006758,1754340574.007053,,1754340574.007671,,,,,,,,1754340574.007702,1754340574.009714,1754340574.009718,8.55,0.62,,SUCCESS
2025-08-05 02:19:47,youtube.com,43,Global,1754340577.224751,1754340577.225106,1754340577.228913,1754340577.229126,,1754340577.229644,,,,,,,,1754340577.229674,1754340577.232342,1754340577.232347,7.68,0.53,,SUCCESS
2025-08-05 02:19:48,youtube.com,44,Global,1754340580.423082,1754340580.423396,1754340580.431737,1754340580.431979,,1754340580.432642,,,,,,,,1754340580.432693,1754340580.435587,1754340580.435600,12.62,0.68,,SUCCESS
2025-08-05 02:19:48,youtube.com,45,Global,1754340583.647696,1754340583.647955,1754340583.654726,1754340583.655013,,1754340583.655489,,,,,,,,1754340583.655511,1754340583.657725,1754340583.657729,10.11,0.48,,SUCCESS
2025-08-05 02:19:57,youtube.com,46,Global,1754340586.866908,1754340586.867270,1754340586.875062,1754340586.875285,,1754340586.875811,,,,,,,,1754340586.875840,1754340586.877714,1754340586.877717,10.88,0.53,,SUCCESS
2025-08-05 02:19:57,youtube.com,47,Global,1754340590.079561,1754340590.079824,1754340590.087305,1754340590.087570,,1754340590.088082,,,,,,,,1754340590.088112,1754340590.090061,1754340590.090068,10.59,0.52,,SUCCESS
2025-08-05 02:19:58,youtube.com,48,Global,1754340593.307510,1754340593.307793,1754340593.315376,1754340593.315619,,1754340593.316137,,,,,,,,1754340593.316186,1754340593.318984,1754340593.318995,11.59,0.54,,SUCCESS
2025-08-05 02:20:03,youtube.com,49,Global,1754340596.534317,1754340596.534640,1754340596.541103,1754340596.541334,,1754340596.541817,,,,,,,,1754340596.541849,1754340596.543925,1754340596.543929,9.68,0.49,,SUCCESS
2025-08-05 02:20:04,youtube.com,50,Global,1754340599.750353,1754340599.750698,1754340599.758707,1754340599.758957,,1754340599.759491,,,,,,,,1754340599.759524,1754340599.761669,1754340599.761676,11.40,0.54,,SUCCESS
2025-08-05 02:20:10,roydns.xyz,51,Custom,1754340602.964950,1754340602.965169,1754340602.973216,,,,1754340602.973483,1754340602.977592,1754340603.054611,1754340603.220907,1754340603.215807,1754340603.215830,1754340603.220777,1754340603.220927,1754340603.223435,1754340603.223440,258.56,,247.44,SUCCESS
2025-08-05 02:20:11,roydns.xyz,52,Custom,1754340606.416826,1754340606.417099,1754340606.421880,,,,1754340606.422152,1754340606.424496,1754340606.494992,1754340606.638233,1754340606.632813,1754340606.632839,1754340606.638222,1754340606.638249,1754340606.640304,1754340606.640307,223.54,,216.09,SUCCESS
2025-08-05 02:20:17,roydns.xyz,53,Custom,1754340609.848567,1754340609.848761,1754340609.856134,,,,1754340609.856442,1754340609.858799,1754340609.926845,1754340610.070904,1754340610.066319,1754340610.066340,1754340610.070892,1754340610.070917,1754340610.073167,1754340610.073172,224.66,,214.47,SUCCESS
2025-08-05 02:20:18,roydns.xyz,54,Custom,1754340613.267959,1754340613.268238,1754340613.273126,,,,1754340613.273404,1754340613.275727,1754340613.346023,1754340613.493875,1754340613.489678,1754340613.489699,1754340613.493863,1754340613.493886,1754340613.495917,1754340613.495919,228.01,,220.48,SUCCESS
2025-08-05 02:20:24,roydns.xyz,55,Custom,1754340616.712235,1754340616.712503,1754340616.716959,,,,1754340616.717210,1754340616.719528,1754340616.802963,1754340616.978035,1754340616.973680,1754340616.973704,1754340616.978024,1754340616.978049,1754340616.980079,1754340616.980083,267.90,,260.84,SUCCESS
2025-08-05 02:20:25,roydns.xyz,56,Custom,1754340620.196323,1754340620.196622,1754340620.201835,,,,1754340620.202104,1754340620.204431,1754340620.288937,1754340620.464454,1754340620.459994,1754340620.460015,1754340620.464444,1754340620.464466,1754340620.466613,1754340620.466616,270.35,,262.36,SUCCESS
2025-08-05 02:20:31,roydns.xyz,57,Custom,1754340623.685308,1754340623.685545,1754340623.692033,,,,1754340623.692272,1754340623.694102,1754340623.764286,1754340623.915533,1754340623.911298,1754340623.911317,1754340623.915522,1754340623.915545,1754340623.917588,1754340623.917591,232.34,,223.27,SUCCESS
2025-08-05 02:20:32,roydns.xyz,58,Custom,1754340627.123660,1754340627.123806,1754340627.132309,,,,1754340627.132542,1754340627.134353,1754340627.229700,1754340627.420965,1754340627.416719,1754340627.416737,1754340627.420946,1754340627.420978,1754340627.423058,1754340627.423062,299.48,,288.43,SUCCESS
2025-08-05 02:20:38,roydns.xyz,59,Custom,1754340630.629981,1754340630.630281,1754340630.637672,,,,1754340630.637913,1754340630.641906,1754340630.712269,1754340630.855483,1754340630.852973,1754340630.853058,1754340630.855477,1754340630.855492,1754340630.856624,1754340630.856627,226.68,,217.58,SUCCESS
2025-08-05 02:20:39,roydns.xyz,60,Custom,1754340634.081618,1754340634.081879,1754340634.087137,,,,1754340634.087381,1754340634.089179,1754340634.157233,1754340634.587649,1754340634.583691,1754340634.583710,1754340634.587640,1754340634.587662,1754340634.589458,1754340634.589460,507.89,,500.28,SUCCESS
2025-08-05 02:20:45,roydns.xyz,61,Custom,1754340637.805222,1754340637.805498,1754340637.811983,,,,1754340637.812285,1754340637.814573,1754340637.893592,1754340638.053388,1754340638.049342,1754340638.049360,1754340638.053377,1754340638.053401,1754340638.055428,1754340638.055432,250.26,,241.11,SUCCESS
2025-08-05 02:20:46,roydns.xyz,62,Custom,1754340641.258408,1754340641.258687,1754340641.266258,,,,1754340641.266515,1754340641.268350,1754340641.337449,1754340641.480043,1754340641.475543,1754340641.475579,1754340641.480029,1754340641.480057,1754340641.482312,1754340641.482315,223.98,,213.54,SUCCESS
2025-08-05 02:20:52,roydns.xyz,63,Custom,1754340644.694116,1754340644.694394,1754340644.702314,,,,1754340644.702577,1754340644.705709,1754340644.776199,1754340644.928200,1754340644.924962,1754340644.924985,1754340644.928191,1754340644.928211,1754340644.929847,1754340644.929850,235.78,,225.63,SUCCESS
2025-08-05 02:20:53,roydns.xyz,64,Custom,1754340648.143190,1754340648.143397,1754340648.151048,,,,1754340648.151295,1754340648.155142,1754340648.240495,1754340648.414851,1754340648.410113,1754340648.410136,1754340648.414835,1754340648.414865,1754340648.417048,1754340648.417054,273.94,,263.57,SUCCESS
2025-08-05 02:20:59,roydns.xyz,65,Custom,1754340651.625666,1754340651.625951,1754340651.633648,,,,1754340651.633899,1754340651.637981,1754340651.724024,1754340651.894783,1754340651.891529,1754340651.891550,1754340651.894775,1754340651.894794,1754340651.896406,1754340651.896409,270.79,,260.89,SUCCESS
2025-08-05 02:21:00,roydns.xyz,66,Custom,1754340655.105002,1754340655.105156,1754340655.112998,,,,1754340655.113253,1754340655.115397,1754340655.198904,1754340655.373974,1754340655.370766,1754340655.370780,1754340655.373965,1754340655.373985,1754340655.375596,1754340655.375598,270.64,,260.73,SUCCESS
2025-08-05 02:21:06,roydns.xyz,67,Custom,1754340658.589201,1754340658.589488,1754340658.597409,,,,1754340658.597665,1754340658.601096,1754340658.669632,1754340658.813790,1754340658.809729,1754340658.809757,1754340658.813780,1754340658.813803,1754340658.815838,1754340658.815841,226.69,,216.13,SUCCESS
2025-08-05 02:21:07,roydns.xyz,68,Custom,1754340662.024926,1754340662.025074,1754340662.029075,,,,1754340662.029306,1754340662.031103,1754340662.108868,1754340662.268705,1754340662.264601,1754340662.264617,1754340662.268696,1754340662.268715,1754340662.270389,1754340662.270391,245.51,,239.41,SUCCESS
2025-08-05 02:21:13,roydns.xyz,69,Custom,1754340665.491148,1754340665.491349,1754340665.497880,,,,1754340665.498231,1754340665.500000,1754340665.585706,1754340665.763353,1754340665.760157,1754340665.760173,1754340665.763345,1754340665.763364,1754340665.764981,1754340665.764984,273.89,,265.13,SUCCESS
2025-08-05 02:21:14,roydns.xyz,70,Custom,1754340668.982634,1754340668.982880,1754340668.987755,,,,1754340668.987964,1754340668.989646,1754340669.059840,1754340669.205479,1754340669.202161,1754340669.202174,1754340669.205471,1754340669.205490,1754340669.207163,1754340669.207166,224.58,,217.52,SUCCESS
2025-08-05 02:21:20,roydns.xyz,71,Custom,1754340672.426523,1754340672.426684,1754340672.434632,,,,1754340672.435000,1754340672.439072,1754340672.532045,1754340672.720713,1754340672.716585,1754340672.716610,1754340672.720702,1754340672.720726,1754340672.722757,1754340672.722760,296.29,,285.72,SUCCESS
2025-08-05 02:21:21,roydns.xyz,72,Custom,1754340675.935787,1754340675.936075,1754340675.944493,,,,1754340675.944747,1754340675.948881,1754340676.017291,1754340676.163681,1754340676.158717,1754340676.158740,1754340676.163668,1754340676.163702,1754340676.166208,1754340676.166212,230.49,,218.94,SUCCESS
2025-08-05 02:21:27,roydns.xyz,73,Custom,1754340679.371462,1754340679.371715,1754340679.376677,,,,1754340679.376982,1754340679.378683,1754340679.466638,1754340679.645258,1754340679.642009,1754340679.642025,1754340679.645248,1754340679.645268,1754340679.646892,1754340679.646895,275.48,,268.28,SUCCESS
2025-08-05 02:21:28,roydns.xyz,74,Custom,1754340682.849262,1754340682.849534,1754340682.854184,,,,1754340682.854435,1754340682.856242,1754340682.925217,1754340683.070561,1754340683.066409,1754340683.066430,1754340683.070546,1754340683.070573,1754340683.072373,1754340683.072377,223.19,,216.14,SUCCESS
2025-08-05 02:21:34,roydns.xyz,75,Custom,1754340686.288433,1754340686.288584,1754340686.296261,,,,1754340686.296570,1754340686.298727,1754340686.369064,1754340686.515241,1754340686.511241,1754340686.511259,1754340686.515231,1754340686.515256,1754340686.517279,1754340686.517282,228.90,,218.68,SUCCESS
2025-08-05 02:21:35,roydns.xyz,76,Custom,1754340689.734908,1754340689.735150,1754340689.739658,,,,1754340689.739910,1754340689.742033,1754340689.835807,1754340690.031288,1754340690.026467,1754340690.026488,1754340690.031271,1754340690.031302,1754340690.033571,1754340690.033574,298.75,,291.39,SUCCESS
2025-08-05 02:21:41,roydns.xyz,77,Custom,1754340693.241889,1754340693.242182,1754340693.246578,,,,1754340693.246834,1754340693.248719,1754340693.333068,1754340693.507478,1754340693.504236,1754340693.504259,1754340693.507468,1754340693.507489,1754340693.509092,1754340693.509094,267.25,,260.65,SUCCESS
2025-08-05 02:21:42,roydns.xyz,78,Custom,1754340696.729657,1754340696.729902,1754340696.736326,,,,1754340696.736588,1754340696.738703,1754340696.832333,1754340697.023798,1754340697.018806,1754340697.018836,1754340697.023781,1754340697.023819,1754340697.026097,1754340697.026101,296.52,,287.23,SUCCESS
2025-08-05 02:21:48,roydns.xyz,79,Custom,1754340700.237752,1754340700.238021,1754340700.244497,,,,1754340700.244735,1754340700.247502,1754340700.341513,1754340700.532622,1754340700.528567,1754340700.528586,1754340700.532611,1754340700.532634,1754340700.534665,1754340700.534668,296.97,,287.90,SUCCESS
2025-08-05 02:21:49,roydns.xyz,80,Custom,1754340703.743541,1754340703.743800,1754340703.749519,,,,1754340703.749747,1754340703.751439,1754340703.828993,1754340703.986949,1754340703.983603,1754340703.983619,1754340703.986940,1754340703.986960,1754340703.988572,1754340703.988575,245.08,,237.21,SUCCESS
2025-08-05 02:21:55,roydns.xyz,81,Custom,1754340707.213209,1754340707.213605,1754340707.217736,,,,1754340707.217959,1754340707.219747,1754340707.289683,1754340707.433688,1754340707.429670,1754340707.429687,1754340707.433677,1754340707.433702,1754340707.435732,1754340707.435735,222.58,,215.74,SUCCESS
2025-08-05 02:21:56,roydns.xyz,82,Custom,1754340710.635745,1754340710.636001,1754340710.642546,,,,1754340710.642778,1754340710.644569,1754340710.730118,1754340710.907297,1754340710.903876,1754340710.903892,1754340710.907288,1754340710.907308,1754340710.908976,1754340710.908978,273.28,,264.53,SUCCESS
2025-08-05 02:22:02,roydns.xyz,83,Custom,1754340714.115673,1754340714.116074,1754340714.121589,,,,1754340714.121824,1754340714.123674,1754340714.217687,1754340714.413852,1754340714.410603,1754340714.410627,1754340714.413843,1754340714.413862,1754340714.415477,1754340714.415480,299.85,,292.04,SUCCESS
2025-08-05 02:22:03,roydns.xyz,84,Custom,1754340717.627628,1754340717.627865,1754340717.636430,,,,1754340717.636685,1754340717.640746,1754340717.711564,1754340717.854868,1754340717.848821,1754340717.848845,1754340717.854851,1754340717.854882,1754340717.857124,1754340717.857127,229.58,,218.19,SUCCESS
2025-08-05 02:22:08,roydns.xyz,85,Custom,1754340721.073632,1754340721.073920,1754340721.078345,,,,1754340721.078604,1754340721.080904,1754340721.166309,1754340721.338984,1754340721.335797,1754340721.335812,1754340721.338976,1754340721.338996,1754340721.340594,1754340721.340596,267.01,,260.39,SUCCESS
2025-08-05 02:22:10,roydns.xyz,86,Custom,1754340724.551587,1754340724.551783,1754340724.556009,,,,1754340724.556250,1754340724.558361,1754340724.629043,1754340724.779596,1754340724.775525,1754340724.775541,1754340724.779586,1754340724.779607,1754340724.781645,1754340724.781648,230.12,,223.36,SUCCESS
2025-08-05 02:22:12,roydns.xyz,87,Custom,1754340727.987654,1754340727.987897,1754340727.992122,,,,1754340727.992337,1754340727.993994,1754340728.072785,1754340728.229530,1754340728.226346,1754340728.226361,1754340728.229521,1754340728.229540,1754340728.231134,1754340728.231136,243.57,,237.20,SUCCESS
2025-08-05 02:22:18,roydns.xyz,88,Custom,1754340731.446882,1754340731.447164,1754340731.453232,,,,1754340731.453495,1754340731.455276,1754340731.524999,1754340731.667553,1754340731.664160,1754340731.664184,1754340731.667544,1754340731.667564,1754340731.669303,1754340731.669306,222.57,,214.07,SUCCESS
2025-08-05 02:22:19,roydns.xyz,89,Custom,1754340734.860091,1754340734.860353,1754340734.866899,,,,1754340734.867133,1754340734.868970,1754340734.939892,1754340735.088034,1754340735.084578,1754340735.084595,1754340735.088025,1754340735.088047,1754340735.089795,1754340735.089797,229.76,,220.91,SUCCESS
2025-08-05 02:22:25,roydns.xyz,90,Custom,1754340738.309733,1754340738.310002,1754340738.318888,,,,1754340738.319126,1754340738.321781,1754340738.391754,1754340738.534956,1754340738.531066,1754340738.531084,1754340738.534930,1754340738.534974,1754340738.537455,1754340738.537460,227.82,,215.84,SUCCESS
2025-08-05 02:22:26,roydns.xyz,91,Custom,1754340741.760907,1754340741.761168,1754340741.767732,,,,1754340741.767971,1754340741.769888,1754340741.857079,1754340742.029478,1754340742.026011,1754340742.026027,1754340742.029467,1754340742.029489,1754340742.031215,1754340742.031219,270.36,,261.52,SUCCESS
2025-08-05 02:22:32,roydns.xyz,92,Custom,1754340745.252876,1754340745.253139,1754340745.260801,,,,1754340745.261050,1754340745.265104,1754340745.335794,1754340745.484076,1754340745.479062,1754340745.479086,1754340745.484063,1754340745.484090,1754340745.486719,1754340745.486724,233.91,,223.04,SUCCESS
2025-08-05 02:22:33,roydns.xyz,93,Custom,1754340748.684477,1754340748.684788,1754340748.692436,,,,1754340748.692701,1754340748.694854,1754340748.780464,1754340748.953491,1754340748.949577,1754340748.949599,1754340748.953481,1754340748.953501,1754340748.955231,1754340748.955234,270.81,,260.80,SUCCESS
2025-08-05 02:22:39,roydns.xyz,94,Custom,1754340752.174703,1754340752.174964,1754340752.181584,,,,1754340752.181860,1754340752.184219,1754340752.260413,1754340752.419668,1754340752.415492,1754340752.415509,1754340752.419658,1754340752.419785,1754340752.421916,1754340752.421920,247.27,,237.82,SUCCESS
2025-08-05 02:22:40,roydns.xyz,95,Custom,1754340755.630642,1754340755.630940,1754340755.636741,,,,1754340755.636965,1754340755.639513,1754340755.724346,1754340755.901267,1754340755.897508,1754340755.897532,1754340755.901249,1754340755.901280,1754340755.903573,1754340755.903577,273.01,,264.31,SUCCESS
2025-08-05 02:22:46,roydns.xyz,96,Custom,1754340759.118937,1754340759.119220,1754340759.125826,,,,1754340759.126062,1754340759.128006,1754340759.221909,1754340759.411763,1754340759.408114,1754340759.408139,1754340759.411667,1754340759.411775,1754340759.413524,1754340759.413526,294.64,,285.71,SUCCESS
2025-08-05 02:22:47,roydns.xyz,97,Custom,1754340762.626310,1754340762.626613,1754340762.633481,,,,1754340762.633702,1754340762.635404,1754340762.713357,1754340762.871785,1754340762.867119,1754340762.867137,1754340762.871770,1754340762.871800,1754340762.873848,1754340762.873851,247.61,,238.09,SUCCESS
2025-08-05 02:22:53,roydns.xyz,98,Custom,1754340766.081576,1754340766.081711,1754340766.088553,,,,1754340766.088797,1754340766.090642,1754340766.161672,1754340766.304464,1754340766.300836,1754340766.300862,1754340766.304454,1754340766.304476,1754340766.306124,1754340766.306127,224.60,,215.68,SUCCESS
2025-08-05 02:22:54,roydns.xyz,99,Custom,1754340769.512258,1754340769.512542,1754340769.520205,,,,1754340769.520471,1754340769.524446,1754340769.594633,1754340769.741956,1754340769.737519,1754340769.737546,1754340769.741940,1754340769.741969,1754340769.744020,1754340769.744024,231.84,,221.50,SUCCESS
2025-08-05 02:23:06,roydns.xyz,100,Custom,1754340772.952289,1754340772.952573,1754340772.958868,,,,1754340772.959094,1754340772.961554,1754340773.047134,1754340773.221843,1754340773.216405,1754340773.216425,1754340773.221832,1754340773.221855,1754340773.224042,1754340773.224046,271.82,,262.76,SUCCESS
2025-08-05 02:23:06,cloudflare.com,101,Global,1754340776.452093,1754340776.452356,1754340776.459483,1754340776.459724,,1754340779.329789,,,,,,,,1754340779.329841,1754340779.332749,1754340779.332760,2880.76,2870.09,,SUCCESS
2025-08-05 02:23:07,cloudflare.com,102,Global,1754340782.532250,1754340782.532512,1754340782.540175,1754340782.540430,,1754340782.541036,,,,,,,,1754340782.541090,1754340782.543968,1754340782.543980,11.83,0.63,,SUCCESS
2025-08-05 02:23:15,cloudflare.com,103,Global,1754340785.752934,1754340785.753200,1754340785.757242,1754340785.757574,,1754340785.758147,,,,,,,,1754340785.758178,1754340785.760154,1754340785.760159,7.29,0.58,,SUCCESS
2025-08-05 02:23:16,cloudflare.com,104,Global,1754340788.978553,1754340788.978875,1754340788.986689,1754340788.986937,,1754340788.987563,,,,,,,,1754340788.987618,1754340788.990474,1754340788.990485,12.03,0.65,,SUCCESS
2025-08-05 02:23:17,cloudflare.com,105,Global,1754340792.203926,1754340792.204211,1754340792.210981,1754340792.211210,,1754340792.211749,,,,,,,,1754340792.211781,1754340792.214314,1754340792.214324,10.50,0.55,,SUCCESS
2025-08-05 02:23:25,cloudflare.com,106,Global,1754340795.425010,1754340795.425276,1754340795.431795,1754340795.432038,,1754340795.432550,,,,,,,,1754340795.432688,1754340795.434671,1754340795.434675,9.74,0.63,,SUCCESS
2025-08-05 02:23:26,cloudflare.com,107,Global,1754340798.643332,1754340798.643650,1754340798.651180,1754340798.651452,,1754340798.651995,,,,,,,,1754340798.652028,1754340798.654004,1754340798.654009,10.76,0.55,,SUCCESS
2025-08-05 02:23:26,cloudflare.com,108,Global,1754340801.857547,1754340801.857710,1754340801.862359,1754340801.862618,,1754340801.863146,,,,,,,,1754340801.863191,1754340801.865793,1754340801.865797,8.34,0.55,,SUCCESS
2025-08-05 02:23:34,cloudflare.com,109,Global,1754340805.063706,1754340805.063887,1754340805.071857,1754340805.072100,,1754340805.072733,,,,,,,,1754340805.072787,1754340805.075266,1754340805.075274,11.64,0.65,,SUCCESS
2025-08-05 02:23:35,cloudflare.com,110,Global,1754340808.278528,1754340808.278742,1754340808.284102,1754340808.284332,,1754340808.284906,,,,,,,,1754340808.284945,1754340808.286979,1754340808.286983,8.54,0.58,,SUCCESS
2025-08-05 02:23:36,cloudflare.com,111,Global,1754340811.505948,1754340811.506239,1754340811.514803,1754340811.515048,,1754340811.515632,,,,,,,,1754340811.515664,1754340811.518170,1754340811.518180,12.33,0.59,,SUCCESS
2025-08-05 02:23:47,cloudflare.com,112,Global,1754340814.737048,1754340814.737318,1754340814.745051,1754340814.745299,,1754340814.745838,,,,,,,,1754340814.745887,1754340814.748558,1754340814.748661,11.71,0.56,,SUCCESS
2025-08-05 02:23:48,cloudflare.com,113,Global,1754340817.939017,1754340817.939154,1754340817.946962,1754340817.947206,,1754340817.947769,,,,,,,,1754340817.947818,1754340817.950680,1754340817.950694,11.78,0.58,,SUCCESS
2025-08-05 02:23:49,cloudflare.com,114,Global,1754340821.150539,1754340821.150830,1754340821.158929,1754340821.159175,,1754340821.159770,,,,,,,,1754340821.159818,1754340821.162566,1754340821.162571,12.13,0.61,,SUCCESS
2025-08-05 02:23:49,cloudflare.com,115,Global,1754340824.366078,1754340824.366282,1754340824.370728,1754340824.370943,,1754340824.371465,,,,,,,,1754340824.371495,1754340824.373526,1754340824.373530,7.53,0.53,,SUCCESS
2025-08-05 02:23:57,cloudflare.com,116,Global,1754340827.579358,1754340827.579627,1754340827.584273,1754340827.584501,,1754340827.584932,,,,,,,,1754340827.584963,1754340827.586913,1754340827.586918,7.63,0.44,,SUCCESS
2025-08-05 02:23:58,cloudflare.com,117,Global,1754340830.795305,1754340830.795693,1754340830.800658,1754340830.800931,,1754340830.801500,,,,,,,,1754340830.801543,1754340830.804364,1754340830.804375,9.17,0.58,,SUCCESS
2025-08-05 02:23:59,cloudflare.com,118,Global,1754340834.006595,1754340834.006881,1754340834.014050,1754340834.014286,,1754340834.014868,,,,,,,,1754340834.014900,1754340834.017227,1754340834.017238,10.74,0.59,,SUCCESS
2025-08-05 02:24:07,cloudflare.com,119,Global,1754340837.219928,1754340837.220261,1754340837.225364,1754340837.225667,,1754340837.226197,,,,,,,,1754340837.226234,1754340837.229701,1754340837.229716,9.87,0.54,,SUCCESS
2025-08-05 02:24:08,cloudflare.com,120,Global,1754340840.442074,1754340840.442385,1754340840.447218,1754340840.447485,,1754340840.448058,,,,,,,,1754340840.448097,1754340840.450602,1754340840.450607,8.63,0.59,,SUCCESS
2025-08-05 02:24:08,cloudflare.com,121,Global,1754340843.661150,1754340843.661456,1754340843.669647,1754340843.669912,,1754340843.670587,,,,,,,,1754340843.670628,1754340843.674807,1754340843.674823,13.79,0.69,,SUCCESS
2025-08-05 02:24:17,cloudflare.com,122,Global,1754340846.886615,1754340846.886946,1754340846.891398,1754340846.891643,,1754340846.892175,,,,,,,,1754340846.892211,1754340846.894699,1754340846.894704,8.17,0.54,,SUCCESS
2025-08-05 02:24:17,cloudflare.com,123,Global,1754340850.101535,1754340850.101796,1754340850.109189,1754340850.109438,,1754340850.110033,,,,,,,,1754340850.110080,1754340850.112144,1754340850.112149,10.69,0.62,,SUCCESS
2025-08-05 02:24:18,cloudflare.com,124,Global,1754340853.324360,1754340853.324662,1754340853.332124,1754340853.332399,,1754340853.332917,,,,,,,,1754340853.332951,1754340853.335460,1754340853.335465,11.20,0.53,,SUCCESS
2025-08-05 02:24:26,cloudflare.com,125,Global,1754340856.537495,1754340856.537877,1754340856.542801,1754340856.543069,,1754340856.543606,,,,,,,,1754340856.543643,1754340856.546119,1754340856.546124,8.71,0.55,,SUCCESS
2025-08-05 02:24:27,cloudflare.com,126,Global,1754340859.744110,1754340859.744276,1754340859.752260,1754340859.752503,,1754340859.752863,,,,,,,,1754340859.752879,1754340859.755049,1754340859.755062,11.05,0.35,,SUCCESS
2025-08-05 02:24:28,cloudflare.com,127,Global,1754340862.957934,1754340862.958192,1754340862.962987,1754340862.963247,,1754340862.963732,,,,,,,,1754340862.963747,1754340862.966406,1754340862.966417,8.58,0.48,,SUCCESS
2025-08-05 02:24:36,cloudflare.com,128,Global,1754340866.188869,1754340866.189279,1754340866.197081,1754340866.197321,,1754340866.197859,,,,,,,,1754340866.197895,1754340866.202443,1754340866.202450,13.70,0.55,,SUCCESS
2025-08-05 02:24:37,cloudflare.com,129,Global,1754340869.425842,1754340869.426120,1754340869.430804,1754340869.431065,,1754340869.431643,,,,,,,,1754340869.431683,1754340869.435910,1754340869.435919,10.17,0.59,,SUCCESS
2025-08-05 02:24:37,cloudflare.com,130,Global,1754340872.648943,1754340872.649096,1754340872.656332,1754340872.656599,,1754340872.657101,,,,,,,,1754340872.657131,1754340872.659112,1754340872.659117,10.26,0.51,,SUCCESS
2025-08-05 02:24:46,cloudflare.com,131,Global,1754340875.859627,1754340875.859968,1754340875.864464,1754340875.864710,,1754340875.865243,,,,,,,,1754340875.865286,1754340875.867842,1754340875.867847,8.30,0.55,,SUCCESS
2025-08-05 02:24:46,cloudflare.com,132,Global,1754340879.081254,1754340879.081550,1754340879.086482,1754340879.086696,,1754340879.087202,,,,,,,,1754340879.087237,1754340879.089215,1754340879.089221,8.04,0.52,,SUCCESS
2025-08-05 02:24:47,cloudflare.com,133,Global,1754340882.304294,1754340882.304663,1754340882.309995,1754340882.310212,,1754340882.310714,,,,,,,,1754340882.310744,1754340882.312750,1754340882.312755,8.53,0.51,,SUCCESS
2025-08-05 02:24:55,cloudflare.com,134,Global,1754340885.516945,1754340885.517347,1754340885.525425,1754340885.525668,,1754340885.526186,,,,,,,,1754340885.526220,1754340885.528552,1754340885.528557,11.69,0.53,,SUCCESS
2025-08-05 02:24:56,cloudflare.com,135,Global,1754340888.741682,1754340888.741948,1754340888.746544,1754340888.746756,,1754340888.747286,,,,,,,,1754340888.747316,1754340888.749265,1754340888.749271,7.67,0.54,,SUCCESS
2025-08-05 02:24:57,cloudflare.com,136,Global,1754340891.967433,1754340891.967599,1754340891.974252,1754340891.974508,,1754340891.975026,,,,,,,,1754340891.975059,1754340891.977701,1754340891.977712,10.36,0.53,,SUCCESS
2025-08-05 02:25:05,cloudflare.com,137,Global,1754340895.176321,1754340895.176629,1754340895.184291,1754340895.184546,,1754340895.185138,,,,,,,,1754340895.185188,1754340895.189575,1754340895.189582,13.35,0.61,,SUCCESS
2025-08-05 02:25:06,cloudflare.com,138,Global,1754340898.405645,1754340898.405798,1754340898.409920,1754340898.410153,,1754340898.410730,,,,,,,,1754340898.410779,1754340898.415953,1754340898.415967,10.42,0.60,,SUCCESS
2025-08-05 02:25:06,cloudflare.com,139,Global,1754340901.623686,1754340901.623972,1754340901.632401,1754340901.632672,,1754340901.633225,,,,,,,,1754340901.633261,1754340901.635770,1754340901.635775,12.18,0.56,,SUCCESS
2025-08-05 02:25:15,cloudflare.com,140,Global,1754340904.852590,1754340904.852962,1754340904.857893,1754340904.858159,,1754340904.858703,,,,,,,,1754340904.858741,1754340904.863348,1754340904.863356,10.88,0.56,,SUCCESS
2025-08-05 02:25:15,cloudflare.com,141,Global,1754340908.071666,1754340908.071933,1754340908.079133,1754340908.079398,,1754340908.079942,,,,,,,,1754340908.079972,1754340908.081916,1754340908.081922,10.33,0.55,,SUCCESS
2025-08-05 02:25:16,cloudflare.com,142,Global,1754340911.291327,1754340911.291621,1754340911.296993,1754340911.297213,,1754340911.297733,,,,,,,,1754340911.297767,1754340911.301083,1754340911.301098,9.88,0.53,,SUCCESS
2025-08-05 02:25:24,cloudflare.com,143,Global,1754340914.507728,1754340914.508147,1754340914.515171,1754340914.515473,,1754340914.516098,,,,,,,,1754340914.516138,1754340914.521087,1754340914.521096,13.47,0.64,,SUCCESS
2025-08-05 02:25:25,cloudflare.com,144,Global,1754340917.727998,1754340917.728248,1754340917.732934,1754340917.733268,,1754340917.733837,,,,,,,,1754340917.733882,1754340917.736668,1754340917.736675,8.78,0.58,,SUCCESS
2025-08-05 02:25:26,cloudflare.com,145,Global,1754340920.945533,1754340920.945804,1754340920.953466,1754340920.953700,,1754340920.954250,,,,,,,,1754340920.954299,1754340920.957164,1754340920.957174,11.74,0.57,,SUCCESS
2025-08-05 02:25:34,cloudflare.com,146,Global,1754340924.149776,1754340924.150160,1754340924.158105,1754340924.158352,,1754340924.158911,,,,,,,,1754340924.158952,1754340924.163250,1754340924.163256,13.56,0.57,,SUCCESS
2025-08-05 02:25:35,cloudflare.com,147,Global,1754340927.379952,1754340927.380141,1754340927.387798,1754340927.388031,,1754340927.388602,,,,,,,,1754340927.388646,1754340927.391230,1754340927.391237,11.37,0.59,,SUCCESS
2025-08-05 02:25:35,cloudflare.com,148,Global,1754340930.607906,1754340930.608052,1754340930.614026,1754340930.614273,,1754340930.614821,,,,,,,,1754340930.614853,1754340930.616861,1754340930.616866,9.04,0.56,,SUCCESS
=== RR MONITORING SUMMARY ===
Total requests processed: 148
Successful requests: 148
Custom domain requests: 50
Global domain requests: 98
Monitoring ended at: Tue Aug  5 02:51:19 AM IST 2025
