RR Monitoring Started at Tue Aug  5 03:56:17 AM IST 2025
================================================
Timestamp,Domain,Run,Type,TW6,TW7,TW8,TW9,TW10,TW11,TW12,TW13,TW14,TW19,TW20,TW21,TW22_ANS_decrypt_end,TW22,TW23,TW24,RR_RTT_ms,PowerDNS_RTT_ms,ANS_RTT_ms,Status

2025-08-05 03:56:31,roydns.xyz,1,Custom,1754346384.015805,1754346384.016060,1754346384.024442,1754346384.024496,,1754346384.025021,,,,,,,,1754346384.025060,1754346384.027883,1754346384.027894,12.18,0.54,,SUCCESS
2025-08-05 03:56:31,roydns.xyz,2,Custom,1754346387.240992,1754346387.241204,1754346387.249413,1754346387.249451,,1754346387.250046,,,,,,,,1754346387.250093,1754346387.252212,1754346387.252216,11.31,0.61,,SUCCESS
2025-08-05 03:56:40,roydns.xyz,3,Custom,1754346390.468146,1754346390.468340,1754346390.474818,1754346390.474887,,1754346390.475450,,,,,,,,1754346390.475488,1754346390.478053,1754346390.478059,10.00,0.58,,SUCCESS
2025-08-05 03:56:41,roydns.xyz,4,Custom,1754346393.685420,1754346393.685726,1754346393.691234,1754346393.691281,,1754346393.691868,,,,,,,,1754346393.691911,1754346393.694756,1754346393.694766,9.44,0.60,,SUCCESS
2025-08-05 03:56:41,roydns.xyz,5,Custom,1754346396.917466,1754346396.917755,1754346396.921988,1754346396.922030,,1754346396.922558,,,,,,,,1754346396.922588,1754346396.924538,1754346396.924542,7.16,0.54,,SUCCESS
2025-08-05 03:56:42,roydns.xyz,6,Custom,1754346400.149456,1754346400.149830,1754346400.154694,1754346400.154726,,1754346400.155287,,,,,,,,1754346400.155325,1754346400.157945,1754346400.157950,8.59,0.58,,SUCCESS
2025-08-05 03:56:53,roydns.xyz,7,Custom,1754346403.364412,1754346403.364696,1754346403.372334,1754346403.372405,,1754346403.372998,,,,,,,,1754346403.373035,1754346403.375557,1754346403.375566,11.24,0.60,,SUCCESS
2025-08-05 03:56:54,roydns.xyz,8,Custom,1754346406.586434,1754346406.586592,1754346406.590786,1754346406.590826,,1754346406.591288,,,,,,,,1754346406.591302,1754346406.593108,1754346406.593111,6.75,0.46,,SUCCESS
2025-08-05 03:56:55,roydns.xyz,9,Custom,1754346409.801420,1754346409.801680,1754346409.808441,1754346409.808488,,1754346409.809038,,,,,,,,1754346409.809075,1754346409.811219,1754346409.811228,9.89,0.56,,SUCCESS
2025-08-05 03:57:03,roydns.xyz,10,Custom,1754346413.013567,1754346413.013988,1754346413.023151,1754346413.023189,,1754346413.023781,,,,,,,,1754346413.023829,1754346413.026134,1754346413.026140,12.65,0.61,,SUCCESS
2025-08-05 03:57:03,roydns.xyz,11,Custom,1754346416.239591,1754346416.239859,1754346416.247870,1754346416.247911,,1754346416.248443,,,,,,,,1754346416.248472,1754346416.251137,1754346416.251141,11.63,0.54,,SUCCESS
2025-08-05 03:57:04,roydns.xyz,12,Custom,1754346419.458918,1754346419.459117,1754346419.467314,1754346419.467347,,1754346419.467964,,,,,,,,1754346419.468007,1754346419.470129,1754346419.470133,11.30,0.64,,SUCCESS
2025-08-05 03:57:12,roydns.xyz,13,Custom,1754346422.667259,1754346422.667598,1754346422.673686,1754346422.673724,,1754346422.674185,,,,,,,,1754346422.674213,1754346422.676294,1754346422.676303,9.14,0.47,,SUCCESS
2025-08-05 03:57:13,roydns.xyz,14,Custom,1754346425.871753,1754346425.872008,1754346425.882183,1754346425.882221,,1754346425.882877,,,,,,,,1754346425.882927,1754346425.885876,1754346425.885881,14.23,0.68,,SUCCESS
2025-08-05 03:57:14,roydns.xyz,15,Custom,1754346429.081269,1754346429.081518,1754346429.087990,1754346429.088038,,1754346429.088633,,,,,,,,1754346429.088670,1754346429.091251,1754346429.091257,10.08,0.61,,SUCCESS
2025-08-05 03:57:22,roydns.xyz,16,Custom,1754346432.300804,1754346432.301222,1754346432.305557,1754346432.305601,,1754346432.306117,,,,,,,,1754346432.306150,1754346432.308430,1754346432.308436,7.71,0.53,,SUCCESS
2025-08-05 03:57:23,roydns.xyz,17,Custom,1754346435.526482,1754346435.526778,1754346435.533814,1754346435.533862,,1754346435.534460,,,,,,,,1754346435.534500,1754346435.537062,1754346435.537071,10.67,0.61,,SUCCESS
2025-08-05 03:57:23,roydns.xyz,18,Custom,1754346438.759622,1754346438.759803,1754346438.763873,1754346438.763904,,1754346438.764533,,,,,,,,1754346438.764578,1754346438.766949,1754346438.766955,7.42,0.65,,SUCCESS
2025-08-05 03:57:32,roydns.xyz,19,Custom,1754346441.975178,1754346441.975435,1754346441.980448,1754346441.980497,,1754346441.981065,,,,,,,,1754346441.981102,1754346441.983669,1754346441.983674,8.58,0.58,,SUCCESS
2025-08-05 03:57:32,roydns.xyz,20,Custom,1754346445.192915,1754346445.193130,1754346445.197710,1754346445.197758,,1754346445.198233,,,,,,,,1754346445.198274,1754346445.200720,1754346445.200727,7.90,0.49,,SUCCESS
2025-08-05 03:57:33,roydns.xyz,21,Custom,1754346448.408698,1754346448.408943,1754346448.416631,1754346448.416664,,1754346448.417241,,,,,,,,1754346448.417286,1754346448.419436,1754346448.419441,10.83,0.60,,SUCCESS
2025-08-05 03:57:41,roydns.xyz,22,Custom,1754346451.633877,1754346451.634082,1754346451.641727,1754346451.641873,,1754346451.642284,,,,,,,,1754346451.642300,1754346451.644755,1754346451.644759,10.95,0.41,,SUCCESS
2025-08-05 03:57:42,roydns.xyz,23,Custom,1754346454.842731,1754346454.843021,1754346454.848910,1754346454.848954,,1754346454.849523,,,,,,,,1754346454.849558,1754346454.851586,1754346454.851590,8.93,0.58,,SUCCESS
2025-08-05 03:57:42,roydns.xyz,24,Custom,1754346458.068230,1754346458.068434,1754346458.073678,1754346458.073715,,1754346458.074202,,,,,,,,1754346458.074230,1754346458.076170,1754346458.076175,8.03,0.50,,SUCCESS
2025-08-05 03:57:51,roydns.xyz,25,Custom,1754346461.281331,1754346461.281688,1754346461.290232,1754346461.290281,,1754346461.290818,,,,,,,,1754346461.290858,1754346461.293876,1754346461.293884,12.64,0.55,,SUCCESS
2025-08-05 03:57:51,roydns.xyz,26,Custom,1754346464.515055,1754346464.515295,1754346464.520615,1754346464.520666,,1754346464.521307,,,,,,,,1754346464.521347,1754346464.524129,1754346464.524139,9.18,0.65,,SUCCESS
2025-08-05 03:57:52,roydns.xyz,27,Custom,1754346467.729101,1754346467.729322,1754346467.737663,1754346467.737718,,1754346467.738262,,,,,,,,1754346467.738302,1754346467.741014,1754346467.741020,12.01,0.56,,SUCCESS
2025-08-05 03:58:04,roydns.xyz,28,Custom,1754346470.948081,1754346470.948283,1754346470.953237,1754346470.953278,,1754346470.953849,,,,,,,,1754346470.953884,1754346470.956202,1754346470.956303,8.33,0.58,,SUCCESS
2025-08-05 03:58:04,roydns.xyz,29,Custom,1754346474.149844,1754346474.150131,1754346474.158873,1754346474.158918,,1754346474.159420,,,,,,,,1754346474.159436,1754346474.161832,1754346474.161836,12.07,0.50,,SUCCESS
2025-08-05 03:58:05,roydns.xyz,30,Custom,1754346477.387674,1754346477.387966,1754346477.392950,1754346477.392993,,1754346477.393634,,,,,,,,1754346477.393667,1754346477.396189,1754346477.396199,8.62,0.65,,SUCCESS
2025-08-05 03:58:06,roydns.xyz,31,Custom,1754346480.616550,1754346480.616822,1754346480.624885,1754346480.624932,,1754346480.625380,,,,,,,,1754346480.625402,1754346480.627822,1754346480.627826,11.36,0.45,,SUCCESS
2025-08-05 03:58:13,roydns.xyz,32,Custom,1754346483.846133,1754346483.846519,1754346483.856444,1754346483.856482,,1754346483.857078,,,,,,,,1754346483.857125,1754346483.859735,1754346483.859745,13.69,0.61,,SUCCESS
2025-08-05 03:58:14,roydns.xyz,33,Custom,1754346487.060095,1754346487.060308,1754346487.068321,1754346487.068372,,1754346487.068932,,,,,,,,1754346487.068968,1754346487.071522,1754346487.071526,11.52,0.57,,SUCCESS
2025-08-05 03:58:15,roydns.xyz,34,Custom,1754346490.279739,1754346490.279951,1754346490.286317,1754346490.286355,,1754346490.286896,,,,,,,,1754346490.286928,1754346490.289100,1754346490.289104,9.45,0.55,,SUCCESS
2025-08-05 03:58:23,roydns.xyz,35,Custom,1754346493.486439,1754346493.486831,1754346493.494814,1754346493.494845,,1754346493.495342,,,,,,,,1754346493.495398,1754346493.497432,1754346493.497437,11.07,0.51,,SUCCESS
2025-08-05 03:58:24,roydns.xyz,36,Custom,1754346496.712002,1754346496.712209,1754346496.716988,1754346496.717030,,1754346496.717516,,,,,,,,1754346496.717553,1754346496.719717,1754346496.719722,7.80,0.50,,SUCCESS
2025-08-05 03:58:25,roydns.xyz,37,Custom,1754346499.939514,1754346499.939682,1754346499.944164,1754346499.944196,,1754346499.944742,,,,,,,,1754346499.944777,1754346499.947282,1754346499.947288,7.88,0.56,,SUCCESS
2025-08-05 03:58:33,roydns.xyz,38,Custom,1754346503.167791,1754346503.167938,1754346503.175627,1754346503.175665,,1754346503.176194,,,,,,,,1754346503.176230,1754346503.178741,1754346503.178745,11.03,0.54,,SUCCESS
2025-08-05 03:58:34,roydns.xyz,39,Custom,1754346506.402043,1754346506.402197,1754346506.407769,1754346506.407815,,1754346506.408353,,,,,,,,1754346506.408424,1754346506.411011,1754346506.411016,9.07,0.58,,SUCCESS
2025-08-05 03:58:34,roydns.xyz,40,Custom,1754346509.627777,1754346509.628019,1754346509.635086,1754346509.635133,,1754346509.635697,,,,,,,,1754346509.635733,1754346509.637972,1754346509.637980,10.29,0.58,,SUCCESS
2025-08-05 03:58:42,roydns.xyz,41,Custom,1754346512.850067,1754346512.850256,1754346512.854478,1754346512.854521,,1754346512.854984,,,,,,,,1754346512.855016,1754346512.857010,1754346512.857014,7.01,0.47,,SUCCESS
2025-08-05 03:58:43,roydns.xyz,42,Custom,1754346516.068548,1754346516.068829,1754346516.076103,1754346516.076142,,1754346516.076695,,,,,,,,1754346516.076729,1754346516.078735,1754346516.078739,10.27,0.57,,SUCCESS
2025-08-05 03:58:44,roydns.xyz,43,Custom,1754346519.291276,1754346519.291614,1754346519.299550,1754346519.299594,,1754346519.300166,,,,,,,,1754346519.300203,1754346519.303868,1754346519.303874,12.70,0.58,,SUCCESS
2025-08-05 03:58:52,roydns.xyz,44,Custom,1754346522.513120,1754346522.513307,1754346522.521361,1754346522.521517,,1754346522.522083,,,,,,,,1754346522.522137,1754346522.524819,1754346522.524824,11.79,0.59,,SUCCESS
2025-08-05 03:58:53,roydns.xyz,45,Custom,1754346525.731796,1754346525.732013,1754346525.737060,1754346525.737101,,1754346525.737695,,,,,,,,1754346525.737739,1754346525.740157,1754346525.740163,8.46,0.61,,SUCCESS
2025-08-05 03:58:53,roydns.xyz,46,Custom,1754346528.950960,1754346528.951170,1754346528.958559,1754346528.958605,,1754346528.959181,,,,,,,,1754346528.959219,1754346528.961674,1754346528.961683,10.81,0.59,,SUCCESS
2025-08-05 03:59:02,roydns.xyz,47,Custom,1754346532.167768,1754346532.168019,1754346532.172118,1754346532.172152,,1754346532.172663,,,,,,,,1754346532.172689,1754346532.174653,1754346532.174657,6.96,0.52,,SUCCESS
2025-08-05 03:59:02,roydns.xyz,48,Custom,1754346535.384828,1754346535.385073,1754346535.388993,1754346535.389029,,1754346535.389565,,,,,,,,1754346535.389593,1754346535.391544,1754346535.391548,6.79,0.55,,SUCCESS
2025-08-05 03:59:03,roydns.xyz,49,Custom,1754346538.604882,1754346538.605099,1754346538.610504,1754346538.610549,,1754346538.611073,,,,,,,,1754346538.611107,1754346538.613388,1754346538.613393,8.60,0.54,,SUCCESS
=== RR MONITORING SUMMARY ===
Total requests processed: 49
Successful requests: 49
Custom domain requests: 49
Global domain requests: 0
Monitoring ended at: Tue Aug  5 03:59:38 AM IST 2025
