RR Monitoring Started at Tue Aug  5 11:01:19 AM IST 2025
================================================
Timestamp,Domain,Run,Type,TW6,TW7,TW8,TW9,TW10,TW11,TW12,TW13,TW14,TW19,TW20,TW21,TW22_ANS_decrypt_end,TW22,TW23,TW24,RR_RTT_ms,PowerDNS_RTT_ms,ANS_RTT_ms,Status

2025-08-05 11:02:22,roydns.xyz,1,Custom,1754371935.647884,1754371935.648313,1754371935.653891,1754371935.653924,,1754371935.654426,,,,,,,,1754371935.654461,1754371935.656634,1754371935.656640,8.84,0.51,,SUCCESS
2025-08-05 11:02:23,roydns.xyz,2,Custom,1754371938.852110,1754371938.852385,1754371938.860020,1754371938.860056,,1754371938.860624,,,,,,,,1754371938.860669,1754371938.862830,1754371938.862835,10.81,0.59,,SUCCESS
2025-08-05 11:02:35,roydns.xyz,3,Custom,1754371942.072137,1754371942.072285,1754371942.076988,1754371942.077030,,1754371942.077574,,,,,,,,1754371942.077609,1754371942.079703,1754371942.079708,7.78,0.56,,SUCCESS
2025-08-05 11:02:35,roydns.xyz,4,Custom,1754371945.283169,1754371945.283453,1754371945.288538,1754371945.288578,,1754371945.289061,,,,,,,,1754371945.289075,1754371945.291031,1754371945.291034,7.94,0.48,,SUCCESS
2025-08-05 11:02:36,roydns.xyz,5,Custom,1754371948.501602,1754371948.501784,1754371948.509123,1754371948.509162,,1754371948.509687,,,,,,,,1754371948.509720,1754371948.511720,1754371948.511724,10.21,0.54,,SUCCESS
2025-08-05 11:02:37,roydns.xyz,6,Custom,1754371951.730433,1754371951.730672,1754371951.738385,1754371951.738424,,1754371951.738966,,,,,,,,1754371951.738996,1754371951.740971,1754371951.740976,10.63,0.55,,SUCCESS
2025-08-05 11:02:45,roydns.xyz,7,Custom,1754371954.956338,1754371954.956626,1754371954.962054,1754371954.962091,,1754371954.962590,,,,,,,,1754371954.962619,1754371954.964498,1754371954.964502,8.23,0.51,,SUCCESS
2025-08-05 11:02:45,roydns.xyz,8,Custom,1754371958.165927,1754371958.166167,1754371958.172848,1754371958.172888,,1754371958.173430,,,,,,,,1754371958.173464,1754371958.175767,1754371958.175771,9.93,0.55,,SUCCESS
2025-08-05 11:02:46,roydns.xyz,9,Custom,1754371961.391555,1754371961.391739,1754371961.398644,1754371961.398679,,1754371961.399235,,,,,,,,1754371961.399272,1754371961.401289,1754371961.401293,9.81,0.57,,SUCCESS
2025-08-05 11:02:54,roydns.xyz,10,Custom,1754371964.619651,1754371964.619946,1754371964.628278,1754371964.628313,,1754371964.628865,,,,,,,,1754371964.628915,1754371964.631112,1754371964.631115,11.54,0.58,,SUCCESS
2025-08-05 11:02:55,roydns.xyz,11,Custom,1754371967.839817,1754371967.839990,1754371967.847590,1754371967.847622,,1754371967.848092,,,,,,,,1754371967.848138,1754371967.850991,1754371967.850995,11.27,0.49,,SUCCESS
2025-08-05 11:02:56,roydns.xyz,12,Custom,1754371971.065536,1754371971.065729,1754371971.069896,1754371971.069936,,1754371971.070488,,,,,,,,1754371971.070518,1754371971.072486,1754371971.072491,7.04,0.56,,SUCCESS
2025-08-05 11:03:04,roydns.xyz,13,Custom,1754371974.277196,1754371974.277446,1754371974.283329,1754371974.283373,,1754371974.283824,,,,,,,,1754371974.283869,1754371974.286523,1754371974.286532,9.41,0.47,,SUCCESS
2025-08-05 11:03:05,roydns.xyz,14,Custom,1754371977.488069,1754371977.488405,1754371977.493054,1754371977.493099,,1754371977.493631,,,,,,,,1754371977.493667,1754371977.496039,1754371977.496043,8.05,0.54,,SUCCESS
2025-08-05 11:03:05,roydns.xyz,15,Custom,1754371980.709554,1754371980.709728,1754371980.714351,1754371980.714380,,1754371980.714806,,,,,,,,1754371980.714825,1754371980.717368,1754371980.717375,7.91,0.43,,SUCCESS
2025-08-05 11:03:14,roydns.xyz,16,Custom,1754371983.928065,1754371983.928323,1754371983.933452,1754371983.933491,,1754371983.934058,,,,,,,,1754371983.934090,1754371983.936107,1754371983.936112,8.12,0.58,,SUCCESS
2025-08-05 11:03:14,roydns.xyz,17,Custom,1754371987.152608,1754371987.152786,1754371987.159346,1754371987.159389,,1754371987.159932,,,,,,,,1754371987.159970,1754371987.162526,1754371987.162532,10.02,0.56,,SUCCESS
2025-08-05 11:03:15,roydns.xyz,18,Custom,1754371990.373815,1754371990.374045,1754371990.382669,1754371990.382699,,1754371990.383305,,,,,,,,1754371990.383353,1754371990.386097,1754371990.386107,12.39,0.63,,SUCCESS
2025-08-05 11:03:23,roydns.xyz,19,Custom,1754371993.588475,1754371993.588738,1754371993.596543,1754371993.596696,,1754371993.597314,,,,,,,,1754371993.597348,1754371993.600045,1754371993.600057,11.67,0.63,,SUCCESS
2025-08-05 11:03:24,roydns.xyz,20,Custom,1754371996.810850,1754371996.811043,1754371996.815294,1754371996.815341,,1754371996.815835,,,,,,,,1754371996.815879,1754371996.818052,1754371996.818061,7.30,0.51,,SUCCESS
2025-08-05 11:03:25,roydns.xyz,21,Custom,1754372000.019371,1754372000.019625,1754372000.027041,1754372000.027071,,1754372000.027621,,,,,,,,1754372000.027664,1754372000.030096,1754372000.030101,10.81,0.57,,SUCCESS
2025-08-05 11:03:33,roydns.xyz,22,Custom,1754372003.230865,1754372003.231084,1754372003.238891,1754372003.238928,,1754372003.239428,,,,,,,,1754372003.239555,1754372003.241536,1754372003.241541,10.74,0.60,,SUCCESS
2025-08-05 11:03:33,roydns.xyz,23,Custom,1754372006.458109,1754372006.458261,1754372006.466463,1754372006.466496,,1754372006.467000,,,,,,,,1754372006.467073,1754372006.469170,1754372006.469173,11.14,0.55,,SUCCESS
2025-08-05 11:03:34,roydns.xyz,24,Custom,1754372009.674296,1754372009.674581,1754372009.682230,1754372009.682267,,1754372009.682804,,,,,,,,1754372009.682832,1754372009.685049,1754372009.685061,10.86,0.55,,SUCCESS
2025-08-05 11:03:45,roydns.xyz,25,Custom,1754372012.891639,1754372012.891854,1754372012.900762,1754372012.900795,,1754372012.901363,,,,,,,,1754372012.901413,1754372012.903733,1754372012.903739,12.18,0.59,,SUCCESS
2025-08-05 11:03:46,roydns.xyz,26,Custom,1754372016.101991,1754372016.102348,1754372016.105837,1754372016.105870,,1754372016.106443,,,,,,,,1754372016.106471,1754372016.108361,1754372016.108366,6.45,0.58,,SUCCESS
2025-08-05 11:03:47,roydns.xyz,27,Custom,1754372019.313278,1754372019.313499,1754372019.317958,1754372019.317986,,1754372019.318555,,,,,,,,1754372019.318590,1754372019.321098,1754372019.321104,7.92,0.58,,SUCCESS
2025-08-05 11:03:48,roydns.xyz,28,Custom,1754372022.541143,1754372022.541412,1754372022.548300,1754372022.548339,,1754372022.548877,,,,,,,,1754372022.548909,1754372022.551056,1754372022.551060,10.00,0.55,,SUCCESS
2025-08-05 11:03:56,roydns.xyz,29,Custom,1754372025.751623,1754372025.751876,1754372025.758904,1754372025.758947,,1754372025.759468,,,,,,,,1754372025.759503,1754372025.761983,1754372025.761989,10.46,0.53,,SUCCESS
2025-08-05 11:03:56,roydns.xyz,30,Custom,1754372028.954998,1754372028.955299,1754372028.962744,1754372028.962774,,1754372028.963390,,,,,,,,1754372028.963433,1754372028.967662,1754372028.967668,12.77,0.63,,SUCCESS
2025-08-05 11:03:57,roydns.xyz,31,Custom,1754372032.165496,1754372032.165680,1754372032.169710,1754372032.169754,,1754372032.170311,,,,,,,,1754372032.170341,1754372032.172318,1754372032.172323,6.91,0.57,,SUCCESS
2025-08-05 11:04:05,roydns.xyz,32,Custom,1754372035.383578,1754372035.383936,1754372035.388405,1754372035.388445,,1754372035.388885,,,,,,,,1754372035.388900,1754372035.391013,1754372035.391018,7.51,0.44,,SUCCESS
2025-08-05 11:04:06,roydns.xyz,33,Custom,1754372038.583878,1754372038.584059,1754372038.591017,1754372038.591058,,1754372038.591581,,,,,,,,1754372038.591618,1754372038.594144,1754372038.594151,10.37,0.54,,SUCCESS
2025-08-05 11:04:06,roydns.xyz,34,Custom,1754372041.784507,1754372041.784689,1754372041.789212,1754372041.789249,,1754372041.789792,,,,,,,,1754372041.789823,1754372041.791797,1754372041.791802,7.38,0.55,,SUCCESS
2025-08-05 11:04:15,roydns.xyz,35,Custom,1754372044.984953,1754372044.985394,1754372044.993192,1754372044.993233,,1754372044.993742,,,,,,,,1754372044.993774,1754372044.995878,1754372044.995882,11.00,0.52,,SUCCESS
2025-08-05 11:04:15,roydns.xyz,36,Custom,1754372048.192246,1754372048.192399,1754372048.196625,1754372048.196658,,1754372048.197202,,,,,,,,1754372048.197234,1754372048.199327,1754372048.199332,7.17,0.56,,SUCCESS
2025-08-05 11:04:16,roydns.xyz,37,Custom,1754372051.402241,1754372051.402495,1754372051.407870,1754372051.407914,,1754372051.408523,,,,,,,,1754372051.408554,1754372051.410541,1754372051.410545,8.38,0.62,,SUCCESS
2025-08-05 11:04:24,roydns.xyz,38,Custom,1754372054.621494,1754372054.621806,1754372054.630635,1754372054.630671,,1754372054.631258,,,,,,,,1754372054.631306,1754372054.633539,1754372054.633544,12.12,0.61,,SUCCESS
2025-08-05 11:04:25,roydns.xyz,39,Custom,1754372057.821650,1754372057.821851,1754372057.826779,1754372057.826815,,1754372057.827420,,,,,,,,1754372057.827452,1754372057.829413,1754372057.829417,7.85,0.62,,SUCCESS
2025-08-05 11:04:26,roydns.xyz,40,Custom,1754372061.037262,1754372061.037527,1754372061.043541,1754372061.043586,,1754372061.044135,,,,,,,,1754372061.044172,1754372061.046712,1754372061.046718,9.55,0.56,,SUCCESS
2025-08-05 11:04:34,roydns.xyz,41,Custom,1754372064.258253,1754372064.258412,1754372064.261965,1754372064.261990,,1754372064.262551,,,,,,,,1754372064.262581,1754372064.264511,1754372064.264515,6.33,0.57,,SUCCESS
2025-08-05 11:04:35,roydns.xyz,42,Custom,1754372067.477982,1754372067.478288,1754372067.482840,1754372067.482873,,1754372067.483456,,,,,,,,1754372067.483487,1754372067.485340,1754372067.485344,7.44,0.59,,SUCCESS
2025-08-05 11:04:35,roydns.xyz,43,Custom,1754372070.697390,1754372070.697601,1754372070.706611,1754372070.706644,,1754372070.707249,,,,,,,,1754372070.707292,1754372070.710324,1754372070.710329,13.02,0.62,,SUCCESS
2025-08-05 11:04:43,roydns.xyz,44,Custom,1754372073.911337,1754372073.911554,1754372073.915601,1754372073.915732,,1754372073.916313,,,,,,,,1754372073.916344,1754372073.918515,1754372073.918520,7.26,0.59,,SUCCESS
2025-08-05 11:04:44,roydns.xyz,45,Custom,1754372077.132956,1754372077.133277,1754372077.137927,1754372077.137964,,1754372077.138518,,,,,,,,1754372077.138553,1754372077.141033,1754372077.141038,8.18,0.57,,SUCCESS
2025-08-05 11:04:45,roydns.xyz,46,Custom,1754372080.347685,1754372080.347831,1754372080.352306,1754372080.352344,,1754372080.352848,,,,,,,,1754372080.352878,1754372080.354865,1754372080.354872,7.25,0.52,,SUCCESS
2025-08-05 11:04:53,roydns.xyz,47,Custom,1754372083.566485,1754372083.566679,1754372083.571826,1754372083.571869,,1754372083.572382,,,,,,,,1754372083.572508,1754372083.574477,1754372083.574482,8.06,0.52,,SUCCESS
2025-08-05 11:04:54,roydns.xyz,48,Custom,1754372086.780778,1754372086.781047,1754372086.789257,1754372086.789295,,1754372086.789852,,,,,,,,1754372086.789886,1754372086.792042,1754372086.792048,11.36,0.57,,SUCCESS
2025-08-05 11:04:54,roydns.xyz,49,Custom,1754372089.993293,1754372089.993577,1754372090.000504,1754372090.000540,,1754372090.001044,,,,,,,,1754372090.001061,1754372090.002929,1754372090.002933,9.71,0.50,,SUCCESS
=== RR MONITORING SUMMARY ===
Total requests processed: 49
Successful requests: 49
Custom domain requests: 49
Global domain requests: 0
Monitoring ended at: Tue Aug  5 11:05:10 AM IST 2025
