RR Monitoring Started at Tue Aug  5 12:16:55 AM IST 2025
================================================
Timestamp,Domain,Run,TW6,TW7,TW8,TW9,TW10,TW11,TW12,TW13,TW19,TW20,TW21,TW22,TW23,TW24,RR_RTT_ms,Status

2025-08-05 00:18:23,google.com,1,1754333257.432062,1754333257.432270,1754333257.439848,1754333257.505160,,1754333259.405273,,,,,,1754333259.405322,1754333259.407544,1754333259.407549,1975.57,SUCCESS
2025-08-05 00:18:24,google.com,2,1754333300.050802,1754333300.051067,1754333300.058134,1754333300.058464,,1754333300.059006,,,,,,1754333300.059046,1754333300.061493,1754333300.061498,10.79,SUCCESS
2025-08-05 00:18:33,google.com,3,1754333303.275471,1754333303.275632,1754333303.283048,1754333303.283329,,1754333303.283891,,,,,,1754333303.283928,1754333303.286648,1754333303.286654,11.27,SUCCESS
2025-08-05 00:18:33,google.com,4,1754333306.509741,1754333306.509969,1754333306.517173,1754333306.517442,,1754333306.517946,,,,,,1754333306.517985,1754333306.520305,1754333306.520313,10.68,SUCCESS
2025-08-05 00:18:34,google.com,5,1754333309.741168,1754333309.741341,1754333309.745804,1754333309.746036,,1754333309.746557,,,,,,1754333309.746588,1754333309.748613,1754333309.748617,7.52,SUCCESS
2025-08-05 00:18:34,google.com,6,1754333312.956457,1754333312.956746,1754333312.964259,1754333312.964538,,1754333312.965045,,,,,,1754333312.965081,1754333312.967589,1754333312.967594,11.23,SUCCESS
2025-08-05 00:18:46,google.com,7,1754333316.187535,1754333316.187839,1754333316.195738,1754333316.196087,,1754333316.196676,,,,,,1754333316.196707,1754333316.198712,1754333316.198716,11.26,SUCCESS
2025-08-05 00:18:46,google.com,8,1754333319.411309,1754333319.411492,1754333319.417982,1754333319.418226,,1754333319.418749,,,,,,1754333319.418776,1754333319.420705,1754333319.420711,9.48,SUCCESS
2025-08-05 00:18:47,google.com,9,1754333322.631603,1754333322.631839,1754333322.638934,1754333322.639214,,1754333322.639756,,,,,,1754333322.639788,1754333322.641768,1754333322.641772,10.25,SUCCESS
2025-08-05 00:18:56,google.com,10,1754333325.860495,1754333325.861000,1754333325.865359,1754333325.865620,,1754333325.866163,,,,,,1754333325.866198,1754333325.868463,1754333325.868468,8.05,SUCCESS
2025-08-05 00:18:56,google.com,11,1754333329.087001,1754333329.087202,1754333329.094786,1754333329.095035,,1754333329.095668,,,,,,1754333329.095721,1754333329.101254,1754333329.101261,14.36,SUCCESS
2025-08-05 00:18:57,google.com,12,1754333332.312550,1754333332.312895,1754333332.320764,1754333332.321059,,1754333332.321685,,,,,,1754333332.321721,1754333332.324243,1754333332.324248,11.79,SUCCESS
2025-08-05 00:19:05,google.com,13,1754333335.520004,1754333335.520311,1754333335.527218,1754333335.527509,,1754333335.528079,,,,,,1754333335.528116,1754333335.530613,1754333335.530619,10.71,SUCCESS
2025-08-05 00:19:06,google.com,14,1754333338.738957,1754333338.739200,1754333338.744439,1754333338.744716,,1754333338.745307,,,,,,1754333338.745344,1754333338.747888,1754333338.747898,9.03,SUCCESS
2025-08-05 00:19:06,google.com,15,1754333341.961275,1754333341.961532,1754333341.966933,1754333341.967198,,1754333341.967810,,,,,,1754333341.967845,1754333341.970096,1754333341.970100,8.91,SUCCESS
2025-08-05 00:19:15,google.com,16,1754333345.185484,1754333345.185796,1754333345.191297,1754333345.191576,,1754333345.192131,,,,,,1754333345.192168,1754333345.194661,1754333345.194666,9.26,SUCCESS
2025-08-05 00:19:15,google.com,17,1754333348.404230,1754333348.404517,1754333348.413790,1754333348.414099,,1754333348.414754,,,,,,1754333348.414793,1754333348.417570,1754333348.417578,13.45,SUCCESS
2025-08-05 00:19:16,google.com,18,1754333351.628090,1754333351.628299,1754333351.635978,1754333351.636262,,1754333351.636847,,,,,,1754333351.636881,1754333351.639323,1754333351.639328,11.34,SUCCESS
2025-08-05 00:19:24,google.com,19,1754333354.850012,1754333354.850346,1754333354.855210,1754333354.855490,,1754333354.856055,,,,,,1754333354.856091,1754333354.858634,1754333354.858639,8.71,SUCCESS
2025-08-05 00:19:25,google.com,20,1754333358.056575,1754333358.056877,1754333358.064537,1754333358.064800,,1754333358.065287,,,,,,1754333358.065316,1754333358.067265,1754333358.067271,10.77,SUCCESS
2025-08-05 00:19:25,google.com,21,1754333361.267976,1754333361.268176,1754333361.272327,1754333361.272553,,1754333361.273079,,,,,,1754333361.273115,1754333361.275192,1754333361.275198,7.30,SUCCESS
2025-08-05 00:19:34,google.com,22,1754333364.474494,1754333364.474745,1754333364.479684,1754333364.479911,,1754333364.480347,,,,,,1754333364.480362,1754333364.482490,1754333364.482494,8.08,SUCCESS
2025-08-05 00:19:35,google.com,23,1754333367.698364,1754333367.698630,1754333367.705697,1754333367.705955,,1754333367.706568,,,,,,1754333367.706599,1754333367.710677,1754333367.710686,12.42,SUCCESS
2025-08-05 00:19:35,google.com,24,1754333370.917701,1754333370.917970,1754333370.925354,1754333370.925740,,1754333370.926284,,,,,,1754333370.926320,1754333370.928821,1754333370.928826,11.21,SUCCESS
2025-08-05 00:19:44,google.com,25,1754333374.137280,1754333374.137734,1754333374.142354,1754333374.142616,,1754333374.143111,,,,,,1754333374.143147,1754333374.145672,1754333374.145678,8.48,SUCCESS
2025-08-05 00:19:44,google.com,26,1754333377.356651,1754333377.356800,1754333377.361109,1754333377.361347,,1754333377.361906,,,,,,1754333377.361937,1754333377.364036,1754333377.364043,7.47,SUCCESS
2025-08-05 00:19:45,google.com,27,1754333380.574218,1754333380.574442,1754333380.581576,1754333380.581831,,1754333380.582331,,,,,,1754333380.582392,1754333380.584817,1754333380.584821,10.69,SUCCESS
2025-08-05 00:19:53,google.com,28,1754333383.793430,1754333383.793791,1754333383.801562,1754333383.801817,,1754333383.802326,,,,,,1754333383.802426,1754333383.804977,1754333383.804981,11.63,SUCCESS
2025-08-05 00:19:54,google.com,29,1754333387.017263,1754333387.017480,1754333387.023202,1754333387.023476,,1754333387.024042,,,,,,1754333387.024165,1754333387.026238,1754333387.026244,9.05,SUCCESS
2025-08-05 00:19:54,google.com,30,1754333390.222321,1754333390.222622,1754333390.230946,1754333390.231193,,1754333390.231765,,,,,,1754333390.231811,1754333390.234478,1754333390.234483,12.26,SUCCESS
2025-08-05 00:20:03,google.com,31,1754333393.437578,1754333393.437882,1754333393.442253,1754333393.442509,,1754333393.443011,,,,,,1754333393.443046,1754333393.445342,1754333393.445347,7.86,SUCCESS
2025-08-05 00:20:04,google.com,32,1754333396.666933,1754333396.667190,1754333396.676539,1754333396.676814,,1754333396.677468,,,,,,1754333396.677518,1754333396.680110,1754333396.680121,13.28,SUCCESS
2025-08-05 00:20:04,google.com,33,1754333399.886886,1754333399.887090,1754333399.893092,1754333399.893347,,1754333399.893934,,,,,,1754333399.893971,1754333399.896586,1754333399.896592,9.80,SUCCESS
2025-08-05 00:20:13,google.com,34,1754333403.109783,1754333403.110179,1754333403.115360,1754333403.115617,,1754333403.116125,,,,,,1754333403.116159,1754333403.118288,1754333403.118293,8.61,SUCCESS
2025-08-05 00:20:13,google.com,35,1754333406.315918,1754333406.316111,1754333406.323172,1754333406.323469,,1754333406.324003,,,,,,1754333406.324041,1754333406.326619,1754333406.326627,10.80,SUCCESS
2025-08-05 00:20:14,google.com,36,1754333409.529022,1754333409.529244,1754333409.537296,1754333409.537555,,1754333409.538107,,,,,,1754333409.538158,1754333409.540304,1754333409.540309,11.37,SUCCESS
2025-08-05 00:20:22,google.com,37,1754333412.749398,1754333412.749786,1754333412.754857,1754333412.755116,,1754333412.755636,,,,,,1754333412.755673,1754333412.758194,1754333412.758199,8.88,SUCCESS
2025-08-05 00:20:23,google.com,38,1754333415.970895,1754333415.971151,1754333415.976917,1754333415.977157,,1754333415.977698,,,,,,1754333415.977732,1754333415.980145,1754333415.980151,9.34,SUCCESS
2025-08-05 00:20:23,google.com,39,1754333419.204823,1754333419.204964,1754333419.211769,1754333419.212057,,1754333419.212634,,,,,,1754333419.212676,1754333419.214995,1754333419.214999,10.27,SUCCESS
2025-08-05 00:20:32,google.com,40,1754333422.420037,1754333422.420349,1754333422.428398,1754333422.428651,,1754333422.429147,,,,,,1754333422.429189,1754333422.431260,1754333422.431265,11.29,SUCCESS
2025-08-05 00:20:33,google.com,41,1754333425.644949,1754333425.645186,1754333425.653925,1754333425.654205,,1754333425.654764,,,,,,1754333425.654802,1754333425.657340,1754333425.657348,12.51,SUCCESS
2025-08-05 00:20:33,google.com,42,1754333428.865263,1754333428.865612,1754333428.871330,1754333428.871549,,1754333428.871970,,,,,,1754333428.871983,1754333428.873800,1754333428.873803,8.61,SUCCESS
2025-08-05 00:20:42,google.com,43,1754333432.092546,1754333432.092857,1754333432.101172,1754333432.101463,,1754333432.102028,,,,,,1754333432.102065,1754333432.105532,1754333432.105538,13.10,SUCCESS
2025-08-05 00:20:42,google.com,44,1754333435.315001,1754333435.315218,1754333435.323504,1754333435.323777,,1754333435.324309,,,,,,1754333435.324345,1754333435.326856,1754333435.326863,11.96,SUCCESS
2025-08-05 00:20:43,google.com,45,1754333438.533407,1754333438.533690,1754333438.541274,1754333438.541589,,1754333438.542104,,,,,,1754333438.542139,1754333438.544699,1754333438.544705,11.39,SUCCESS
2025-08-05 00:20:51,google.com,46,1754333441.761784,1754333441.762197,1754333441.767598,1754333441.767877,,1754333441.768487,,,,,,1754333441.768533,1754333441.771013,1754333441.771018,9.32,SUCCESS
2025-08-05 00:20:52,google.com,47,1754333444.988363,1754333444.988695,1754333444.992725,1754333444.992943,,1754333444.993386,,,,,,1754333444.993400,1754333444.995347,1754333444.995352,7.06,SUCCESS
2025-08-05 00:20:52,google.com,48,1754333448.213622,1754333448.213887,1754333448.221390,1754333448.221650,,1754333448.222147,,,,,,1754333448.222183,1754333448.224638,1754333448.224643,11.11,SUCCESS
2025-08-05 00:21:01,google.com,49,1754333451.435055,1754333451.435430,1754333451.444874,1754333451.445151,,1754333451.445767,,,,,,1754333451.445816,1754333451.448720,1754333451.448726,13.76,SUCCESS
2025-08-05 00:21:02,google.com,50,1754333454.650800,1754333454.651004,1754333454.657756,1754333454.657999,,1754333454.658478,,,,,,1754333454.658510,1754333454.660482,1754333454.660487,9.77,SUCCESS
2025-08-05 00:21:02,google.com,51,1754333457.852953,1754333457.853143,1754333457.860643,1754333457.860879,,1754333457.861601,,,,,,1754333457.861655,1754333457.864389,1754333457.864394,11.53,SUCCESS
2025-08-05 00:21:11,youtube.com,52,1754333461.091489,1754333461.091862,1754333461.100008,1754333461.100258,,1754333461.557451,,,,,,1754333461.557499,1754333461.559503,1754333461.559507,468.08,SUCCESS
2025-08-05 00:21:12,youtube.com,53,1754333464.753520,1754333464.753788,1754333464.759181,1754333464.759439,,1754333464.759945,,,,,,1754333464.759986,1754333464.762515,1754333464.762523,9.10,SUCCESS
2025-08-05 00:21:12,youtube.com,54,1754333467.976167,1754333467.976362,1754333467.984953,1754333467.985184,,1754333467.985776,,,,,,1754333467.985821,1754333467.987821,1754333467.987825,11.73,SUCCESS
2025-08-05 00:21:21,youtube.com,55,1754333471.206537,1754333471.206931,1754333471.211843,1754333471.212110,,1754333471.212667,,,,,,1754333471.212703,1754333471.215184,1754333471.215189,8.73,SUCCESS
2025-08-05 00:21:21,youtube.com,56,1754333474.419835,1754333474.420139,1754333474.427031,1754333474.427312,,1754333474.427943,,,,,,1754333474.427982,1754333474.430972,1754333474.430984,11.24,SUCCESS
2025-08-05 00:21:22,youtube.com,57,1754333477.638251,1754333477.638599,1754333477.642606,1754333477.642834,,1754333477.643332,,,,,,1754333477.643386,1754333477.645462,1754333477.645465,7.30,SUCCESS
2025-08-05 00:21:30,youtube.com,58,1754333480.868940,1754333480.869227,1754333480.876607,1754333480.876881,,1754333480.877454,,,,,,1754333480.877491,1754333480.879981,1754333480.879986,11.13,SUCCESS
2025-08-05 00:21:31,youtube.com,59,1754333484.088924,1754333484.089085,1754333484.094176,1754333484.094409,,1754333484.094888,,,,,,1754333484.094917,1754333484.096883,1754333484.096891,8.04,SUCCESS
2025-08-05 00:21:31,youtube.com,60,1754333487.305991,1754333487.306146,1754333487.313494,1754333487.313772,,1754333487.314292,,,,,,1754333487.314325,1754333487.316745,1754333487.316749,10.85,SUCCESS
2025-08-05 00:21:40,youtube.com,61,1754333490.520096,1754333490.520661,1754333490.524755,1754333490.524988,,1754333490.525628,,,,,,1754333490.525662,1754333490.527923,1754333490.527928,7.93,SUCCESS
2025-08-05 00:21:41,youtube.com,62,1754333493.701818,1754333493.702102,1754333493.707420,1754333493.707687,,1754333493.708239,,,,,,1754333493.708274,1754333493.710768,1754333493.710775,9.05,SUCCESS
2025-08-05 00:21:41,youtube.com,63,1754333496.928756,1754333496.929069,1754333496.938330,1754333496.938618,,1754333496.939230,,,,,,1754333496.939285,1754333496.941592,1754333496.941597,12.93,SUCCESS
2025-08-05 00:21:50,youtube.com,64,1754333500.158767,1754333500.159219,1754333500.163221,1754333500.163439,,1754333500.163912,,,,,,1754333500.163941,1754333500.165873,1754333500.165877,7.17,SUCCESS
2025-08-05 00:21:50,youtube.com,65,1754333503.362261,1754333503.362514,1754333503.373626,1754333503.373903,,1754333503.374574,,,,,,1754333503.374624,1754333503.377092,1754333503.377098,14.93,SUCCESS
2025-08-05 00:21:51,youtube.com,66,1754333506.579404,1754333506.579688,1754333506.587567,1754333506.587813,,1754333506.588311,,,,,,1754333506.588342,1754333506.590306,1754333506.590310,10.98,SUCCESS
2025-08-05 00:21:59,youtube.com,67,1754333509.797685,1754333509.797958,1754333509.801944,1754333509.802159,,1754333509.802660,,,,,,1754333509.802690,1754333509.804630,1754333509.804634,7.02,SUCCESS
2025-08-05 00:22:00,youtube.com,68,1754333513.011666,1754333513.011961,1754333513.016587,1754333513.016811,,1754333513.017358,,,,,,1754333513.017409,1754333513.019414,1754333513.019420,7.84,SUCCESS
2025-08-05 00:22:00,youtube.com,69,1754333516.237928,1754333516.238104,1754333516.243854,1754333516.244112,,1754333516.244659,,,,,,1754333516.244693,1754333516.247198,1754333516.247203,9.37,SUCCESS
2025-08-05 00:22:09,youtube.com,70,1754333519.456449,1754333519.456802,1754333519.461483,1754333519.461733,,1754333519.462311,,,,,,1754333519.462344,1754333519.464627,1754333519.464632,8.27,SUCCESS
2025-08-05 00:22:10,youtube.com,71,1754333522.657181,1754333522.657395,1754333522.664670,1754333522.664942,,1754333522.665447,,,,,,1754333522.665482,1754333522.667907,1754333522.667915,10.82,SUCCESS
2025-08-05 00:22:10,youtube.com,72,1754333525.864798,1754333525.865063,1754333525.872624,1754333525.872953,,1754333525.873471,,,,,,1754333525.873499,1754333525.875467,1754333525.875471,10.75,SUCCESS
2025-08-05 00:22:19,youtube.com,73,1754333529.086505,1754333529.086856,1754333529.091664,1754333529.091927,,1754333529.092350,,,,,,1754333529.092408,1754333529.094878,1754333529.094884,8.46,SUCCESS
2025-08-05 00:22:19,youtube.com,74,1754333532.296310,1754333532.296616,1754333532.302424,1754333532.302666,,1754333532.303210,,,,,,1754333532.303251,1754333532.305271,1754333532.305276,9.05,SUCCESS
2025-08-05 00:22:20,youtube.com,75,1754333535.522075,1754333535.522266,1754333535.530117,1754333535.530425,,1754333535.530977,,,,,,1754333535.531016,1754333535.533788,1754333535.533793,11.80,SUCCESS
2025-08-05 00:22:28,youtube.com,76,1754333538.726116,1754333538.726430,1754333538.731723,1754333538.731983,,1754333538.732490,,,,,,1754333538.732527,1754333538.735013,1754333538.735018,8.98,SUCCESS
2025-08-05 00:22:29,youtube.com,77,1754333541.939236,1754333541.939465,1754333541.947177,1754333541.947422,,1754333541.948015,,,,,,1754333541.948062,1754333541.950171,1754333541.950178,11.02,SUCCESS
2025-08-05 00:22:29,youtube.com,78,1754333545.165669,1754333545.165816,1754333545.171287,1754333545.171498,,1754333545.171988,,,,,,1754333545.172017,1754333545.173960,1754333545.173965,8.37,SUCCESS
2025-08-05 00:22:38,youtube.com,79,1754333548.387618,1754333548.387972,1754333548.393138,1754333548.393357,,1754333548.393786,,,,,,1754333548.393816,1754333548.395741,1754333548.395745,8.19,SUCCESS
2025-08-05 00:22:38,youtube.com,80,1754333551.595198,1754333551.595414,1754333551.601192,1754333551.601457,,1754333551.601903,,,,,,1754333551.601932,1754333551.603796,1754333551.603802,8.67,SUCCESS
2025-08-05 00:22:39,youtube.com,81,1754333554.791601,1754333554.791753,1754333554.796029,1754333554.796269,,1754333554.796837,,,,,,1754333554.796869,1754333554.799468,1754333554.799477,7.96,SUCCESS
2025-08-05 00:22:48,youtube.com,82,1754333558.005542,1754333558.006082,1754333558.010149,1754333558.010373,,1754333558.010889,,,,,,1754333558.010917,1754333558.012779,1754333558.012783,7.31,SUCCESS
2025-08-05 00:22:48,youtube.com,83,1754333561.222675,1754333561.222959,1754333561.229800,1754333561.230085,,1754333561.230689,,,,,,1754333561.230729,1754333561.233065,1754333561.233076,10.49,SUCCESS
2025-08-05 00:22:49,youtube.com,84,1754333564.414183,1754333564.414394,1754333564.421768,1754333564.422071,,1754333564.422687,,,,,,1754333564.422721,1754333564.425079,1754333564.425083,10.99,SUCCESS
2025-08-05 00:22:57,youtube.com,85,1754333567.641028,1754333567.641340,1754333567.649562,1754333567.649810,,1754333567.650301,,,,,,1754333567.650346,1754333567.652421,1754333567.652426,11.47,SUCCESS
2025-08-05 00:22:58,youtube.com,86,1754333570.853486,1754333570.853745,1754333570.859735,1754333570.859993,,1754333570.860533,,,,,,1754333570.860576,1754333570.863084,1754333570.863091,9.69,SUCCESS
2025-08-05 00:22:58,youtube.com,87,1754333574.076909,1754333574.077137,1754333574.086156,1754333574.086427,,1754333574.087087,,,,,,1754333574.087136,1754333574.089491,1754333574.089500,12.67,SUCCESS
2025-08-05 00:23:07,youtube.com,88,1754333577.292737,1754333577.293109,1754333577.301565,1754333577.301825,,1754333577.302396,,,,,,1754333577.302440,1754333577.304640,1754333577.304645,11.98,SUCCESS
2025-08-05 00:23:07,youtube.com,89,1754333580.515932,1754333580.516149,1754333580.524743,1754333580.524988,,1754333580.525598,,,,,,1754333580.525647,1754333580.527763,1754333580.527769,11.92,SUCCESS
2025-08-05 00:23:08,youtube.com,90,1754333583.747954,1754333583.748135,1754333583.755354,1754333583.755643,,1754333583.756121,,,,,,1754333583.756154,1754333583.758220,1754333583.758229,10.36,SUCCESS
2025-08-05 00:23:17,youtube.com,91,1754333586.961867,1754333586.962289,1754333586.968393,1754333586.968677,,1754333586.969216,,,,,,1754333586.969252,1754333586.971740,1754333586.971745,9.96,SUCCESS
2025-08-05 00:23:17,youtube.com,92,1754333590.165969,1754333590.166162,1754333590.172239,1754333590.172467,,1754333590.172963,,,,,,1754333590.172992,1754333590.174918,1754333590.174923,9.03,SUCCESS
2025-08-05 00:23:18,youtube.com,93,1754333593.379709,1754333593.379959,1754333593.385674,1754333593.385915,,1754333593.386471,,,,,,1754333593.386513,1754333593.388554,1754333593.388558,8.93,SUCCESS
2025-08-05 00:23:26,youtube.com,94,1754333596.590143,1754333596.590427,1754333596.596150,1754333596.596402,,1754333596.596929,,,,,,1754333596.596962,1754333596.599333,1754333596.599338,9.28,SUCCESS
2025-08-05 00:23:27,youtube.com,95,1754333599.799632,1754333599.799886,1754333599.805006,1754333599.805234,,1754333599.805796,,,,,,1754333599.805824,1754333599.807786,1754333599.807791,8.23,SUCCESS
2025-08-05 00:23:27,youtube.com,96,1754333603.023469,1754333603.023635,1754333603.027476,1754333603.027686,,1754333603.028103,,,,,,1754333603.028116,1754333603.030371,1754333603.030389,7.01,SUCCESS
2025-08-05 00:23:36,youtube.com,97,1754333606.231597,1754333606.231955,1754333606.241023,1754333606.241267,,1754333606.241830,,,,,,1754333606.241871,1754333606.246101,1754333606.246112,14.60,SUCCESS
2025-08-05 00:23:36,youtube.com,98,1754333609.443526,1754333609.443772,1754333609.448328,1754333609.448550,,1754333609.449090,,,,,,1754333609.449118,1754333609.451023,1754333609.451028,7.58,SUCCESS
2025-08-05 00:23:37,youtube.com,99,1754333612.669909,1754333612.670109,1754333612.674941,1754333612.675202,,1754333612.675770,,,,,,1754333612.675807,1754333612.677849,1754333612.677853,8.02,SUCCESS
2025-08-05 00:23:42,youtube.com,100,1754333615.881727,1754333615.882107,1754333615.887211,1754333615.887493,,1754333615.888056,,,,,,1754333615.888096,1754333615.890881,1754333615.890888,9.25,SUCCESS
2025-08-05 00:23:43,youtube.com,101,1754333619.094091,1754333619.094310,1754333619.099816,1754333619.100076,,1754333619.100711,,,,,,1754333619.100748,1754333619.103159,1754333619.103169,9.16,SUCCESS
2025-08-05 00:23:49,roydns.xyz,102,1754333622.315949,1754333622.316158,1754333622.320606,,,,,,1754333622.587276,,,1754333622.587290,1754333622.589185,1754333622.589188,273.30,SUCCESS
2025-08-05 00:23:50,roydns.xyz,103,1754333625.799188,1754333625.799426,1754333625.803629,,,,,,1754333626.090008,,,1754333626.090019,1754333626.091617,1754333626.091619,292.48,SUCCESS
2025-08-05 00:23:56,roydns.xyz,104,1754333629.303648,1754333629.303825,1754333629.309007,,,,,,1754333629.600178,,,1754333629.600188,1754333629.602501,1754333629.602504,298.90,SUCCESS
2025-08-05 00:23:57,roydns.xyz,105,1754333632.804754,1754333632.804952,1754333632.808431,,,,,,1754333633.031408,,,1754333633.031418,1754333633.033128,1754333633.033131,228.42,SUCCESS
2025-08-05 00:24:03,roydns.xyz,106,1754333636.244026,1754333636.244210,1754333636.251697,,,,,,1754333636.539444,,,1754333636.539459,1754333636.541694,1754333636.541699,297.73,SUCCESS
2025-08-05 00:24:04,roydns.xyz,107,1754333639.721444,1754333639.721745,1754333639.729706,,,,,,1754333639.990254,,,1754333639.990267,1754333639.992770,1754333639.992779,271.41,SUCCESS
2025-08-05 00:24:10,roydns.xyz,108,1754333643.195773,1754333643.196040,1754333643.200123,,,,,,1754333643.473261,,,1754333643.473274,1754333643.475305,1754333643.475309,279.59,SUCCESS
2025-08-05 00:24:11,roydns.xyz,109,1754333646.684962,1754333646.685125,1754333646.690489,,,,,,1754333646.976470,,,1754333646.976482,1754333646.978326,1754333646.978329,293.43,SUCCESS
2025-08-05 00:24:17,roydns.xyz,110,1754333650.183264,1754333650.183470,1754333650.189527,,,,,,1754333650.405563,,,1754333650.405575,1754333650.407591,1754333650.407594,224.38,SUCCESS
2025-08-05 00:24:18,roydns.xyz,111,1754333653.625970,1754333653.626196,1754333653.633692,,,,,,1754333653.853047,,,1754333653.853059,1754333653.854796,1754333653.854799,228.88,SUCCESS
2025-08-05 00:24:24,roydns.xyz,112,1754333657.075045,1754333657.075245,1754333657.080977,,,,,,1754333657.326824,,,1754333657.326836,1754333657.328869,1754333657.328872,253.88,SUCCESS
2025-08-05 00:24:25,roydns.xyz,113,1754333660.532421,1754333660.532643,1754333660.541589,,,,,,1754333660.807570,,,1754333660.807584,1754333660.809829,1754333660.809833,277.47,SUCCESS
2025-08-05 00:24:31,roydns.xyz,114,1754333664.028610,1754333664.028894,1754333664.036430,,,,,,1754333664.254401,,,1754333664.254420,1754333664.256458,1754333664.256462,227.91,SUCCESS
2025-08-05 00:24:32,roydns.xyz,115,1754333667.451269,1754333667.451588,1754333667.455788,,,,,,1754333667.718354,,,1754333667.718364,1754333667.719966,1754333667.719969,268.75,SUCCESS
2025-08-05 00:24:38,roydns.xyz,116,1754333670.938521,1754333670.938745,1754333670.946427,,,,,,1754333671.167795,,,1754333671.167809,1754333671.169847,1754333671.169850,231.38,SUCCESS
2025-08-05 00:24:39,roydns.xyz,117,1754333674.384724,1754333674.385050,1754333674.391985,,,,,,1754333674.654973,,,1754333674.654986,1754333674.657230,1754333674.657233,272.57,SUCCESS
2025-08-05 00:24:45,roydns.xyz,118,1754333677.873909,1754333677.874169,1754333677.878691,,,,,,1754333678.093758,,,1754333678.093770,1754333678.095403,1754333678.095408,221.57,SUCCESS
2025-08-05 00:24:46,roydns.xyz,119,1754333681.312053,1754333681.312269,1754333681.319609,,,,,,1754333681.538874,,,1754333681.538888,1754333681.541044,1754333681.541049,229.06,SUCCESS
2025-08-05 00:24:52,roydns.xyz,120,1754333684.750960,1754333684.751223,1754333684.756118,,,,,,1754333685.017997,,,1754333685.018008,1754333685.020304,1754333685.020306,269.39,SUCCESS
2025-08-05 00:24:52,roydns.xyz,121,1754333688.218001,1754333688.218255,1754333688.224414,,,,,,1754333688.472081,,,1754333688.472093,1754333688.473832,1754333688.473835,255.88,SUCCESS
2025-08-05 00:24:59,roydns.xyz,122,1754333691.694832,1754333691.695155,1754333691.704864,,,,,,1754333691.927162,,,1754333691.927173,1754333691.928782,1754333691.928785,234.00,SUCCESS
2025-08-05 00:24:59,roydns.xyz,123,1754333695.134668,1754333695.134929,1754333695.143001,,,,,,1754333695.432033,,,1754333695.432044,1754333695.433959,1754333695.433963,299.35,SUCCESS
2025-08-05 00:25:06,roydns.xyz,124,1754333698.648843,1754333698.649100,1754333698.656547,,,,,,1754333698.872123,,,1754333698.872133,1754333698.873730,1754333698.873733,224.93,SUCCESS
2025-08-05 00:25:06,roydns.xyz,125,1754333702.087881,1754333702.088078,1754333702.093750,,,,,,1754333702.308599,,,1754333702.308612,1754333702.310642,1754333702.310646,222.84,SUCCESS
2025-08-05 00:25:13,roydns.xyz,126,1754333705.525466,1754333705.525636,1754333705.534593,,,,,,1754333705.774694,,,1754333705.774706,1754333705.776327,1754333705.776330,250.94,SUCCESS
2025-08-05 00:25:13,roydns.xyz,127,1754333708.983628,1754333708.983890,1754333708.990870,,,,,,1754333709.206397,,,1754333709.206409,1754333709.208728,1754333709.208740,225.18,SUCCESS
2025-08-05 00:25:19,roydns.xyz,128,1754333712.409958,1754333712.410182,1754333712.415631,,,,,,1754333712.680529,,,1754333712.680539,1754333712.682171,1754333712.682174,272.26,SUCCESS
2025-08-05 00:25:20,roydns.xyz,129,1754333715.878142,1754333715.878339,1754333715.886391,,,,,,1754333716.124033,,,1754333716.124046,1754333716.125669,1754333716.125671,247.58,SUCCESS
2025-08-05 00:25:27,roydns.xyz,130,1754333719.337416,1754333719.337725,1754333719.345413,,,,,,1754333719.586065,,,1754333719.586080,1754333719.588105,1754333719.588110,250.75,SUCCESS
2025-08-05 00:25:27,roydns.xyz,131,1754333722.796726,1754333722.796994,1754333722.802103,,,,,,1754333723.090448,,,1754333723.090466,1754333723.092957,1754333723.092961,296.30,SUCCESS
2025-08-05 00:25:33,roydns.xyz,132,1754333726.312829,1754333726.313237,1754333726.317523,,,,,,1754333726.575511,,,1754333726.575523,1754333726.577112,1754333726.577115,264.33,SUCCESS
2025-08-05 00:25:34,roydns.xyz,133,1754333729.785232,1754333729.785471,1754333729.792614,,,,,,1754333730.031427,,,1754333730.031446,1754333730.033490,1754333730.033494,248.32,SUCCESS
2025-08-05 00:25:40,roydns.xyz,134,1754333733.240514,1754333733.240812,1754333733.244524,,,,,,1754333733.468547,,,1754333733.468556,1754333733.470166,1754333733.470169,229.70,SUCCESS
2025-08-05 00:25:41,roydns.xyz,135,1754333736.683134,1754333736.683410,1754333736.687996,,,,,,1754333736.976821,,,1754333736.976842,1754333736.979436,1754333736.979446,296.39,SUCCESS
2025-08-05 00:25:47,roydns.xyz,136,1754333740.189345,1754333740.190107,1754333740.194587,,,,,,1754333740.414222,,,1754333740.414236,1754333740.417408,1754333740.417412,228.12,SUCCESS
2025-08-05 00:25:48,roydns.xyz,137,1754333743.631986,1754333743.632250,1754333743.640825,,,,,,1754333743.936568,,,1754333743.936580,1754333743.938518,1754333743.938521,306.61,SUCCESS
2025-08-05 00:25:51,roydns.xyz,138,1754333747.146539,1754333747.146836,1754333747.154124,,,,,,1754333747.369503,,,1754333747.369513,1754333747.371103,1754333747.371105,224.61,SUCCESS
2025-08-05 00:25:57,roydns.xyz,139,1754333750.575418,1754333750.575739,1754333750.582722,,,,,,1754333750.844959,,,1754333750.844975,1754333750.847318,1754333750.847450,272.11,SUCCESS
2025-08-05 00:25:58,roydns.xyz,140,1754333754.059320,1754333754.059707,1754333754.067881,,,,,,1754333754.331673,,,1754333754.331687,1754333754.333733,1754333754.333736,274.49,SUCCESS
2025-08-05 00:26:04,roydns.xyz,141,1754333757.540886,1754333757.541179,1754333757.550272,,,,,,1754333757.772519,,,1754333757.772532,1754333757.774702,1754333757.774707,233.90,SUCCESS
2025-08-05 00:26:05,roydns.xyz,142,1754333760.984107,1754333760.984362,1754333760.992362,,,,,,1754333761.276543,,,1754333761.276555,1754333761.278285,1754333761.278288,294.23,SUCCESS
2025-08-05 00:26:11,roydns.xyz,143,1754333764.487923,1754333764.488177,1754333764.495597,,,,,,1754333764.765028,,,1754333764.765146,1754333764.767422,1754333764.767427,279.57,SUCCESS
2025-08-05 00:26:12,roydns.xyz,144,1754333767.975802,1754333767.976057,1754333767.982625,,,,,,1754333768.201682,,,1754333768.201696,1754333768.203937,1754333768.203940,228.20,SUCCESS
2025-08-05 00:26:18,roydns.xyz,145,1754333771.418443,1754333771.418719,1754333771.424440,,,,,,1754333771.688601,,,1754333771.688613,1754333771.690351,1754333771.690355,271.97,SUCCESS
2025-08-05 00:26:19,roydns.xyz,146,1754333774.906197,1754333774.906424,1754333774.913010,,,,,,1754333775.172773,,,1754333775.172787,1754333775.174537,1754333775.174540,268.41,SUCCESS
2025-08-05 00:26:25,roydns.xyz,147,1754333778.383060,1754333778.383255,1754333778.388067,,,,,,1754333778.653632,,,1754333778.653646,1754333778.655888,1754333778.655892,272.90,SUCCESS
2025-08-05 00:26:26,roydns.xyz,148,1754333781.860394,1754333781.860667,1754333781.865654,,,,,,1754333782.084949,,,1754333782.084962,1754333782.087201,1754333782.087205,226.87,SUCCESS
2025-08-05 00:26:32,roydns.xyz,149,1754333785.297726,1754333785.297984,1754333785.304943,,,,,,1754333785.544599,,,1754333785.544612,1754333785.546657,1754333785.546661,248.99,SUCCESS
2025-08-05 00:26:33,roydns.xyz,150,1754333788.755988,1754333788.756185,1754333788.760630,,,,,,1754333788.980951,,,1754333788.980960,1754333788.982635,1754333788.982637,226.69,SUCCESS
2025-08-05 00:26:43,roydns.xyz,151,1754333792.200272,1754333792.200605,1754333792.208686,,,,,,1754333792.429180,,,1754333792.429193,1754333792.431430,1754333792.431435,231.22,SUCCESS
2025-08-05 00:26:43,cloudflare.com,152,1754333795.628344,1754333795.628529,1754333795.636223,1754333795.636489,,1754333796.263156,,,,,,1754333796.263211,1754333796.265850,1754333796.265857,637.60,SUCCESS
2025-08-05 00:26:44,cloudflare.com,153,1754333799.475746,1754333799.476023,1754333799.480620,1754333799.480870,,1754333799.481409,,,,,,1754333799.481442,1754333799.484077,1754333799.484082,8.42,SUCCESS
2025-08-05 00:26:52,cloudflare.com,154,1754333802.694537,1754333802.694809,1754333802.700947,1754333802.701338,,1754333802.702007,,,,,,1754333802.702043,1754333802.704572,1754333802.704577,10.12,SUCCESS
2025-08-05 00:26:53,cloudflare.com,155,1754333805.918852,1754333805.919053,1754333805.923851,1754333805.924069,,1754333805.924577,,,,,,1754333805.924605,1754333805.926516,1754333805.926520,7.73,SUCCESS
2025-08-05 00:26:53,cloudflare.com,156,1754333809.145040,1754333809.145256,1754333809.153257,1754333809.153519,,1754333809.154094,,,,,,1754333809.154150,1754333809.156315,1754333809.156320,11.37,SUCCESS
2025-08-05 00:27:02,cloudflare.com,157,1754333812.359124,1754333812.359321,1754333812.366989,1754333812.367339,,1754333812.367876,,,,,,1754333812.367918,1754333812.369909,1754333812.369913,10.85,SUCCESS
2025-08-05 00:27:02,cloudflare.com,158,1754333815.542561,1754333815.542807,1754333815.550191,1754333815.550460,,1754333815.550971,,,,,,1754333815.551003,1754333815.552999,1754333815.553005,10.52,SUCCESS
2025-08-05 00:27:03,cloudflare.com,159,1754333818.769596,1754333818.769759,1754333818.774416,1754333818.774667,,1754333818.775215,,,,,,1754333818.775250,1754333818.779784,1754333818.779797,10.30,SUCCESS
2025-08-05 00:27:11,cloudflare.com,160,1754333821.957744,1754333821.957964,1754333821.967961,1754333821.968305,,1754333821.968900,,,,,,1754333821.969085,1754333821.971918,1754333821.971924,14.26,SUCCESS
2025-08-05 00:27:12,cloudflare.com,161,1754333825.186864,1754333825.187134,1754333825.192470,1754333825.192776,,1754333825.193412,,,,,,1754333825.193455,1754333825.195845,1754333825.195858,9.10,SUCCESS
2025-08-05 00:27:12,cloudflare.com,162,1754333828.399541,1754333828.399870,1754333828.408533,1754333828.408798,,1754333828.409337,,,,,,1754333828.409395,1754333828.413908,1754333828.413916,14.48,SUCCESS
2025-08-05 00:27:21,cloudflare.com,163,1754333831.618920,1754333831.619185,1754333831.628003,1754333831.628279,,1754333831.628870,,,,,,1754333831.628927,1754333831.633775,1754333831.633783,14.97,SUCCESS
2025-08-05 00:27:21,cloudflare.com,164,1754333834.844099,1754333834.844359,1754333834.849721,1754333834.849967,,1754333834.850586,,,,,,1754333834.850625,1754333834.852893,1754333834.852898,8.89,SUCCESS
2025-08-05 00:27:22,cloudflare.com,165,1754333838.056880,1754333838.057126,1754333838.065412,1754333838.065669,,1754333838.066248,,,,,,1754333838.066309,1754333838.070820,1754333838.070827,14.04,SUCCESS
2025-08-05 00:27:34,cloudflare.com,166,1754333841.271061,1754333841.271300,1754333841.276272,1754333841.276528,,1754333841.277078,,,,,,1754333841.277115,1754333841.279497,1754333841.279600,8.63,SUCCESS
2025-08-05 00:27:34,cloudflare.com,167,1754333844.492901,1754333844.493132,1754333844.497703,1754333844.497930,,1754333844.498536,,,,,,1754333844.498572,1754333844.501034,1754333844.501043,8.23,SUCCESS
2025-08-05 00:27:35,cloudflare.com,168,1754333847.713975,1754333847.714223,1754333847.719713,1754333847.719948,,1754333847.720526,,,,,,1754333847.720557,1754333847.722954,1754333847.722963,9.08,SUCCESS
2025-08-05 00:27:35,cloudflare.com,169,1754333850.931135,1754333850.931354,1754333850.939041,1754333850.939294,,1754333850.939882,,,,,,1754333850.939935,1754333850.942235,1754333850.942243,11.18,SUCCESS
2025-08-05 00:27:44,cloudflare.com,170,1754333854.155201,1754333854.155540,1754333854.162204,1754333854.162461,,1754333854.163033,,,,,,1754333854.163073,1754333854.166866,1754333854.166880,11.76,SUCCESS
2025-08-05 00:27:44,cloudflare.com,171,1754333857.380179,1754333857.380415,1754333857.384835,1754333857.385084,,1754333857.385729,,,,,,1754333857.385769,1754333857.388374,1754333857.388383,8.30,SUCCESS
2025-08-05 00:27:45,cloudflare.com,172,1754333860.588260,1754333860.588632,1754333860.595876,1754333860.596129,,1754333860.596762,,,,,,1754333860.596803,1754333860.598827,1754333860.598832,10.66,SUCCESS
2025-08-05 00:27:53,cloudflare.com,173,1754333863.811830,1754333863.812250,1754333863.819489,1754333863.819736,,1754333863.820294,,,,,,1754333863.820328,1754333863.822456,1754333863.822461,10.73,SUCCESS
2025-08-05 00:27:54,cloudflare.com,174,1754333867.006467,1754333867.006693,1754333867.012054,1754333867.012307,,1754333867.012835,,,,,,1754333867.012874,1754333867.015229,1754333867.015234,8.85,SUCCESS
2025-08-05 00:27:54,cloudflare.com,175,1754333870.220658,1754333870.220953,1754333870.226608,1754333870.226836,,1754333870.227398,,,,,,1754333870.227428,1754333870.229529,1754333870.229537,8.96,SUCCESS
2025-08-05 00:28:03,cloudflare.com,176,1754333873.424940,1754333873.425337,1754333873.430977,1754333873.431224,,1754333873.431774,,,,,,1754333873.431808,1754333873.434088,1754333873.434093,9.23,SUCCESS
2025-08-05 00:28:04,cloudflare.com,177,1754333876.650914,1754333876.651118,1754333876.655614,1754333876.655862,,1754333876.656349,,,,,,1754333876.656363,1754333876.658201,1754333876.658204,7.36,SUCCESS
2025-08-05 00:28:04,cloudflare.com,178,1754333879.848748,1754333879.849051,1754333879.853743,1754333879.853991,,1754333879.854578,,,,,,1754333879.854610,1754333879.856900,1754333879.856905,8.24,SUCCESS
2025-08-05 00:28:13,cloudflare.com,179,1754333883.054396,1754333883.054784,1754333883.062470,1754333883.062720,,1754333883.063248,,,,,,1754333883.063289,1754333883.065347,1754333883.065351,11.03,SUCCESS
2025-08-05 00:28:13,cloudflare.com,180,1754333886.267551,1754333886.267797,1754333886.275196,1754333886.275446,,1754333886.276034,,,,,,1754333886.276077,1754333886.278190,1754333886.278197,10.73,SUCCESS
2025-08-05 00:28:14,cloudflare.com,181,1754333889.492349,1754333889.492611,1754333889.501378,1754333889.501630,,1754333889.502236,,,,,,1754333889.502285,1754333889.506559,1754333889.506570,14.31,SUCCESS
2025-08-05 00:28:22,cloudflare.com,182,1754333892.726987,1754333892.727322,1754333892.731580,1754333892.731832,,1754333892.732404,,,,,,1754333892.732442,1754333892.736584,1754333892.736599,9.70,SUCCESS
2025-08-05 00:28:23,cloudflare.com,183,1754333895.923926,1754333895.924132,1754333895.928349,1754333895.928574,,1754333895.929080,,,,,,1754333895.929127,1754333895.933598,1754333895.933622,9.81,SUCCESS
2025-08-05 00:28:23,cloudflare.com,184,1754333899.141933,1754333899.142161,1754333899.148871,1754333899.149094,,1754333899.149656,,,,,,1754333899.149687,1754333899.151812,1754333899.151816,9.97,SUCCESS
2025-08-05 00:28:32,cloudflare.com,185,1754333902.348230,1754333902.348568,1754333902.354384,1754333902.354610,,1754333902.355121,,,,,,1754333902.355155,1754333902.360582,1754333902.360589,12.44,SUCCESS
2025-08-05 00:28:32,cloudflare.com,186,1754333905.577300,1754333905.577635,1754333905.581767,1754333905.581981,,1754333905.582524,,,,,,1754333905.582561,1754333905.584480,1754333905.584486,7.27,SUCCESS
2025-08-05 00:28:33,cloudflare.com,187,1754333908.798872,1754333908.799128,1754333908.806158,1754333908.806432,,1754333908.807034,,,,,,1754333908.807085,1754333908.809226,1754333908.809232,10.44,SUCCESS
2025-08-05 00:28:42,cloudflare.com,188,1754333912.001927,1754333912.002192,1754333912.005610,1754333912.005810,,1754333912.006329,,,,,,1754333912.006396,1754333912.010680,1754333912.010689,8.84,SUCCESS
2025-08-05 00:28:42,cloudflare.com,189,1754333915.216920,1754333915.217109,1754333915.223799,1754333915.224047,,1754333915.224504,,,,,,1754333915.224536,1754333915.226991,1754333915.227004,10.16,SUCCESS
2025-08-05 00:28:43,cloudflare.com,190,1754333918.458549,1754333918.458834,1754333918.466190,1754333918.466419,,1754333918.466921,,,,,,1754333918.466948,1754333918.468810,1754333918.468814,10.34,SUCCESS
2025-08-05 00:28:51,cloudflare.com,191,1754333921.684786,1754333921.685126,1754333921.694515,1754333921.694795,,1754333921.695407,,,,,,1754333921.695461,1754333921.699110,1754333921.699125,14.42,SUCCESS
2025-08-05 00:28:52,cloudflare.com,192,1754333924.907257,1754333924.907721,1754333924.911796,1754333924.912034,,1754333924.912628,,,,,,1754333924.912665,1754333924.915283,1754333924.915295,8.14,SUCCESS
2025-08-05 00:28:52,cloudflare.com,193,1754333928.122935,1754333928.123170,1754333928.131957,1754333928.132203,,1754333928.132802,,,,,,1754333928.132852,1754333928.134995,1754333928.134999,12.15,SUCCESS
2025-08-05 00:29:01,cloudflare.com,194,1754333931.353978,1754333931.354289,1754333931.362256,1754333931.362504,,1754333931.363031,,,,,,1754333931.363065,1754333931.367404,1754333931.367411,13.51,SUCCESS
2025-08-05 00:29:01,cloudflare.com,195,1754333934.562726,1754333934.562876,1754333934.567061,1754333934.567291,,1754333934.567858,,,,,,1754333934.567892,1754333934.569872,1754333934.569879,7.24,SUCCESS
2025-08-05 00:29:02,cloudflare.com,196,1754333937.780591,1754333937.780889,1754333937.791099,1754333937.791346,,1754333937.791945,,,,,,1754333937.791988,1754333937.794203,1754333937.794208,13.70,SUCCESS
2025-08-05 00:29:11,cloudflare.com,197,1754333940.997670,1754333940.997984,1754333941.002297,1754333941.002544,,1754333941.003109,,,,,,1754333941.003146,1754333941.006117,1754333941.006133,8.54,SUCCESS
2025-08-05 00:29:11,cloudflare.com,198,1754333944.200555,1754333944.200846,1754333944.207834,1754333944.208073,,1754333944.208650,,,,,,1754333944.208683,1754333944.210982,1754333944.210989,10.51,SUCCESS
2025-08-05 00:29:12,cloudflare.com,199,1754333947.423983,1754333947.424173,1754333947.428601,1754333947.428816,,1754333947.429348,,,,,,1754333947.429396,1754333947.431322,1754333947.431326,7.43,SUCCESS
2025-08-05 00:29:21,cloudflare.com,200,1754333950.639650,1754333950.640071,1754333950.645609,1754333950.645846,,1754333950.646388,,,,,,1754333950.646426,1754333950.650934,1754333950.650941,11.37,SUCCESS
2025-08-05 00:29:22,cloudflare.com,201,1754333953.854405,1754333953.854724,1754333953.858291,1754333953.858507,,1754333953.859002,,,,,,1754333953.859035,1754333953.861259,1754333953.861275,6.99,SUCCESS
2025-08-05 00:29:22,spotify.com,202,1754333957.076604,1754333957.076891,1754333957.085279,1754333957.085530,,1754333958.326637,,,,,,1754333958.326684,1754333958.328842,1754333958.328847,1252.32,SUCCESS
2025-08-05 00:29:31,spotify.com,203,1754333961.531123,1754333961.531509,1754333961.540879,1754333961.541156,,1754333961.541731,,,,,,1754333961.541787,1754333961.545845,1754333961.545860,14.82,SUCCESS
2025-08-05 00:29:32,spotify.com,204,1754333964.761580,1754333964.761881,1754333964.767704,1754333964.767951,,1754333964.768519,,,,,,1754333964.768554,1754333964.771036,1754333964.771047,9.55,SUCCESS
2025-08-05 00:29:32,spotify.com,205,1754333967.987129,1754333967.987325,1754333967.991704,1754333967.991925,,1754333967.992393,,,,,,1754333967.992407,1754333967.994207,1754333967.994210,7.15,SUCCESS
2025-08-05 00:29:41,spotify.com,206,1754333971.193531,1754333971.193903,1754333971.201559,1754333971.201775,,1754333971.202125,,,,,,1754333971.202138,1754333971.203893,1754333971.203897,10.42,SUCCESS
2025-08-05 00:29:41,spotify.com,207,1754333974.410917,1754333974.411122,1754333974.419537,1754333974.419776,,1754333974.420301,,,,,,1754333974.420333,1754333974.422566,1754333974.422576,11.75,SUCCESS
2025-08-05 00:29:42,spotify.com,208,1754333977.629996,1754333977.630182,1754333977.637851,1754333977.638098,,1754333977.638635,,,,,,1754333977.638680,1754333977.640725,1754333977.640730,10.80,SUCCESS
2025-08-05 00:29:50,spotify.com,209,1754333980.836779,1754333980.837078,1754333980.841102,1754333980.841318,,1754333980.841789,,,,,,1754333980.841818,1754333980.843673,1754333980.843677,6.96,SUCCESS
2025-08-05 00:29:51,spotify.com,210,1754333984.039581,1754333984.039836,1754333984.045511,1754333984.045727,,1754333984.046218,,,,,,1754333984.046246,1754333984.048282,1754333984.048293,8.81,SUCCESS
2025-08-05 00:29:51,spotify.com,211,1754333987.265888,1754333987.266126,1754333987.271187,1754333987.271440,,1754333987.272024,,,,,,1754333987.272060,1754333987.274451,1754333987.274456,8.66,SUCCESS
2025-08-05 00:30:00,spotify.com,212,1754333990.485732,1754333990.485965,1754333990.493781,1754333990.494039,,1754333990.494572,,,,,,1754333990.494602,1754333990.496587,1754333990.496592,10.93,SUCCESS
2025-08-05 00:30:01,spotify.com,213,1754333993.709057,1754333993.709291,1754333993.718412,1754333993.718674,,1754333993.719302,,,,,,1754333993.719346,1754333993.721646,1754333993.721652,12.68,SUCCESS
2025-08-05 00:30:01,spotify.com,214,1754333996.915800,1754333996.915998,1754333996.923022,1754333996.923261,,1754333996.923804,,,,,,1754333996.923834,1754333996.925812,1754333996.925817,10.10,SUCCESS
2025-08-05 00:30:10,spotify.com,215,1754334000.108212,1754334000.108691,1754334000.112146,1754334000.112362,,1754334000.112889,,,,,,1754334000.112918,1754334000.114849,1754334000.114853,6.71,SUCCESS
2025-08-05 00:30:10,spotify.com,216,1754334003.313988,1754334003.314194,1754334003.321599,1754334003.321840,,1754334003.322411,,,,,,1754334003.322443,1754334003.324421,1754334003.324426,10.53,SUCCESS
2025-08-05 00:30:11,spotify.com,217,1754334006.520796,1754334006.520979,1754334006.529192,1754334006.529451,,1754334006.529971,,,,,,1754334006.530014,1754334006.532837,1754334006.532841,12.13,SUCCESS
2025-08-05 00:30:19,spotify.com,218,1754334009.729355,1754334009.729805,1754334009.734531,1754334009.734781,,1754334009.735291,,,,,,1754334009.735325,1754334009.737610,1754334009.737615,8.33,SUCCESS
2025-08-05 00:30:20,spotify.com,219,1754334012.935828,1754334012.936131,1754334012.944969,1754334012.945217,,1754334012.945765,,,,,,1754334012.945805,1754334012.947998,1754334012.948004,12.26,SUCCESS
2025-08-05 00:30:20,spotify.com,220,1754334016.139778,1754334016.140042,1754334016.146162,1754334016.146354,,1754334016.146787,,,,,,1754334016.146814,1754334016.147953,1754334016.147955,8.22,SUCCESS
2025-08-05 00:30:29,spotify.com,221,1754334019.353928,1754334019.354244,1754334019.362516,1754334019.362733,,1754334019.363150,,,,,,1754334019.363163,1754334019.365059,1754334019.365063,11.19,SUCCESS
2025-08-05 00:30:29,spotify.com,222,1754334022.574467,1754334022.574612,1754334022.582288,1754334022.582619,,1754334022.583186,,,,,,1754334022.583214,1754334022.585311,1754334022.585317,10.93,SUCCESS
2025-08-05 00:30:30,spotify.com,223,1754334025.791664,1754334025.791920,1754334025.795940,1754334025.796156,,1754334025.796666,,,,,,1754334025.796695,1754334025.798689,1754334025.798694,7.12,SUCCESS
2025-08-05 00:30:39,spotify.com,224,1754334029.008315,1754334029.008599,1754334029.016312,1754334029.016577,,1754334029.017110,,,,,,1754334029.017159,1754334029.019758,1754334029.019763,11.53,SUCCESS
2025-08-05 00:30:39,spotify.com,225,1754334032.222444,1754334032.222601,1754334032.228294,1754334032.228534,,1754334032.228986,,,,,,1754334032.229023,1754334032.231111,1754334032.231119,8.75,SUCCESS
2025-08-05 00:30:40,spotify.com,226,1754334035.444610,1754334035.444869,1754334035.450624,1754334035.450888,,1754334035.451348,,,,,,1754334035.451413,1754334035.453893,1754334035.453898,9.37,SUCCESS
2025-08-05 00:30:48,spotify.com,227,1754334038.664620,1754334038.664998,1754334038.673172,1754334038.673442,,1754334038.673994,,,,,,1754334038.674033,1754334038.676097,1754334038.676102,11.55,SUCCESS
2025-08-05 00:30:49,spotify.com,228,1754334041.880013,1754334041.880231,1754334041.889612,1754334041.889875,,1754334041.890424,,,,,,1754334041.890471,1754334041.892568,1754334041.892573,12.63,SUCCESS
2025-08-05 00:30:49,spotify.com,229,1754334045.107789,1754334045.108103,1754334045.116731,1754334045.116978,,1754334045.117558,,,,,,1754334045.117607,1754334045.119697,1754334045.119702,12.00,SUCCESS
2025-08-05 00:30:58,spotify.com,230,1754334048.329928,1754334048.330136,1754334048.336268,1754334048.336503,,1754334048.337014,,,,,,1754334048.337047,1754334048.339154,1754334048.339159,9.30,SUCCESS
2025-08-05 00:30:58,spotify.com,231,1754334051.547412,1754334051.547706,1754334051.551358,1754334051.551604,,1754334051.552053,,,,,,1754334051.552090,1754334051.554082,1754334051.554086,6.76,SUCCESS
2025-08-05 00:30:59,spotify.com,232,1754334054.756288,1754334054.756554,1754334054.760608,1754334054.760846,,1754334054.761321,,,,,,1754334054.761354,1754334054.763724,1754334054.763728,7.52,SUCCESS
2025-08-05 00:31:07,spotify.com,233,1754334057.958444,1754334057.958618,1754334057.966228,1754334057.966479,,1754334057.967004,,,,,,1754334057.967037,1754334057.969152,1754334057.969156,10.79,SUCCESS
2025-08-05 00:31:08,spotify.com,234,1754334061.192859,1754334061.193124,1754334061.200894,1754334061.201143,,1754334061.201709,,,,,,1754334061.201758,1754334061.204144,1754334061.204155,11.38,SUCCESS
2025-08-05 00:31:08,spotify.com,235,1754334064.407711,1754334064.408027,1754334064.416420,1754334064.416662,,1754334064.417237,,,,,,1754334064.417279,1754334064.419438,1754334064.419442,11.82,SUCCESS
2025-08-05 00:31:17,spotify.com,236,1754334067.621728,1754334067.622024,1754334067.628134,1754334067.628480,,1754334067.629115,,,,,,1754334067.629156,1754334067.631770,1754334067.631775,10.13,SUCCESS
2025-08-05 00:31:18,spotify.com,237,1754334070.855783,1754334070.856039,1754334070.859868,1754334070.860081,,1754334070.860632,,,,,,1754334070.860661,1754334070.862502,1754334070.862506,6.80,SUCCESS
2025-08-05 00:31:18,spotify.com,238,1754334074.060707,1754334074.060872,1754334074.065246,1754334074.065484,,1754334074.066064,,,,,,1754334074.066096,1754334074.068435,1754334074.068439,7.82,SUCCESS
2025-08-05 00:31:27,spotify.com,239,1754334077.284151,1754334077.284340,1754334077.288871,1754334077.289080,,1754334077.289744,,,,,,1754334077.289776,1754334077.291784,1754334077.291789,7.72,SUCCESS
2025-08-05 00:31:27,spotify.com,240,1754334080.495710,1754334080.495965,1754334080.501251,1754334080.501533,,1754334080.502003,,,,,,1754334080.502050,1754334080.505333,1754334080.505342,9.73,SUCCESS
2025-08-05 00:31:28,spotify.com,241,1754334083.716828,1754334083.717063,1754334083.726183,1754334083.726486,,1754334083.726991,,,,,,1754334083.727038,1754334083.730046,1754334083.730054,13.32,SUCCESS
2025-08-05 00:31:36,spotify.com,242,1754334086.945214,1754334086.945459,1754334086.950853,1754334086.951087,,1754334086.951642,,,,,,1754334086.951675,1754334086.953964,1754334086.953969,8.83,SUCCESS
2025-08-05 00:31:37,spotify.com,243,1754334090.159203,1754334090.159439,1754334090.165609,1754334090.165878,,1754334090.166275,,,,,,1754334090.166296,1754334090.168726,1754334090.168730,9.60,SUCCESS
2025-08-05 00:31:37,spotify.com,244,1754334093.383278,1754334093.383479,1754334093.389895,1754334093.390137,,1754334093.390676,,,,,,1754334093.390712,1754334093.392579,1754334093.392583,9.38,SUCCESS
2025-08-05 00:31:49,spotify.com,245,1754334096.611871,1754334096.612094,1754334096.617510,1754334096.617740,,1754334096.618275,,,,,,1754334096.618314,1754334096.620455,1754334096.620461,8.68,SUCCESS
2025-08-05 00:31:50,spotify.com,246,1754334099.814017,1754334099.814251,1754334099.819814,1754334099.820055,,1754334099.820677,,,,,,1754334099.820710,1754334099.823025,1754334099.823030,9.10,SUCCESS
2025-08-05 00:31:50,spotify.com,247,1754334103.012668,1754334103.012969,1754334103.018750,1754334103.018990,,1754334103.019606,,,,,,1754334103.019639,1754334103.021952,1754334103.021957,9.39,SUCCESS
2025-08-05 00:31:51,spotify.com,248,1754334106.222928,1754334106.223118,1754334106.231070,1754334106.231388,,1754334106.231815,,,,,,1754334106.231839,1754334106.234288,1754334106.234292,11.46,SUCCESS
=== RR MONITORING SUMMARY ===
Total requests processed: 248
Successful requests: 248
Custom domain requests (roydns.xyz): 50
Global domain requests: 198
Monitoring ended at: Tue Aug  5 12:37:24 AM IST 2025
