RR Monitoring Started at Mon Aug  4 11:42:48 PM IST 2025
================================================
Timestamp,Domain,Run,TW6,TW7,TW8,TW9,TW10,TW11,TW12,TW13,TW19,TW20,TW21,TW22,TW23,TW24,RR_RTT_ms,Status

2025-08-04 23:44:43,google.com,1,1754331275.691600,1754331275.691929,1754331275.697188,1754331275.752190,,1754331276.188236,,,,,,1754331276.188284,1754331276.190582,1754331276.190587,499.07,SUCCESS
2025-08-04 23:44:43,google.com,2,1754331279.402990,1754331279.403349,1754331279.412331,1754331279.412662,,1754331279.413274,,,,,,1754331279.413324,1754331279.415671,1754331279.415676,12.78,SUCCESS
2025-08-04 23:44:55,google.com,3,1754331282.614005,1754331282.614322,1754331282.618814,1754331282.619070,,1754331282.619644,,,,,,1754331282.619681,1754331282.622262,1754331282.622268,8.36,SUCCESS
2025-08-04 23:44:56,google.com,4,1754331285.811276,1754331285.811569,1754331285.819637,1754331285.819905,,1754331285.820477,,,,,,1754331285.820529,1754331285.822669,1754331285.822675,11.49,SUCCESS
2025-08-04 23:44:56,google.com,5,1754331289.037699,1754331289.037994,1754331289.044747,1754331289.044998,,1754331289.045507,,,,,,1754331289.045540,1754331289.047526,1754331289.047529,9.91,SUCCESS
2025-08-04 23:44:57,google.com,6,1754331292.263940,1754331292.264109,1754331292.270213,1754331292.270456,,1754331292.270955,,,,,,1754331292.270987,1754331292.272940,1754331292.272945,9.08,SUCCESS
2025-08-04 23:45:05,google.com,7,1754331295.484578,1754331295.484879,1754331295.491713,1754331295.491944,,1754331295.492443,,,,,,1754331295.492478,1754331295.494513,1754331295.494518,10.01,SUCCESS
2025-08-04 23:45:06,google.com,8,1754331298.697653,1754331298.697913,1754331298.703124,1754331298.703392,,1754331298.703979,,,,,,1754331298.704014,1754331298.706161,1754331298.706166,8.60,SUCCESS
2025-08-04 23:45:06,google.com,9,1754331301.908410,1754331301.908602,1754331301.917378,1754331301.917647,,1754331301.918211,,,,,,1754331301.918257,1754331301.920570,1754331301.920575,12.25,SUCCESS
2025-08-04 23:45:15,google.com,10,1754331305.137463,1754331305.137937,1754331305.146721,1754331305.146997,,1754331305.147598,,,,,,1754331305.147658,1754331305.149875,1754331305.149879,12.49,SUCCESS
2025-08-04 23:45:15,google.com,11,1754331308.351730,1754331308.352059,1754331308.356454,1754331308.356695,,1754331308.357199,,,,,,1754331308.357239,1754331308.360336,1754331308.360345,8.73,SUCCESS
2025-08-04 23:45:16,google.com,12,1754331311.562330,1754331311.562699,1754331311.570443,1754331311.570697,,1754331311.571209,,,,,,1754331311.571241,1754331311.573229,1754331311.573234,10.99,SUCCESS
2025-08-04 23:45:24,google.com,13,1754331314.785089,1754331314.785473,1754331314.789750,1754331314.789992,,1754331314.790537,,,,,,1754331314.790573,1754331314.792860,1754331314.792865,7.85,SUCCESS
2025-08-04 23:45:25,google.com,14,1754331318.004533,1754331318.004798,1754331318.010101,1754331318.010324,,1754331318.010840,,,,,,1754331318.010872,1754331318.012889,1754331318.012895,8.44,SUCCESS
2025-08-04 23:45:25,google.com,15,1754331321.217827,1754331321.218115,1754331321.222892,1754331321.223153,,1754331321.223721,,,,,,1754331321.223757,1754331321.226280,1754331321.226286,8.56,SUCCESS
2025-08-04 23:45:34,google.com,16,1754331324.426946,1754331324.427280,1754331324.434957,1754331324.435207,,1754331324.435752,,,,,,1754331324.435796,1754331324.437899,1754331324.437904,11.02,SUCCESS
2025-08-04 23:45:35,google.com,17,1754331327.643807,1754331327.644083,1754331327.651755,1754331327.651990,,1754331327.652557,,,,,,1754331327.652601,1754331327.654719,1754331327.654725,11.00,SUCCESS
2025-08-04 23:45:35,google.com,18,1754331330.858239,1754331330.858549,1754331330.866618,1754331330.866867,,1754331330.867473,,,,,,1754331330.867512,1754331330.872055,1754331330.872065,13.91,SUCCESS
2025-08-04 23:45:44,google.com,19,1754331334.081674,1754331334.082074,1754331334.090502,1754331334.090765,,1754331334.091192,,,,,,1754331334.091220,1754331334.095691,1754331334.095699,14.10,SUCCESS
2025-08-04 23:45:44,google.com,20,1754331337.305768,1754331337.305909,1754331337.313169,1754331337.313608,,1754331337.314038,,,,,,1754331337.314069,1754331337.316091,1754331337.316097,10.40,SUCCESS
2025-08-04 23:45:45,google.com,21,1754331340.524583,1754331340.524885,1754331340.532611,1754331340.532856,,1754331340.533330,,,,,,1754331340.533414,1754331340.535564,1754331340.535572,11.07,SUCCESS
2025-08-04 23:45:53,google.com,22,1754331343.738031,1754331343.738444,1754331343.746972,1754331343.747207,,1754331343.747699,,,,,,1754331343.747737,1754331343.749852,1754331343.749857,11.91,SUCCESS
2025-08-04 23:45:54,google.com,23,1754331346.948756,1754331346.949051,1754331346.953640,1754331346.953895,,1754331346.954327,,,,,,1754331346.954360,1754331346.956748,1754331346.956759,8.09,SUCCESS
2025-08-04 23:45:54,google.com,24,1754331350.168136,1754331350.168339,1754331350.172591,1754331350.172811,,1754331350.173304,,,,,,1754331350.173335,1754331350.175331,1754331350.175335,7.29,SUCCESS
2025-08-04 23:46:03,google.com,25,1754331353.380043,1754331353.380427,1754331353.388085,1754331353.388332,,1754331353.388780,,,,,,1754331353.388826,1754331353.390899,1754331353.390903,10.93,SUCCESS
2025-08-04 23:46:03,google.com,26,1754331356.597491,1754331356.597780,1754331356.603536,1754331356.603756,,1754331356.604245,,,,,,1754331356.604276,1754331356.606271,1754331356.606277,8.87,SUCCESS
2025-08-04 23:46:04,google.com,27,1754331359.818201,1754331359.818443,1754331359.823073,1754331359.823297,,1754331359.823651,,,,,,1754331359.823668,1754331359.825537,1754331359.825540,7.41,SUCCESS
2025-08-04 23:46:13,google.com,28,1754331363.026776,1754331363.027146,1754331363.032209,1754331363.032431,,1754331363.032939,,,,,,1754331363.032968,1754331363.034828,1754331363.034831,8.13,SUCCESS
2025-08-04 23:46:13,google.com,29,1754331366.241626,1754331366.241974,1754331366.251554,1754331366.251847,,1754331366.252560,,,,,,1754331366.252595,1754331366.254911,1754331366.254918,13.38,SUCCESS
2025-08-04 23:46:14,google.com,30,1754331369.455141,1754331369.455516,1754331369.464331,1754331369.464593,,1754331369.465197,,,,,,1754331369.465245,1754331369.467402,1754331369.467407,12.35,SUCCESS
2025-08-04 23:46:22,google.com,31,1754331372.668703,1754331372.669076,1754331372.674103,1754331372.674333,,1754331372.674851,,,,,,1754331372.674881,1754331372.676806,1754331372.676810,8.17,SUCCESS
2025-08-04 23:46:23,google.com,32,1754331375.880634,1754331375.880939,1754331375.888754,1754331375.889012,,1754331375.889609,,,,,,1754331375.889646,1754331375.892667,1754331375.892680,12.15,SUCCESS
2025-08-04 23:46:23,google.com,33,1754331379.090288,1754331379.090590,1754331379.097338,1754331379.097585,,1754331379.098075,,,,,,1754331379.098105,1754331379.099938,1754331379.099942,9.73,SUCCESS
2025-08-04 23:46:32,google.com,34,1754331382.312255,1754331382.312657,1754331382.319158,1754331382.319463,,1754331382.319981,,,,,,1754331382.320014,1754331382.322285,1754331382.322289,10.12,SUCCESS
2025-08-04 23:46:32,google.com,35,1754331385.534759,1754331385.535071,1754331385.543881,1754331385.544150,,1754331385.544731,,,,,,1754331385.544781,1754331385.546939,1754331385.546946,12.26,SUCCESS
2025-08-04 23:46:33,google.com,36,1754331388.759319,1754331388.759857,1754331388.767800,1754331388.768058,,1754331388.768660,,,,,,1754331388.768691,1754331388.770838,1754331388.770844,11.61,SUCCESS
2025-08-04 23:46:42,google.com,37,1754331391.964870,1754331391.965247,1754331391.971379,1754331391.971612,,1754331391.972088,,,,,,1754331391.972120,1754331391.974197,1754331391.974202,9.40,SUCCESS
2025-08-04 23:46:42,google.com,38,1754331395.178635,1754331395.178914,1754331395.183297,1754331395.183519,,1754331395.183994,,,,,,1754331395.184023,1754331395.185958,1754331395.185965,7.41,SUCCESS
2025-08-04 23:46:43,google.com,39,1754331398.393299,1754331398.393568,1754331398.400908,1754331398.401142,,1754331398.401665,,,,,,1754331398.401705,1754331398.403766,1754331398.403770,10.54,SUCCESS
2025-08-04 23:46:51,google.com,40,1754331401.617656,1754331401.618020,1754331401.624744,1754331401.624959,,1754331401.625362,,,,,,1754331401.625386,1754331401.627205,1754331401.627209,9.63,SUCCESS
2025-08-04 23:46:52,google.com,41,1754331404.842739,1754331404.842969,1754331404.846524,1754331404.846724,,1754331404.847210,,,,,,1754331404.847240,1754331404.849205,1754331404.849212,6.55,SUCCESS
2025-08-04 23:46:52,google.com,42,1754331408.051656,1754331408.051967,1754331408.058760,1754331408.058996,,1754331408.059531,,,,,,1754331408.059561,1754331408.061548,1754331408.061552,9.98,SUCCESS
2025-08-04 23:47:01,google.com,43,1754331411.279323,1754331411.279747,1754331411.287565,1754331411.287788,,1754331411.288245,,,,,,1754331411.288275,1754331411.290940,1754331411.290944,11.69,SUCCESS
2025-08-04 23:47:01,google.com,44,1754331414.485238,1754331414.485462,1754331414.490538,1754331414.490772,,1754331414.491297,,,,,,1754331414.491328,1754331414.493419,1754331414.493425,8.27,SUCCESS
2025-08-04 23:47:02,google.com,45,1754331417.690754,1754331417.691036,1754331417.695450,1754331417.695678,,1754331417.696201,,,,,,1754331417.696231,1754331417.698359,1754331417.698363,7.70,SUCCESS
2025-08-04 23:47:11,google.com,46,1754331420.904103,1754331420.904544,1754331420.913675,1754331420.913951,,1754331420.914595,,,,,,1754331420.914644,1754331420.917049,1754331420.917053,13.03,SUCCESS
2025-08-04 23:47:11,google.com,47,1754331424.115580,1754331424.115891,1754331424.122216,1754331424.122468,,1754331424.123005,,,,,,1754331424.123037,1754331424.125332,1754331424.125338,9.86,SUCCESS
2025-08-04 23:47:12,google.com,48,1754331427.335164,1754331427.335431,1754331427.342151,1754331427.342408,,1754331427.342778,,,,,,1754331427.342798,1754331427.344995,1754331427.344999,9.91,SUCCESS
2025-08-04 23:47:25,google.com,49,1754331430.547839,1754331430.548143,1754331430.553159,1754331430.553384,,1754331430.553911,,,,,,1754331430.553941,1754331430.555864,1754331430.555868,8.09,SUCCESS
2025-08-04 23:47:26,google.com,50,1754331433.784037,1754331433.784345,1754331433.791487,1754331433.791719,,1754331433.792238,,,,,,1754331433.792270,1754331433.794254,1754331433.794261,10.31,SUCCESS
2025-08-04 23:47:26,youtube.com,51,1754331437.012887,1754331437.013114,1754331437.021344,1754331437.021605,,1754331442.268548,,,,,,1754331442.268591,1754331442.270578,1754331442.270582,5257.77,SUCCESS
2025-08-04 23:47:35,youtube.com,52,1754331445.478351,1754331445.478774,1754331445.483537,1754331445.483793,,1754331445.484291,,,,,,1754331445.484325,1754331445.486606,1754331445.486611,8.33,SUCCESS
2025-08-04 23:47:36,youtube.com,53,1754331448.699947,1754331448.700193,1754331448.704513,1754331448.704752,,1754331448.705290,,,,,,1754331448.705323,1754331448.707484,1754331448.707490,7.64,SUCCESS
2025-08-04 23:47:36,youtube.com,54,1754331451.915812,1754331451.916122,1754331451.922675,1754331451.922969,,1754331451.923547,,,,,,1754331451.923587,1754331451.926165,1754331451.926170,10.45,SUCCESS
2025-08-04 23:47:45,youtube.com,55,1754331455.134299,1754331455.134638,1754331455.141020,1754331455.141295,,1754331455.141856,,,,,,1754331455.141892,1754331455.144397,1754331455.144402,10.18,SUCCESS
2025-08-04 23:47:45,youtube.com,56,1754331458.351392,1754331458.351589,1754331458.359491,1754331458.359740,,1754331458.360253,,,,,,1754331458.360283,1754331458.362266,1754331458.362273,10.99,SUCCESS
2025-08-04 23:47:46,youtube.com,57,1754331461.550509,1754331461.550855,1754331461.558776,1754331461.559036,,1754331461.559576,,,,,,1754331461.559608,1754331461.561731,1754331461.561736,11.31,SUCCESS
2025-08-04 23:47:54,youtube.com,58,1754331464.753627,1754331464.753904,1754331464.758971,1754331464.759194,,1754331464.759758,,,,,,1754331464.759789,1754331464.761687,1754331464.761691,8.13,SUCCESS
2025-08-04 23:47:55,youtube.com,59,1754331467.964942,1754331467.965222,1754331467.972624,1754331467.972868,,1754331467.973434,,,,,,1754331467.973468,1754331467.975780,1754331467.975787,10.94,SUCCESS
2025-08-04 23:47:55,youtube.com,60,1754331471.179096,1754331471.179338,1754331471.183883,1754331471.184107,,1754331471.184619,,,,,,1754331471.184651,1754331471.186653,1754331471.186658,7.64,SUCCESS
2025-08-04 23:48:04,youtube.com,61,1754331474.393091,1754331474.393363,1754331474.401011,1754331474.401266,,1754331474.401858,,,,,,1754331474.401902,1754331474.403989,1754331474.403993,10.98,SUCCESS
2025-08-04 23:48:04,youtube.com,62,1754331477.604617,1754331477.604973,1754331477.614417,1754331477.614702,,1754331477.615340,,,,,,1754331477.615425,1754331477.617811,1754331477.617817,13.29,SUCCESS
2025-08-04 23:48:05,youtube.com,63,1754331480.818607,1754331480.818832,1754331480.826712,1754331480.826963,,1754331480.827566,,,,,,1754331480.827608,1754331480.829726,1754331480.829731,11.21,SUCCESS
2025-08-04 23:48:14,youtube.com,64,1754331484.044148,1754331484.044639,1754331484.054329,1754331484.054628,,1754331484.055281,,,,,,1754331484.055337,1754331484.057813,1754331484.057818,13.76,SUCCESS
2025-08-04 23:48:14,youtube.com,65,1754331487.270150,1754331487.270349,1754331487.277458,1754331487.277713,,1754331487.278233,,,,,,1754331487.278264,1754331487.280433,1754331487.280444,10.38,SUCCESS
2025-08-04 23:48:15,youtube.com,66,1754331490.490697,1754331490.490948,1754331490.494906,1754331490.495133,,1754331490.495685,,,,,,1754331490.495717,1754331490.497845,1754331490.497849,7.23,SUCCESS
2025-08-04 23:48:23,youtube.com,67,1754331493.713799,1754331493.714164,1754331493.721814,1754331493.722088,,1754331493.722649,,,,,,1754331493.722687,1754331493.725175,1754331493.725180,11.46,SUCCESS
2025-08-04 23:48:24,youtube.com,68,1754331496.927460,1754331496.927644,1754331496.937284,1754331496.937582,,1754331496.938230,,,,,,1754331496.938277,1754331496.940750,1754331496.940757,13.39,SUCCESS
2025-08-04 23:48:24,youtube.com,69,1754331500.150135,1754331500.150359,1754331500.158179,1754331500.158451,,1754331500.159050,,,,,,1754331500.159096,1754331500.161254,1754331500.161258,11.21,SUCCESS
2025-08-04 23:48:33,youtube.com,70,1754331503.372022,1754331503.372149,1754331503.374714,1754331503.374817,,1754331503.375058,,,,,,1754331503.375078,1754331503.376465,1754331503.376467,4.47,SUCCESS
2025-08-04 23:48:33,youtube.com,71,1754331506.588805,1754331506.589178,1754331506.597529,1754331506.597774,,1754331506.598308,,,,,,1754331506.598343,1754331506.602872,1754331506.602882,14.18,SUCCESS
2025-08-04 23:48:34,youtube.com,72,1754331509.817173,1754331509.817400,1754331509.821017,1754331509.821241,,1754331509.821741,,,,,,1754331509.821772,1754331509.823711,1754331509.823716,6.63,SUCCESS
2025-08-04 23:48:43,youtube.com,73,1754331513.032353,1754331513.032636,1754331513.037913,1754331513.038146,,1754331513.038702,,,,,,1754331513.038732,1754331513.040613,1754331513.040617,8.33,SUCCESS
2025-08-04 23:48:43,youtube.com,74,1754331516.253770,1754331516.253973,1754331516.261065,1754331516.261333,,1754331516.261882,,,,,,1754331516.261915,1754331516.266100,1754331516.266110,12.43,SUCCESS
2025-08-04 23:48:44,youtube.com,75,1754331519.477156,1754331519.477378,1754331519.483324,1754331519.483567,,1754331519.484101,,,,,,1754331519.484151,1754331519.489738,1754331519.489744,12.68,SUCCESS
2025-08-04 23:48:52,youtube.com,76,1754331522.697543,1754331522.697982,1754331522.703652,1754331522.703903,,1754331522.704476,,,,,,1754331522.704515,1754331522.708840,1754331522.708855,11.41,SUCCESS
2025-08-04 23:48:53,youtube.com,77,1754331525.916361,1754331525.916702,1754331525.924196,1754331525.924454,,1754331525.925068,,,,,,1754331525.925111,1754331525.928525,1754331525.928537,12.28,SUCCESS
2025-08-04 23:48:53,youtube.com,78,1754331529.140445,1754331529.140751,1754331529.147897,1754331529.148138,,1754331529.148792,,,,,,1754331529.148851,1754331529.153878,1754331529.153886,13.55,SUCCESS
2025-08-04 23:49:02,youtube.com,79,1754331532.345582,1754331532.345859,1754331532.353545,1754331532.353806,,1754331532.354402,,,,,,1754331532.354460,1754331532.357233,1754331532.357246,11.74,SUCCESS
2025-08-04 23:49:02,youtube.com,80,1754331535.551812,1754331535.552069,1754331535.560884,1754331535.561156,,1754331535.561805,,,,,,1754331535.561857,1754331535.564191,1754331535.564198,12.47,SUCCESS
2025-08-04 23:49:03,youtube.com,81,1754331538.762438,1754331538.762712,1754331538.771211,1754331538.771476,,1754331538.772083,,,,,,1754331538.772139,1754331538.774528,1754331538.774544,12.21,SUCCESS
2025-08-04 23:49:12,youtube.com,82,1754331541.978816,1754331541.979305,1754331541.983638,1754331541.983896,,1754331541.984451,,,,,,1754331541.984484,1754331541.986746,1754331541.986750,8.03,SUCCESS
2025-08-04 23:49:12,youtube.com,83,1754331545.197627,1754331545.197858,1754331545.205777,1754331545.206033,,1754331545.206707,,,,,,1754331545.206765,1754331545.210034,1754331545.210049,12.52,SUCCESS
2025-08-04 23:49:13,youtube.com,84,1754331548.419820,1754331548.420043,1754331548.428566,1754331548.428808,,1754331548.429213,,,,,,1754331548.429238,1754331548.433434,1754331548.433441,13.70,SUCCESS
2025-08-04 23:49:21,youtube.com,85,1754331551.644182,1754331551.644588,1754331551.648767,1754331551.648983,,1754331551.649509,,,,,,1754331551.649544,1754331551.652558,1754331551.652573,8.46,SUCCESS
2025-08-04 23:49:22,youtube.com,86,1754331554.855905,1754331554.856145,1754331554.861690,1754331554.861930,,1754331554.862533,,,,,,1754331554.862579,1754331554.865538,1754331554.865551,9.76,SUCCESS
2025-08-04 23:49:22,youtube.com,87,1754331558.075947,1754331558.076173,1754331558.083540,1754331558.083780,,1754331558.084323,,,,,,1754331558.084359,1754331558.088613,1754331558.088620,12.76,SUCCESS
2025-08-04 23:49:31,youtube.com,88,1754331561.285248,1754331561.285645,1754331561.295032,1754331561.295307,,1754331561.295779,,,,,,1754331561.295820,1754331561.298236,1754331561.298243,13.09,SUCCESS
2025-08-04 23:49:31,youtube.com,89,1754331564.499279,1754331564.499589,1754331564.508013,1754331564.508272,,1754331564.508832,,,,,,1754331564.508888,1754331564.511899,1754331564.511917,12.75,SUCCESS
2025-08-04 23:49:32,youtube.com,90,1754331567.727092,1754331567.727350,1754331567.731979,1754331567.732242,,1754331567.732749,,,,,,1754331567.732788,1754331567.735337,1754331567.735346,8.36,SUCCESS
2025-08-04 23:49:41,youtube.com,91,1754331570.941123,1754331570.941592,1754331570.950145,1754331570.950418,,1754331570.950840,,,,,,1754331570.950866,1754331570.953864,1754331570.953880,12.83,SUCCESS
2025-08-04 23:49:41,youtube.com,92,1754331574.171415,1754331574.171725,1754331574.181075,1754331574.181351,,1754331574.181955,,,,,,1754331574.182003,1754331574.184408,1754331574.184414,13.09,SUCCESS
2025-08-04 23:49:42,youtube.com,93,1754331577.397391,1754331577.397707,1754331577.404812,1754331577.405049,,1754331577.405618,,,,,,1754331577.405654,1754331577.407623,1754331577.407628,10.35,SUCCESS
2025-08-04 23:49:50,youtube.com,94,1754331580.621445,1754331580.621864,1754331580.626086,1754331580.626317,,1754331580.626846,,,,,,1754331580.626878,1754331580.628961,1754331580.628965,7.59,SUCCESS
2025-08-04 23:49:51,youtube.com,95,1754331583.839052,1754331583.839322,1754331583.845762,1754331583.845988,,1754331583.846458,,,,,,1754331583.846487,1754331583.848547,1754331583.848553,9.58,SUCCESS
2025-08-04 23:49:51,youtube.com,96,1754331587.046574,1754331587.046789,1754331587.051004,1754331587.051219,,1754331587.051746,,,,,,1754331587.051782,1754331587.053772,1754331587.053776,7.29,SUCCESS
2025-08-04 23:50:00,youtube.com,97,1754331590.252221,1754331590.252611,1754331590.258661,1754331590.258878,,1754331590.259361,,,,,,1754331590.259408,1754331590.261326,1754331590.261330,9.18,SUCCESS
2025-08-04 23:50:00,youtube.com,98,1754331593.471430,1754331593.471661,1754331593.477873,1754331593.478087,,1754331593.478641,,,,,,1754331593.478676,1754331593.480744,1754331593.480752,9.40,SUCCESS
2025-08-04 23:50:01,youtube.com,99,1754331596.693252,1754331596.693475,1754331596.699400,1754331596.699625,,1754331596.700099,,,,,,1754331596.700128,1754331596.702084,1754331596.702089,8.92,SUCCESS
2025-08-04 23:50:07,youtube.com,100,1754331599.908786,1754331599.909086,1754331599.913806,1754331599.914068,,1754331599.914618,,,,,,1754331599.914655,1754331599.917138,1754331599.917144,8.44,SUCCESS
2025-08-04 23:50:07,roydns.xyz,101,1754331603.140306,1754331603.140531,1754331603.148384,,,,,,1754331603.393590,,,1754331603.393602,1754331603.395331,1754331603.395334,255.09,SUCCESS
2025-08-04 23:50:14,roydns.xyz,102,1754331606.602521,1754331606.602665,1754331606.609633,,,,,,1754331606.868374,,,1754331606.868387,1754331606.869985,1754331606.869987,267.50,SUCCESS
2025-08-04 23:50:14,roydns.xyz,103,1754331610.081740,1754331610.082016,1754331610.087049,,,,,,1754331610.350963,,,1754331610.350976,1754331610.352635,1754331610.352638,270.95,SUCCESS
2025-08-04 23:50:21,roydns.xyz,104,1754331613.558169,1754331613.558406,1754331613.566617,,,,,,1754331613.835567,,,1754331613.835578,1754331613.837179,1754331613.837181,279.05,SUCCESS
2025-08-04 23:50:21,roydns.xyz,105,1754331617.060939,1754331617.061141,1754331617.069012,,,,,,1754331617.283866,,,1754331617.283876,1754331617.285603,1754331617.285605,224.72,SUCCESS
2025-08-04 23:50:27,roydns.xyz,106,1754331620.491733,1754331620.491999,1754331620.497756,,,,,,1754331620.735432,,,1754331620.735442,1754331620.737033,1754331620.737036,245.35,SUCCESS
2025-08-04 23:50:28,roydns.xyz,107,1754331623.951517,1754331623.951840,1754331623.958991,,,,,,1754331624.227719,,,1754331624.227730,1754331624.229332,1754331624.229335,277.88,SUCCESS
2025-08-04 23:50:34,roydns.xyz,108,1754331627.434269,1754331627.434471,1754331627.442221,,,,,,1754331627.684950,,,1754331627.684962,1754331627.686575,1754331627.686578,252.35,SUCCESS
2025-08-04 23:50:35,roydns.xyz,109,1754331630.899063,1754331630.899300,1754331630.903580,,,,,,1754331631.120576,,,1754331631.120588,1754331631.122315,1754331631.122318,223.34,SUCCESS
2025-08-04 23:50:41,roydns.xyz,110,1754331634.333133,1754331634.333353,1754331634.341356,,,,,,1754331634.562767,,,1754331634.562778,1754331634.564376,1754331634.564377,231.29,SUCCESS
2025-08-04 23:50:42,roydns.xyz,111,1754331637.775085,1754331637.775333,1754331637.779718,,,,,,1754331638.069818,,,1754331638.069831,1754331638.071896,1754331638.071900,296.89,SUCCESS
2025-08-04 23:50:48,roydns.xyz,112,1754331641.279804,1754331641.280085,1754331641.284132,,,,,,1754331641.521950,,,1754331641.521962,1754331641.523562,1754331641.523565,243.81,SUCCESS
2025-08-04 23:50:49,roydns.xyz,113,1754331644.730634,1754331644.730978,1754331644.738142,,,,,,1754331644.958390,,,1754331644.958401,1754331644.960289,1754331644.960292,229.71,SUCCESS
2025-08-04 23:50:55,roydns.xyz,114,1754331648.182713,1754331648.183142,1754331648.190899,,,,,,1754331648.476560,,,1754331648.476571,1754331648.478165,1754331648.478168,295.50,SUCCESS
2025-08-04 23:50:56,roydns.xyz,115,1754331651.703328,1754331651.703711,1754331651.710845,,,,,,1754331651.995219,,,1754331651.995231,1754331651.997182,1754331651.997185,293.94,SUCCESS
2025-08-04 23:51:02,roydns.xyz,116,1754331655.213359,1754331655.213731,1754331655.218490,,,,,,1754331655.508975,,,1754331655.508986,1754331655.510593,1754331655.510596,297.28,SUCCESS
2025-08-04 23:51:03,roydns.xyz,117,1754331658.724857,1754331658.725208,1754331658.730773,,,,,,1754331658.946733,,,1754331658.946743,1754331658.948484,1754331658.948487,223.68,SUCCESS
2025-08-04 23:51:09,roydns.xyz,118,1754331662.154975,1754331662.155241,1754331662.162992,,,,,,1754331662.374858,,,1754331662.374870,1754331662.376474,1754331662.376477,221.55,SUCCESS
2025-08-04 23:51:10,roydns.xyz,119,1754331665.599143,1754331665.599414,1754331665.606402,,,,,,1754331665.891057,,,1754331665.891068,1754331665.893104,1754331665.893113,294.05,SUCCESS
2025-08-04 23:51:13,roydns.xyz,120,1754331669.108836,1754331669.109130,1754331669.112988,,,,,,1754331669.340180,,,1754331669.340190,1754331669.341818,1754331669.341821,233.03,SUCCESS
2025-08-04 23:51:19,roydns.xyz,121,1754331672.541898,1754331672.542105,1754331672.549773,,,,,,1754331672.815861,,,1754331672.815874,1754331672.818130,1754331672.818234,276.40,SUCCESS
2025-08-04 23:51:20,roydns.xyz,122,1754331676.015180,1754331676.015517,1754331676.023587,,,,,,1754331676.287302,,,1754331676.287316,1754331676.289381,1754331676.289384,274.26,SUCCESS
2025-08-04 23:51:26,roydns.xyz,123,1754331679.496624,1754331679.496789,1754331679.500912,,,,,,1754331679.723020,,,1754331679.723031,1754331679.725745,1754331679.725757,229.21,SUCCESS
2025-08-04 23:51:27,roydns.xyz,124,1754331682.919923,1754331682.920132,1754331682.927783,,,,,,1754331683.193008,,,1754331683.193019,1754331683.194747,1754331683.194750,274.88,SUCCESS
2025-08-04 23:51:33,roydns.xyz,125,1754331686.405971,1754331686.406226,1754331686.410747,,,,,,1754331686.631496,,,1754331686.631612,1754331686.633633,1754331686.633637,227.72,SUCCESS
2025-08-04 23:51:34,roydns.xyz,126,1754331689.850604,1754331689.850799,1754331689.855092,,,,,,1754331690.075210,,,1754331690.075222,1754331690.077278,1754331690.077281,226.74,SUCCESS
2025-08-04 23:51:40,roydns.xyz,127,1754331693.286646,1754331693.286880,1754331693.295017,,,,,,1754331693.583853,,,1754331693.583868,1754331693.585922,1754331693.585926,299.33,SUCCESS
2025-08-04 23:51:41,roydns.xyz,128,1754331696.793642,1754331696.793966,1754331696.799663,,,,,,1754331697.058816,,,1754331697.058829,1754331697.060564,1754331697.060567,266.97,SUCCESS
2025-08-04 23:51:47,roydns.xyz,129,1754331700.280039,1754331700.280215,1754331700.286376,,,,,,1754331700.550283,,,1754331700.550295,1754331700.552094,1754331700.552098,272.12,SUCCESS
2025-08-04 23:51:48,roydns.xyz,130,1754331703.772964,1754331703.773316,1754331703.777522,,,,,,1754331704.041678,,,1754331704.041690,1754331704.043738,1754331704.043741,270.83,SUCCESS
2025-08-04 23:51:54,roydns.xyz,131,1754331707.243794,1754331707.243950,1754331707.252982,,,,,,1754331707.468012,,,1754331707.468024,1754331707.469763,1754331707.469767,226.02,SUCCESS
2025-08-04 23:51:55,roydns.xyz,132,1754331710.677533,1754331710.677853,1754331710.685810,,,,,,1754331710.925099,,,1754331710.925109,1754331710.926852,1754331710.926855,249.38,SUCCESS
2025-08-04 23:52:01,roydns.xyz,133,1754331714.135839,1754331714.136006,1754331714.141678,,,,,,1754331714.373250,,,1754331714.373261,1754331714.374985,1754331714.374988,239.20,SUCCESS
2025-08-04 23:52:02,roydns.xyz,134,1754331717.595187,1754331717.595561,1754331717.599701,,,,,,1754331717.815856,,,1754331717.815869,1754331717.817787,1754331717.817790,222.68,SUCCESS
2025-08-04 23:52:08,roydns.xyz,135,1754331721.013099,1754331721.013333,1754331721.019031,,,,,,1754331721.255656,,,1754331721.255667,1754331721.257270,1754331721.257272,244.22,SUCCESS
2025-08-04 23:52:09,roydns.xyz,136,1754331724.464583,1754331724.464926,1754331724.473018,,,,,,1754331724.748195,,,1754331724.748210,1754331724.750466,1754331724.750469,285.95,SUCCESS
2025-08-04 23:52:15,roydns.xyz,137,1754331727.965297,1754331727.965534,1754331727.973146,,,,,,1754331728.238665,,,1754331728.238676,1754331728.240268,1754331728.240271,275.02,SUCCESS
2025-08-04 23:52:16,roydns.xyz,138,1754331731.455444,1754331731.455754,1754331731.463659,,,,,,1754331731.726339,,,1754331731.726352,1754331731.728599,1754331731.728602,273.22,SUCCESS
2025-08-04 23:52:22,roydns.xyz,139,1754331734.942294,1754331734.942626,1754331734.951055,,,,,,1754331735.192415,,,1754331735.192430,1754331735.194470,1754331735.194474,252.23,SUCCESS
2025-08-04 23:52:23,roydns.xyz,140,1754331738.405765,1754331738.405928,1754331738.413779,,,,,,1754331738.703275,,,1754331738.703287,1754331738.705335,1754331738.705338,299.64,SUCCESS
2025-08-04 23:52:29,roydns.xyz,141,1754331741.918337,1754331741.918512,1754331741.926220,,,,,,1754331742.147345,,,1754331742.147358,1754331742.149382,1754331742.149386,231.10,SUCCESS
2025-08-04 23:52:30,roydns.xyz,142,1754331745.355743,1754331745.355907,1754331745.361188,,,,,,1754331745.624589,,,1754331745.624599,1754331745.626326,1754331745.626328,270.65,SUCCESS
2025-08-04 23:52:36,roydns.xyz,143,1754331748.827966,1754331748.828129,1754331748.835692,,,,,,1754331749.051261,,,1754331749.051273,1754331749.052882,1754331749.052885,224.96,SUCCESS
2025-08-04 23:52:37,roydns.xyz,144,1754331752.254912,1754331752.255072,1754331752.262347,,,,,,1754331752.550699,,,1754331752.550712,1754331752.552712,1754331752.552720,297.88,SUCCESS
2025-08-04 23:52:43,roydns.xyz,145,1754331755.758402,1754331755.758666,1754331755.762674,,,,,,1754331755.976942,,,1754331755.976954,1754331755.978564,1754331755.978569,220.21,SUCCESS
2025-08-04 23:52:43,roydns.xyz,146,1754331759.190464,1754331759.190672,1754331759.195701,,,,,,1754331759.444520,,,1754331759.444534,1754331759.446784,1754331759.446787,256.38,SUCCESS
2025-08-04 23:52:50,roydns.xyz,147,1754331762.655276,1754331762.655509,1754331762.664536,,,,,,1754331762.928449,,,1754331762.928463,1754331762.930082,1754331762.930085,274.86,SUCCESS
2025-08-04 23:52:50,roydns.xyz,148,1754331766.146188,1754331766.146407,1754331766.154063,,,,,,1754331766.398278,,,1754331766.398293,1754331766.400803,1754331766.400807,254.68,SUCCESS
2025-08-04 23:52:57,roydns.xyz,149,1754331769.614601,1754331769.614854,1754331769.621860,,,,,,1754331769.840084,,,1754331769.840096,1754331769.842139,1754331769.842143,227.60,SUCCESS
2025-08-04 23:52:57,roydns.xyz,150,1754331773.049825,1754331773.050008,1754331773.057713,,,,,,1754331773.345530,,,1754331773.345541,1754331773.347242,1754331773.347245,297.47,SUCCESS
2025-08-04 23:53:07,cloudflare.com,151,1754331776.550485,1754331776.550800,1754331776.559644,1754331776.559946,,1754331777.545043,,,,,,1754331777.545082,1754331777.547053,1754331777.547057,996.63,SUCCESS
2025-08-04 23:53:08,cloudflare.com,152,1754331780.759871,1754331780.760088,1754331780.764338,1754331780.764591,,1754331780.765143,,,,,,1754331780.765172,1754331780.767173,1754331780.767177,7.39,SUCCESS
2025-08-04 23:53:08,cloudflare.com,153,1754331783.979121,1754331783.979423,1754331783.984042,1754331783.984301,,1754331783.984899,,,,,,1754331783.984936,1754331783.988460,1754331783.988465,9.45,SUCCESS
2025-08-04 23:53:17,cloudflare.com,154,1754331787.194695,1754331787.194969,1754331787.199151,1754331787.199486,,1754331787.200013,,,,,,1754331787.200047,1754331787.202027,1754331787.202031,7.42,SUCCESS
2025-08-04 23:53:17,cloudflare.com,155,1754331790.406706,1754331790.406918,1754331790.414540,1754331790.414780,,1754331790.415330,,,,,,1754331790.415393,1754331790.417382,1754331790.417387,10.77,SUCCESS
2025-08-04 23:53:18,cloudflare.com,156,1754331793.629025,1754331793.629223,1754331793.635854,1754331793.636098,,1754331793.636643,,,,,,1754331793.636677,1754331793.638655,1754331793.638659,9.71,SUCCESS
2025-08-04 23:53:26,cloudflare.com,157,1754331796.851891,1754331796.852125,1754331796.856642,1754331796.857000,,1754331796.857601,,,,,,1754331796.857642,1754331796.859856,1754331796.859861,8.04,SUCCESS
2025-08-04 23:53:27,cloudflare.com,158,1754331800.063626,1754331800.063892,1754331800.068449,1754331800.068672,,1754331800.069212,,,,,,1754331800.069250,1754331800.071283,1754331800.071288,7.75,SUCCESS
2025-08-04 23:53:27,cloudflare.com,159,1754331803.272125,1754331803.272333,1754331803.276687,1754331803.276905,,1754331803.277421,,,,,,1754331803.277451,1754331803.279411,1754331803.279416,7.37,SUCCESS
2025-08-04 23:53:36,cloudflare.com,160,1754331806.497343,1754331806.497675,1754331806.504285,1754331806.504529,,1754331806.505162,,,,,,1754331806.505193,1754331806.507158,1754331806.507163,9.89,SUCCESS
2025-08-04 23:53:36,cloudflare.com,161,1754331809.707453,1754331809.707822,1754331809.711784,1754331809.712009,,1754331809.712503,,,,,,1754331809.712537,1754331809.714684,1754331809.714690,7.33,SUCCESS
2025-08-04 23:53:37,cloudflare.com,162,1754331812.922312,1754331812.922548,1754331812.930098,1754331812.930331,,1754331812.930912,,,,,,1754331812.930957,1754331812.933094,1754331812.933100,10.87,SUCCESS
2025-08-04 23:53:46,cloudflare.com,163,1754331816.144692,1754331816.144837,1754331816.148743,1754331816.148972,,1754331816.149479,,,,,,1754331816.149509,1754331816.151563,1754331816.151568,6.94,SUCCESS
2025-08-04 23:53:46,cloudflare.com,164,1754331819.360690,1754331819.360968,1754331819.370322,1754331819.370579,,1754331819.371119,,,,,,1754331819.371166,1754331819.373305,1754331819.373309,12.71,SUCCESS
2025-08-04 23:53:47,cloudflare.com,165,1754331822.582171,1754331822.582534,1754331822.593889,1754331822.594194,,1754331822.594880,,,,,,1754331822.594945,1754331822.600571,1754331822.600580,18.53,SUCCESS
2025-08-04 23:53:55,cloudflare.com,166,1754331825.813112,1754331825.813437,1754331825.820984,1754331825.821227,,1754331825.821801,,,,,,1754331825.821857,1754331825.824751,1754331825.824767,11.74,SUCCESS
2025-08-04 23:53:56,cloudflare.com,167,1754331829.025118,1754331829.025363,1754331829.029705,1754331829.029946,,1754331829.030539,,,,,,1754331829.030576,1754331829.032909,1754331829.032916,7.88,SUCCESS
2025-08-04 23:53:56,cloudflare.com,168,1754331832.246236,1754331832.246547,1754331832.253373,1754331832.253601,,1754331832.254075,,,,,,1754331832.254104,1754331832.256062,1754331832.256066,9.91,SUCCESS
2025-08-04 23:53:57,cloudflare.com,169,1754331835.451544,1754331835.451742,1754331835.459578,1754331835.459822,,1754331835.460432,,,,,,1754331835.460473,1754331835.462591,1754331835.462595,11.14,SUCCESS
2025-08-04 23:54:08,cloudflare.com,170,1754331838.669804,1754331838.669945,1754331838.675699,1754331838.675917,,1754331838.676430,,,,,,1754331838.676464,1754331838.678445,1754331838.678450,8.73,SUCCESS
2025-08-04 23:54:09,cloudflare.com,171,1754331841.897005,1754331841.897294,1754331841.905417,1754331841.905659,,1754331841.906236,,,,,,1754331841.906275,1754331841.908396,1754331841.908401,11.47,SUCCESS
2025-08-04 23:54:09,cloudflare.com,172,1754331845.107262,1754331845.107578,1754331845.111898,1754331845.112173,,1754331845.112729,,,,,,1754331845.112759,1754331845.114746,1754331845.114750,7.56,SUCCESS
2025-08-04 23:54:18,cloudflare.com,173,1754331848.326598,1754331848.326911,1754331848.332068,1754331848.332292,,1754331848.332815,,,,,,1754331848.332845,1754331848.334722,1754331848.334725,8.19,SUCCESS
2025-08-04 23:54:18,cloudflare.com,174,1754331851.545066,1754331851.545420,1754331851.549593,1754331851.549836,,1754331851.550319,,,,,,1754331851.550335,1754331851.552360,1754331851.552364,7.54,SUCCESS
2025-08-04 23:54:19,cloudflare.com,175,1754331854.758978,1754331854.759301,1754331854.764506,1754331854.764739,,1754331854.765268,,,,,,1754331854.765298,1754331854.767392,1754331854.767397,8.50,SUCCESS
2025-08-04 23:54:28,cloudflare.com,176,1754331857.952470,1754331857.952856,1754331857.960461,1754331857.960718,,1754331857.961287,,,,,,1754331857.961343,1754331857.964127,1754331857.964143,11.75,SUCCESS
2025-08-04 23:54:28,cloudflare.com,177,1754331861.158907,1754331861.159217,1754331861.166490,1754331861.166750,,1754331861.167260,,,,,,1754331861.167294,1754331861.169295,1754331861.169299,10.49,SUCCESS
2025-08-04 23:54:29,cloudflare.com,178,1754331864.375483,1754331864.375801,1754331864.382883,1754331864.383130,,1754331864.383770,,,,,,1754331864.383805,1754331864.386130,1754331864.386135,10.74,SUCCESS
2025-08-04 23:54:37,cloudflare.com,179,1754331867.597647,1754331867.598070,1754331867.602434,1754331867.602895,,1754331867.603487,,,,,,1754331867.603538,1754331867.605626,1754331867.605630,8.06,SUCCESS
2025-08-04 23:54:38,cloudflare.com,180,1754331870.817526,1754331870.817817,1754331870.824813,1754331870.825038,,1754331870.825542,,,,,,1754331870.825572,1754331870.827532,1754331870.827537,10.09,SUCCESS
2025-08-04 23:54:38,cloudflare.com,181,1754331874.025151,1754331874.025389,1754331874.030166,1754331874.030392,,1754331874.030889,,,,,,1754331874.030923,1754331874.032910,1754331874.032914,7.84,SUCCESS
2025-08-04 23:54:47,cloudflare.com,182,1754331877.241346,1754331877.241724,1754331877.246795,1754331877.247045,,1754331877.247670,,,,,,1754331877.247699,1754331877.249494,1754331877.249498,8.22,SUCCESS
2025-08-04 23:54:47,cloudflare.com,183,1754331880.456684,1754331880.456989,1754331880.463948,1754331880.464195,,1754331880.464726,,,,,,1754331880.464758,1754331880.466755,1754331880.466761,10.16,SUCCESS
2025-08-04 23:54:48,cloudflare.com,184,1754331883.668129,1754331883.668445,1754331883.676106,1754331883.676355,,1754331883.676929,,,,,,1754331883.676980,1754331883.679003,1754331883.679007,10.95,SUCCESS
2025-08-04 23:54:56,cloudflare.com,185,1754331886.880978,1754331886.881443,1754331886.887536,1754331886.887831,,1754331886.888342,,,,,,1754331886.888361,1754331886.892013,1754331886.892017,11.11,SUCCESS
2025-08-04 23:54:57,cloudflare.com,186,1754331890.104031,1754331890.104321,1754331890.110846,1754331890.111076,,1754331890.111645,,,,,,1754331890.111675,1754331890.113585,1754331890.113591,9.63,SUCCESS
2025-08-04 23:54:58,cloudflare.com,187,1754331893.309936,1754331893.310085,1754331893.317407,1754331893.317645,,1754331893.318223,,,,,,1754331893.318268,1754331893.320581,1754331893.320590,10.73,SUCCESS
2025-08-04 23:55:06,cloudflare.com,188,1754331896.513609,1754331896.514058,1754331896.520015,1754331896.520248,,1754331896.520828,,,,,,1754331896.520860,1754331896.522964,1754331896.522969,9.44,SUCCESS
2025-08-04 23:55:07,cloudflare.com,189,1754331899.736128,1754331899.736399,1754331899.740436,1754331899.740673,,1754331899.741209,,,,,,1754331899.741242,1754331899.743454,1754331899.743466,7.43,SUCCESS
2025-08-04 23:55:07,cloudflare.com,190,1754331902.946743,1754331902.947070,1754331902.955168,1754331902.955442,,1754331902.956054,,,,,,1754331902.956109,1754331902.958276,1754331902.958280,11.62,SUCCESS
2025-08-04 23:55:16,cloudflare.com,191,1754331906.163800,1754331906.164129,1754331906.168349,1754331906.168591,,1754331906.169120,,,,,,1754331906.169157,1754331906.171644,1754331906.171649,7.93,SUCCESS
2025-08-04 23:55:16,cloudflare.com,192,1754331909.385048,1754331909.385272,1754331909.391049,1754331909.391263,,1754331909.391867,,,,,,1754331909.391899,1754331909.394003,1754331909.394009,9.05,SUCCESS
2025-08-04 23:55:17,cloudflare.com,193,1754331912.602633,1754331912.602908,1754331912.606837,1754331912.607057,,1754331912.607731,,,,,,1754331912.607760,1754331912.609648,1754331912.609652,7.09,SUCCESS
2025-08-05 00:09:26,cloudflare.com,194,1754331915.816661,1754331915.816966,1754331915.820754,1754331915.820961,,1754331915.821482,,,,,,1754331915.821510,1754331915.823289,1754331915.823292,6.70,SUCCESS
2025-08-05 00:09:27,cloudflare.com,195,1754332759.350219,1754332759.350390,1754332759.355798,1754332759.356018,,1754332759.807255,,,,,,1754332759.807297,1754332759.809472,1754332759.809479,459.34,SUCCESS
2025-08-05 00:09:27,cloudflare.com,196,1754332763.023814,1754332763.024152,1754332763.035017,1754332763.035274,,1754332763.035874,,,,,,1754332763.035927,1754332763.038858,1754332763.038863,15.16,SUCCESS
2025-08-05 00:09:36,cloudflare.com,197,1754332766.254306,1754332766.254755,1754332766.260420,1754332766.260652,,1754332766.261225,,,,,,1754332766.261270,1754332766.263763,1754332766.263767,9.56,SUCCESS
2025-08-05 00:09:36,cloudflare.com,198,1754332769.478462,1754332769.478615,1754332769.484707,1754332769.484989,,1754332769.485556,,,,,,1754332769.485599,1754332769.488130,1754332769.488137,9.77,SUCCESS
2025-08-05 00:09:37,cloudflare.com,199,1754332772.706819,1754332772.707006,1754332772.713240,1754332772.713471,,1754332772.713964,,,,,,1754332772.713994,1754332772.715969,1754332772.715973,9.24,SUCCESS
=== RR MONITORING SUMMARY ===
Total requests processed: 199
Successful requests: 199
Custom domain requests (roydns.xyz): 50
Global domain requests: 149
Monitoring ended at: Tue Aug  5 12:09:43 AM IST 2025
